ARM GAS  C:\Users\kotaro\AppData\Local\Temp\ccRlSM1e.s 			page 1


   1              		.cpu cortex-m4
   2              		.eabi_attribute 27, 1
   3              		.eabi_attribute 28, 1
   4              		.eabi_attribute 20, 1
   5              		.eabi_attribute 21, 1
   6              		.eabi_attribute 23, 3
   7              		.eabi_attribute 24, 1
   8              		.eabi_attribute 25, 1
   9              		.eabi_attribute 26, 1
  10              		.eabi_attribute 30, 1
  11              		.eabi_attribute 34, 1
  12              		.eabi_attribute 18, 4
  13              		.file	"global.c"
  14              		.text
  15              	.Ltext0:
  16              		.cfi_sections	.debug_frame
  17              		.comm	adc_counter,2,2
  18              		.comm	ADCOntData,8,4
  19              		.comm	ADCOffData,8,4
  20              		.comm	ADCBuff,8,4
  21              		.comm	sen_r,14,4
  22              		.comm	sen_l,14,4
  23              		.comm	sen_fr,14,4
  24              		.comm	sen_fl,14,4
  25              		.comm	sen_front,14,4
  26              		.comm	y_decrease_T,2,2
  27              		.comm	y_constant_T,2,2
  28              		.comm	y_accel_T,2,2
  29              		.comm	decrease_T,2,2
  30              		.comm	constant_T,2,2
  31              		.comm	accel_T,2,2
  32              		.comm	loger,44000,4
  33              		.comm	motor,8,4
  34              		.comm	yawrate_cnt,2,2
  35              		.comm	straight_cnt,2,2
  36              		.comm	batt_Vcc,4,4
  37              		.comm	batt_analog,2,2
  38              		.comm	count_1m,2,2
  39              		.comm	position,3,4
  40              		.comm	s_accel,4,4
  41              		.comm	calc,16,4
  42              		.comm	enc,44,4
  43              		.comm	gyro,24,4
  44              		.comm	flag,12,4
  45              	.Letext0:
  46              		.file 1 "c:\\program files (x86)\\gnu tools arm embedded\\7 2017-q4-major\\arm-none-eabi\\include\
  47              		.file 2 "c:\\program files (x86)\\gnu tools arm embedded\\7 2017-q4-major\\arm-none-eabi\\include\
  48              		.file 3 "c:\\program files (x86)\\gnu tools arm embedded\\7 2017-q4-major\\arm-none-eabi\\include\
  49              		.file 4 "c:\\program files (x86)\\gnu tools arm embedded\\7 2017-q4-major\\arm-none-eabi\\include\
  50              		.file 5 "c:\\program files (x86)\\gnu tools arm embedded\\7 2017-q4-major\\lib\\gcc\\arm-none-eabi
  51              		.file 6 "c:\\program files (x86)\\gnu tools arm embedded\\7 2017-q4-major\\arm-none-eabi\\include\
  52              		.file 7 "Inc/global.h"
  53              		.file 8 "Src/global.c"
ARM GAS  C:\Users\kotaro\AppData\Local\Temp\ccRlSM1e.s 			page 2


DEFINED SYMBOLS
                            *ABS*:00000000 global.c
                            *COM*:00000002 adc_counter
                            *COM*:00000008 ADCOntData
                            *COM*:00000008 ADCOffData
                            *COM*:00000008 ADCBuff
                            *COM*:0000000e sen_r
                            *COM*:0000000e sen_l
                            *COM*:0000000e sen_fr
                            *COM*:0000000e sen_fl
                            *COM*:0000000e sen_front
                            *COM*:00000002 y_decrease_T
                            *COM*:00000002 y_constant_T
                            *COM*:00000002 y_accel_T
                            *COM*:00000002 decrease_T
                            *COM*:00000002 constant_T
                            *COM*:00000002 accel_T
                            *COM*:0000abe0 loger
                            *COM*:00000008 motor
                            *COM*:00000002 yawrate_cnt
                            *COM*:00000002 straight_cnt
                            *COM*:00000004 batt_Vcc
                            *COM*:00000002 batt_analog
                            *COM*:00000002 count_1m
                            *COM*:00000003 position
                            *COM*:00000004 s_accel
                            *COM*:00000010 calc
                            *COM*:0000002c enc
                            *COM*:00000018 gyro
                            *COM*:0000000c flag

NO UNDEFINED SYMBOLS
