ARM GAS  C:\Users\kotaro\AppData\Local\Temp\ccYfRoNl.s 			page 1


   1              		.cpu cortex-m4
   2              		.eabi_attribute 27, 1
   3              		.eabi_attribute 28, 1
   4              		.eabi_attribute 20, 1
   5              		.eabi_attribute 21, 1
   6              		.eabi_attribute 23, 3
   7              		.eabi_attribute 24, 1
   8              		.eabi_attribute 25, 1
   9              		.eabi_attribute 26, 1
  10              		.eabi_attribute 30, 1
  11              		.eabi_attribute 34, 1
  12              		.eabi_attribute 18, 4
  13              		.file	"maze.c"
  14              		.text
  15              	.Ltext0:
  16              		.cfi_sections	.debug_frame
  17              		.section	.text.Maze_Set,"ax",%progbits
  18              		.align	1
  19              		.global	Maze_Set
  20              		.syntax unified
  21              		.thumb
  22              		.thumb_func
  23              		.fpu fpv4-sp-d16
  25              	Maze_Set:
  26              	.LFB126:
  27              		.file 1 "Src/maze.c"
   1:Src/maze.c    **** #include "maze.h"
   2:Src/maze.c    **** #include "gpio.h"
   3:Src/maze.c    **** #include "global.h"
   4:Src/maze.c    **** 
   5:Src/maze.c    **** 
   6:Src/maze.c    **** /**************variable**********************/
   7:Src/maze.c    **** mazeDef_t mazeDef;
   8:Src/maze.c    **** maze_t maze;
   9:Src/maze.c    **** 
  10:Src/maze.c    **** 
  11:Src/maze.c    **** 
  12:Src/maze.c    **** /**************************************************************************************************
  13:Src/maze.c    ****  * outline : input maze size , goal point
  14:Src/maze.c    ****  * argument : void
  15:Src/maze.c    ****  * return : void
  16:Src/maze.c    **** ***************************************************************************************************
  17:Src/maze.c    **** void Maze_Set(void){
  28              		.loc 1 17 0
  29              		.cfi_startproc
  30              		@ args = 0, pretend = 0, frame = 0
  31              		@ frame_needed = 0, uses_anonymous_args = 0
  32              		@ link register save eliminated.
  18:Src/maze.c    ****     mazeDef.maze_goal_x = 7;
  33              		.loc 1 18 0
  34 0000 024B     		ldr	r3, .L2
  35 0002 0722     		movs	r2, #7
  36 0004 1A70     		strb	r2, [r3]
  19:Src/maze.c    ****     mazeDef.maze_goal_y = 7;
  37              		.loc 1 19 0
  38 0006 5A70     		strb	r2, [r3, #1]
  20:Src/maze.c    **** }
ARM GAS  C:\Users\kotaro\AppData\Local\Temp\ccYfRoNl.s 			page 2


  39              		.loc 1 20 0
  40 0008 7047     		bx	lr
  41              	.L3:
  42 000a 00BF     		.align	2
  43              	.L2:
  44 000c 00000000 		.word	mazeDef
  45              		.cfi_endproc
  46              	.LFE126:
  48              		.section	.text.Init_maze,"ax",%progbits
  49              		.align	1
  50              		.global	Init_maze
  51              		.syntax unified
  52              		.thumb
  53              		.thumb_func
  54              		.fpu fpv4-sp-d16
  56              	Init_maze:
  57              	.LFB127:
  21:Src/maze.c    **** 
  22:Src/maze.c    **** /**************************************************************************************************
  23:Src/maze.c    ****  * outline : initialize maze date
  24:Src/maze.c    ****  * argument : void
  25:Src/maze.c    ****  * return : void
  26:Src/maze.c    **** ***************************************************************************************************
  27:Src/maze.c    **** void Init_maze(void) {
  58              		.loc 1 27 0
  59              		.cfi_startproc
  60              		@ args = 0, pretend = 0, frame = 0
  61              		@ frame_needed = 0, uses_anonymous_args = 0
  62              		@ link register save eliminated.
  63              	.LVL0:
  64              	.LBB2:
  28:Src/maze.c    **** 	//init wall and is_search
  29:Src/maze.c    **** 	for (int i = 0; i <= MAZE_SIZE; i++)
  65              		.loc 1 29 0
  66 0000 0020     		movs	r0, #0
  67 0002 14E0     		b	.L5
  68              	.LVL1:
  69              	.L6:
  70              	.LBB3:
  30:Src/maze.c    **** 	{
  31:Src/maze.c    **** 		for (int j = 0; j <= MAZE_SIZE; j++)
  32:Src/maze.c    **** 		{
  33:Src/maze.c    **** 			maze.wall_east[i][j] = 0;
  71              		.loc 1 33 0 discriminator 3
  72 0004 194B     		ldr	r3, .L12
  73 0006 03EB0013 		add	r3, r3, r0, lsl #4
  74 000a 0B44     		add	r3, r3, r1
  75 000c 0022     		movs	r2, #0
  76 000e 83F80023 		strb	r2, [r3, #768]
  34:Src/maze.c    **** 			maze.wall_north[i][j] = 0;
  77              		.loc 1 34 0 discriminator 3
  78 0012 83F80022 		strb	r2, [r3, #512]
  35:Src/maze.c    **** 			maze.wall_south[i][j] = 0;
  79              		.loc 1 35 0 discriminator 3
  80 0016 83F80024 		strb	r2, [r3, #1024]
  36:Src/maze.c    **** 			maze.wall_west[i][j] = 0;
  81              		.loc 1 36 0 discriminator 3
ARM GAS  C:\Users\kotaro\AppData\Local\Temp\ccYfRoNl.s 			page 3


  82 001a 83F80025 		strb	r2, [r3, #1280]
  37:Src/maze.c    **** 			maze.is_search[i][j] = 0;
  83              		.loc 1 37 0 discriminator 3
  84 001e 83F80026 		strb	r2, [r3, #1536]
  38:Src/maze.c    **** 			maze.goal[i][j] = 0;
  85              		.loc 1 38 0 discriminator 3
  86 0022 83F80021 		strb	r2, [r3, #256]
  31:Src/maze.c    **** 		{
  87              		.loc 1 31 0 discriminator 3
  88 0026 0131     		adds	r1, r1, #1
  89              	.LVL2:
  90              	.L7:
  31:Src/maze.c    **** 		{
  91              		.loc 1 31 0 is_stmt 0 discriminator 1
  92 0028 0F29     		cmp	r1, #15
  93 002a EBDD     		ble	.L6
  94              	.LBE3:
  29:Src/maze.c    **** 	{
  95              		.loc 1 29 0 is_stmt 1 discriminator 2
  96 002c 0130     		adds	r0, r0, #1
  97              	.LVL3:
  98              	.L5:
  29:Src/maze.c    **** 	{
  99              		.loc 1 29 0 is_stmt 0 discriminator 1
 100 002e 0F28     		cmp	r0, #15
 101 0030 01DC     		bgt	.L11
 102              	.LBB4:
  31:Src/maze.c    **** 		{
 103              		.loc 1 31 0 is_stmt 1
 104 0032 0021     		movs	r1, #0
 105 0034 F8E7     		b	.L7
 106              	.L11:
 107              	.LBE4:
 108              	.LBE2:
  39:Src/maze.c    **** 		}
  40:Src/maze.c    **** 	}
  41:Src/maze.c    **** 	//input start wall
  42:Src/maze.c    **** 	maze.wall_east[0][0] = 1;
 109              		.loc 1 42 0
 110 0036 0D4B     		ldr	r3, .L12
 111 0038 0122     		movs	r2, #1
 112 003a 83F80023 		strb	r2, [r3, #768]
  43:Src/maze.c    **** 	maze.wall_west[1][0] = 1;
 113              		.loc 1 43 0
 114 003e 83F81025 		strb	r2, [r3, #1296]
 115              	.LVL4:
 116              	.LBB5:
  44:Src/maze.c    **** 	//input outer
  45:Src/maze.c    **** 	for (int i = 0; i <= MAZE_SIZE; i++)
 117              		.loc 1 45 0
 118 0042 0023     		movs	r3, #0
 119 0044 0FE0     		b	.L8
 120              	.LVL5:
 121              	.L9:
  46:Src/maze.c    **** 	{
  47:Src/maze.c    **** 		maze.wall_east[MAZE_SIZE][i] = 1;
 122              		.loc 1 47 0 discriminator 3
ARM GAS  C:\Users\kotaro\AppData\Local\Temp\ccYfRoNl.s 			page 4


 123 0046 094A     		ldr	r2, .L12
 124 0048 D018     		adds	r0, r2, r3
 125 004a 0121     		movs	r1, #1
 126 004c 80F8F013 		strb	r1, [r0, #1008]
  48:Src/maze.c    **** 		maze.wall_west[0][i] = 1;
 127              		.loc 1 48 0 discriminator 3
 128 0050 80F80015 		strb	r1, [r0, #1280]
  49:Src/maze.c    ****         maze.wall_south[i][0] = 1;
 129              		.loc 1 49 0 discriminator 3
 130 0054 03F14000 		add	r0, r3, #64
 131 0058 0001     		lsls	r0, r0, #4
 132 005a 1154     		strb	r1, [r2, r0]
  50:Src/maze.c    **** 		maze.wall_north[i][MAZE_SIZE] = 1;
 133              		.loc 1 50 0 discriminator 3
 134 005c 02EB0312 		add	r2, r2, r3, lsl #4
 135 0060 82F80F12 		strb	r1, [r2, #527]
  45:Src/maze.c    **** 	{
 136              		.loc 1 45 0 discriminator 3
 137 0064 0B44     		add	r3, r3, r1
 138              	.LVL6:
 139              	.L8:
  45:Src/maze.c    **** 	{
 140              		.loc 1 45 0 is_stmt 0 discriminator 1
 141 0066 0F2B     		cmp	r3, #15
 142 0068 EDDD     		ble	.L9
 143              	.LBE5:
  51:Src/maze.c    **** 	}
  52:Src/maze.c    **** }
 144              		.loc 1 52 0 is_stmt 1
 145 006a 7047     		bx	lr
 146              	.L13:
 147              		.align	2
 148              	.L12:
 149 006c 00000000 		.word	maze
 150              		.cfi_endproc
 151              	.LFE127:
 153              		.section	.text.MAZE_Create_Step,"ax",%progbits
 154              		.align	1
 155              		.global	MAZE_Create_Step
 156              		.syntax unified
 157              		.thumb
 158              		.thumb_func
 159              		.fpu fpv4-sp-d16
 161              	MAZE_Create_Step:
 162              	.LFB128:
  53:Src/maze.c    **** 
  54:Src/maze.c    **** 
  55:Src/maze.c    **** /**************************************************************************************************
  56:Src/maze.c    ****  * outline : create map
  57:Src/maze.c    ****  * argument : void
  58:Src/maze.c    ****  * return : void
  59:Src/maze.c    **** ***************************************************************************************************
  60:Src/maze.c    **** void MAZE_Create_Step( void ){
 163              		.loc 1 60 0
 164              		.cfi_startproc
 165              		@ args = 0, pretend = 0, frame = 8
 166              		@ frame_needed = 0, uses_anonymous_args = 0
ARM GAS  C:\Users\kotaro\AppData\Local\Temp\ccYfRoNl.s 			page 5


 167              		@ link register save eliminated.
 168 0000 70B4     		push	{r4, r5, r6}
 169              	.LCFI0:
 170              		.cfi_def_cfa_offset 12
 171              		.cfi_offset 4, -12
 172              		.cfi_offset 5, -8
 173              		.cfi_offset 6, -4
 174 0002 83B0     		sub	sp, sp, #12
 175              	.LCFI1:
 176              		.cfi_def_cfa_offset 24
 177              	.LVL7:
 178              	.LBB6:
  61:Src/maze.c    **** 	/* <概要>   : 歩数マップ作成
  62:Src/maze.c    **** 	 * <引数>   : 走行の状態( 探索,最短 )
  63:Src/maze.c    **** 	 * <戻り値> : なし
  64:Src/maze.c    **** 	 */
  65:Src/maze.c    **** 	// 初期化
  66:Src/maze.c    **** 	for( int i = 0; i <= MAZE_SIZE; i++ ){
 179              		.loc 1 66 0
 180 0004 0021     		movs	r1, #0
 181 0006 16E0     		b	.L15
 182              	.LVL8:
 183              	.L16:
 184              	.LBB7:
  67:Src/maze.c    **** 		for( int j = 0; j <= MAZE_SIZE; j++ ){
  68:Src/maze.c    **** 			if( i == mazeDef.maze_goal_x && j == mazeDef.maze_goal_y ){
  69:Src/maze.c    **** 				maze.step[i][j] = 0;
  70:Src/maze.c    **** 			}
  71:Src/maze.c    **** 			else{
  72:Src/maze.c    **** 				maze.step[i][j] = MAX_STEP;
 185              		.loc 1 72 0
 186 0008 544A     		ldr	r2, .L42
 187 000a 02EB0112 		add	r2, r2, r1, lsl #4
 188 000e FE20     		movs	r0, #254
 189 0010 D054     		strb	r0, [r2, r3]
 190              	.L17:
  67:Src/maze.c    **** 		for( int j = 0; j <= MAZE_SIZE; j++ ){
 191              		.loc 1 67 0 discriminator 2
 192 0012 0133     		adds	r3, r3, #1
 193              	.LVL9:
 194              	.L19:
  67:Src/maze.c    **** 		for( int j = 0; j <= MAZE_SIZE; j++ ){
 195              		.loc 1 67 0 is_stmt 0 discriminator 1
 196 0014 0F2B     		cmp	r3, #15
 197 0016 0DDC     		bgt	.L33
  68:Src/maze.c    **** 				maze.step[i][j] = 0;
 198              		.loc 1 68 0 is_stmt 1
 199 0018 514A     		ldr	r2, .L42+4
 200 001a 1278     		ldrb	r2, [r2]	@ zero_extendqisi2
 201 001c 8A42     		cmp	r2, r1
 202 001e F3D1     		bne	.L16
  68:Src/maze.c    **** 				maze.step[i][j] = 0;
 203              		.loc 1 68 0 is_stmt 0 discriminator 1
 204 0020 4F4A     		ldr	r2, .L42+4
 205 0022 5278     		ldrb	r2, [r2, #1]	@ zero_extendqisi2
 206 0024 9A42     		cmp	r2, r3
 207 0026 EFD1     		bne	.L16
ARM GAS  C:\Users\kotaro\AppData\Local\Temp\ccYfRoNl.s 			page 6


  69:Src/maze.c    **** 			}
 208              		.loc 1 69 0 is_stmt 1
 209 0028 4C4A     		ldr	r2, .L42
 210 002a 02EB0112 		add	r2, r2, r1, lsl #4
 211 002e 0020     		movs	r0, #0
 212 0030 D054     		strb	r0, [r2, r3]
 213 0032 EEE7     		b	.L17
 214              	.L33:
 215              	.LBE7:
  66:Src/maze.c    **** 		for( int j = 0; j <= MAZE_SIZE; j++ ){
 216              		.loc 1 66 0 discriminator 2
 217 0034 0131     		adds	r1, r1, #1
 218              	.LVL10:
 219              	.L15:
  66:Src/maze.c    **** 		for( int j = 0; j <= MAZE_SIZE; j++ ){
 220              		.loc 1 66 0 is_stmt 0 discriminator 1
 221 0036 0F29     		cmp	r1, #15
 222 0038 01DC     		bgt	.L34
 223              	.LBB8:
  67:Src/maze.c    **** 			if( i == mazeDef.maze_goal_x && j == mazeDef.maze_goal_y ){
 224              		.loc 1 67 0 is_stmt 1
 225 003a 0023     		movs	r3, #0
 226 003c EAE7     		b	.L19
 227              	.L34:
 228              	.LBE8:
 229              	.LBE6:
  73:Src/maze.c    **** 			}
  74:Src/maze.c    **** 		}
  75:Src/maze.c    **** 	}
  76:Src/maze.c    **** 
  77:Src/maze.c    **** 	volatile uint8_t end_flag = true;	// 終了フラグ
 230              		.loc 1 77 0
 231 003e 0123     		movs	r3, #1
 232 0040 8DF80730 		strb	r3, [sp, #7]
 233              	.LVL11:
  78:Src/maze.c    **** 	uint8_t stepNum = 0;		// 設定中の歩数
 234              		.loc 1 78 0
 235 0044 0025     		movs	r5, #0
  79:Src/maze.c    **** 	// 探索
  80:Src/maze.c    **** 	
  81:Src/maze.c    **** 	while( end_flag == true ){
 236              		.loc 1 81 0
 237 0046 79E0     		b	.L20
 238              	.LVL12:
 239              	.L38:
 240              	.LBB9:
 241              	.LBB10:
  82:Src/maze.c    **** 		end_flag = false;
  83:Src/maze.c    **** 		uint8_t i=0;
  84:Src/maze.c    **** 		for( i = 0; i <= MAZE_SIZE; i++ ){
  85:Src/maze.c    **** 			uint8_t j=0;
  86:Src/maze.c    **** 			for( j = 0; j <= MAZE_SIZE; j++ ){
  87:Src/maze.c    **** 				if( maze.step[i][j] == MAX_STEP ){
  88:Src/maze.c    **** 					if( j < MAZE_SIZE){	//北壁
  89:Src/maze.c    **** 						if( (maze.wall_north[i][j] == false)&&(maze.step[i][j+1] == stepNum) ){
  90:Src/maze.c    **** 							maze.step[i][j] = stepNum + 1;
 242              		.loc 1 90 0
ARM GAS  C:\Users\kotaro\AppData\Local\Temp\ccYfRoNl.s 			page 7


 243 0048 6E1C     		adds	r6, r5, #1
 244 004a 444A     		ldr	r2, .L42
 245 004c 02EB0412 		add	r2, r2, r4, lsl #4
 246 0050 D654     		strb	r6, [r2, r3]
  91:Src/maze.c    **** 							end_flag = true;
 247              		.loc 1 91 0
 248 0052 0122     		movs	r2, #1
 249 0054 8DF80720 		strb	r2, [sp, #7]
 250 0058 39E0     		b	.L23
 251              	.L24:
  92:Src/maze.c    **** 						}
  93:Src/maze.c    **** 					}
  94:Src/maze.c    **** 					if( i < MAZE_SIZE){	//東壁
  95:Src/maze.c    **** 						if( (maze.wall_east[i][j] == false)&&(maze.step[i+1][j] == stepNum) ){
  96:Src/maze.c    **** 							maze.step[i][j] = stepNum + 1;
  97:Src/maze.c    **** 							end_flag = true;
  98:Src/maze.c    **** 						}
  99:Src/maze.c    **** 					}
 100:Src/maze.c    **** 					if( j > 0 ) {					//南壁
 252              		.loc 1 100 0
 253 005a 6BB1     		cbz	r3, .L25
 101:Src/maze.c    **** 						if( (maze.wall_south[i][j] == false)&&(maze.step[i][j-1] == stepNum) ){
 254              		.loc 1 101 0
 255 005c 3F4A     		ldr	r2, .L42
 256 005e 02EB0012 		add	r2, r2, r0, lsl #4
 257 0062 0A44     		add	r2, r2, r1
 258 0064 92F80024 		ldrb	r2, [r2, #1024]	@ zero_extendqisi2
 259 0068 32B9     		cbnz	r2, .L25
 260              		.loc 1 101 0 is_stmt 0 discriminator 1
 261 006a 4A1E     		subs	r2, r1, #1
 262 006c 3B4E     		ldr	r6, .L42
 263 006e 06EB0016 		add	r6, r6, r0, lsl #4
 264 0072 B25C     		ldrb	r2, [r6, r2]	@ zero_extendqisi2
 265 0074 AA42     		cmp	r2, r5
 266 0076 44D0     		beq	.L35
 267              	.L25:
 102:Src/maze.c    **** 							maze.step[i][j] = stepNum + 1;
 103:Src/maze.c    **** 							end_flag = true;
 104:Src/maze.c    **** 						}
 105:Src/maze.c    **** 					}
 106:Src/maze.c    **** 					if( i > 0 ){					//西壁
 268              		.loc 1 106 0 is_stmt 1
 269 0078 6CB1     		cbz	r4, .L22
 107:Src/maze.c    **** 						if( (maze.wall_west[i][j] == false)&&(maze.step[i-1][j] == stepNum) ){
 270              		.loc 1 107 0
 271 007a 384A     		ldr	r2, .L42
 272 007c 02EB0012 		add	r2, r2, r0, lsl #4
 273 0080 0A44     		add	r2, r2, r1
 274 0082 92F80025 		ldrb	r2, [r2, #1280]	@ zero_extendqisi2
 275 0086 32B9     		cbnz	r2, .L22
 276              		.loc 1 107 0 is_stmt 0 discriminator 1
 277 0088 421E     		subs	r2, r0, #1
 278 008a 344E     		ldr	r6, .L42
 279 008c 06EB0212 		add	r2, r6, r2, lsl #4
 280 0090 525C     		ldrb	r2, [r2, r1]	@ zero_extendqisi2
 281 0092 AA42     		cmp	r2, r5
 282 0094 3ED0     		beq	.L36
ARM GAS  C:\Users\kotaro\AppData\Local\Temp\ccYfRoNl.s 			page 8


 283              	.L22:
  86:Src/maze.c    **** 				if( maze.step[i][j] == MAX_STEP ){
 284              		.loc 1 86 0 is_stmt 1 discriminator 2
 285 0096 0133     		adds	r3, r3, #1
 286              	.LVL13:
 287 0098 DBB2     		uxtb	r3, r3
 288              	.LVL14:
 289              	.L27:
  86:Src/maze.c    **** 				if( maze.step[i][j] == MAX_STEP ){
 290              		.loc 1 86 0 is_stmt 0 discriminator 1
 291 009a 0F2B     		cmp	r3, #15
 292 009c 43D8     		bhi	.L37
  87:Src/maze.c    **** 					if( j < MAZE_SIZE){	//北壁
 293              		.loc 1 87 0 is_stmt 1
 294 009e 2046     		mov	r0, r4
 295 00a0 1946     		mov	r1, r3
 296 00a2 2E4A     		ldr	r2, .L42
 297 00a4 02EB0412 		add	r2, r2, r4, lsl #4
 298 00a8 D25C     		ldrb	r2, [r2, r3]	@ zero_extendqisi2
 299 00aa FE2A     		cmp	r2, #254
 300 00ac F3D1     		bne	.L22
  88:Src/maze.c    **** 						if( (maze.wall_north[i][j] == false)&&(maze.step[i][j+1] == stepNum) ){
 301              		.loc 1 88 0
 302 00ae 0E2B     		cmp	r3, #14
 303 00b0 0DD8     		bhi	.L23
  89:Src/maze.c    **** 							maze.step[i][j] = stepNum + 1;
 304              		.loc 1 89 0
 305 00b2 2A4A     		ldr	r2, .L42
 306 00b4 02EB0412 		add	r2, r2, r4, lsl #4
 307 00b8 1A44     		add	r2, r2, r3
 308 00ba 92F80022 		ldrb	r2, [r2, #512]	@ zero_extendqisi2
 309 00be 32B9     		cbnz	r2, .L23
  89:Src/maze.c    **** 							maze.step[i][j] = stepNum + 1;
 310              		.loc 1 89 0 is_stmt 0 discriminator 1
 311 00c0 5A1C     		adds	r2, r3, #1
 312 00c2 264E     		ldr	r6, .L42
 313 00c4 06EB0416 		add	r6, r6, r4, lsl #4
 314 00c8 B25C     		ldrb	r2, [r6, r2]	@ zero_extendqisi2
 315 00ca AA42     		cmp	r2, r5
 316 00cc BCD0     		beq	.L38
 317              	.L23:
  94:Src/maze.c    **** 						if( (maze.wall_east[i][j] == false)&&(maze.step[i+1][j] == stepNum) ){
 318              		.loc 1 94 0 is_stmt 1
 319 00ce 0E2C     		cmp	r4, #14
 320 00d0 C3D8     		bhi	.L24
  95:Src/maze.c    **** 							maze.step[i][j] = stepNum + 1;
 321              		.loc 1 95 0
 322 00d2 224A     		ldr	r2, .L42
 323 00d4 02EB0012 		add	r2, r2, r0, lsl #4
 324 00d8 0A44     		add	r2, r2, r1
 325 00da 92F80023 		ldrb	r2, [r2, #768]	@ zero_extendqisi2
 326 00de 002A     		cmp	r2, #0
 327 00e0 BBD1     		bne	.L24
  95:Src/maze.c    **** 							maze.step[i][j] = stepNum + 1;
 328              		.loc 1 95 0 is_stmt 0 discriminator 1
 329 00e2 421C     		adds	r2, r0, #1
 330 00e4 1D4E     		ldr	r6, .L42
ARM GAS  C:\Users\kotaro\AppData\Local\Temp\ccYfRoNl.s 			page 9


 331 00e6 06EB0212 		add	r2, r6, r2, lsl #4
 332 00ea 525C     		ldrb	r2, [r2, r1]	@ zero_extendqisi2
 333 00ec AA42     		cmp	r2, r5
 334 00ee B4D1     		bne	.L24
  96:Src/maze.c    **** 							end_flag = true;
 335              		.loc 1 96 0 is_stmt 1
 336 00f0 6E1C     		adds	r6, r5, #1
 337 00f2 1A4A     		ldr	r2, .L42
 338 00f4 02EB0012 		add	r2, r2, r0, lsl #4
 339 00f8 5654     		strb	r6, [r2, r1]
  97:Src/maze.c    **** 						}
 340              		.loc 1 97 0
 341 00fa 0122     		movs	r2, #1
 342 00fc 8DF80720 		strb	r2, [sp, #7]
 343 0100 ABE7     		b	.L24
 344              	.L35:
 102:Src/maze.c    **** 							end_flag = true;
 345              		.loc 1 102 0
 346 0102 6E1C     		adds	r6, r5, #1
 347 0104 154A     		ldr	r2, .L42
 348 0106 02EB0012 		add	r2, r2, r0, lsl #4
 349 010a 5654     		strb	r6, [r2, r1]
 103:Src/maze.c    **** 						}
 350              		.loc 1 103 0
 351 010c 0122     		movs	r2, #1
 352 010e 8DF80720 		strb	r2, [sp, #7]
 353 0112 B1E7     		b	.L25
 354              	.L36:
 108:Src/maze.c    **** 							maze.step[i][j] = stepNum + 1;
 355              		.loc 1 108 0
 356 0114 6E1C     		adds	r6, r5, #1
 357 0116 114A     		ldr	r2, .L42
 358 0118 02EB0010 		add	r0, r2, r0, lsl #4
 359 011c 4654     		strb	r6, [r0, r1]
 109:Src/maze.c    **** 							end_flag = true;
 360              		.loc 1 109 0
 361 011e 0122     		movs	r2, #1
 362 0120 8DF80720 		strb	r2, [sp, #7]
 363 0124 B7E7     		b	.L22
 364              	.L37:
 365              	.LBE10:
  84:Src/maze.c    **** 			uint8_t j=0;
 366              		.loc 1 84 0 discriminator 2
 367 0126 0134     		adds	r4, r4, #1
 368              	.LVL15:
 369 0128 E4B2     		uxtb	r4, r4
 370              	.LVL16:
 371              	.L21:
  84:Src/maze.c    **** 			uint8_t j=0;
 372              		.loc 1 84 0 is_stmt 0 discriminator 1
 373 012a 0F2C     		cmp	r4, #15
 374 012c 01D8     		bhi	.L39
 375              	.LBB11:
  86:Src/maze.c    **** 				if( maze.step[i][j] == MAX_STEP ){
 376              		.loc 1 86 0 is_stmt 1
 377 012e 0023     		movs	r3, #0
 378 0130 B3E7     		b	.L27
ARM GAS  C:\Users\kotaro\AppData\Local\Temp\ccYfRoNl.s 			page 10


 379              	.L39:
 380              	.LBE11:
 110:Src/maze.c    **** 						}
 111:Src/maze.c    **** 					}
 112:Src/maze.c    **** 				}
 113:Src/maze.c    **** 			}
 114:Src/maze.c    **** 		}
 115:Src/maze.c    **** 		if (end_flag == true) {
 381              		.loc 1 115 0
 382 0132 9DF80730 		ldrb	r3, [sp, #7]	@ zero_extendqisi2
 383 0136 DBB2     		uxtb	r3, r3
 384 0138 012B     		cmp	r3, #1
 385 013a 08D0     		beq	.L40
 386              	.LVL17:
 387              	.L20:
 388              	.LBE9:
  81:Src/maze.c    **** 		end_flag = false;
 389              		.loc 1 81 0
 390 013c 9DF80730 		ldrb	r3, [sp, #7]	@ zero_extendqisi2
 391 0140 DBB2     		uxtb	r3, r3
 392 0142 012B     		cmp	r3, #1
 393 0144 06D1     		bne	.L41
 394              	.LBB12:
  82:Src/maze.c    **** 		uint8_t i=0;
 395              		.loc 1 82 0
 396 0146 0024     		movs	r4, #0
 397 0148 8DF80740 		strb	r4, [sp, #7]
 398              	.LVL18:
  84:Src/maze.c    **** 			uint8_t j=0;
 399              		.loc 1 84 0
 400 014c EDE7     		b	.L21
 401              	.LVL19:
 402              	.L40:
 116:Src/maze.c    **** 			stepNum++;
 403              		.loc 1 116 0
 404 014e 0135     		adds	r5, r5, #1
 405              	.LVL20:
 406 0150 EDB2     		uxtb	r5, r5
 407              	.LVL21:
 408 0152 F3E7     		b	.L20
 409              	.LVL22:
 410              	.L41:
 411              	.LBE12:
 117:Src/maze.c    **** 		}
 118:Src/maze.c    **** 	}
 119:Src/maze.c    **** 	
 120:Src/maze.c    **** }
 412              		.loc 1 120 0
 413 0154 03B0     		add	sp, sp, #12
 414              	.LCFI2:
 415              		.cfi_def_cfa_offset 12
 416              		@ sp needed
 417 0156 70BC     		pop	{r4, r5, r6}
 418              	.LCFI3:
 419              		.cfi_restore 6
 420              		.cfi_restore 5
 421              		.cfi_restore 4
ARM GAS  C:\Users\kotaro\AppData\Local\Temp\ccYfRoNl.s 			page 11


 422              		.cfi_def_cfa_offset 0
 423              	.LVL23:
 424 0158 7047     		bx	lr
 425              	.L43:
 426 015a 00BF     		.align	2
 427              	.L42:
 428 015c 00000000 		.word	maze
 429 0160 00000000 		.word	mazeDef
 430              		.cfi_endproc
 431              	.LFE128:
 433              		.section	.text.Maze_Get_Wall,"ax",%progbits
 434              		.align	1
 435              		.global	Maze_Get_Wall
 436              		.syntax unified
 437              		.thumb
 438              		.thumb_func
 439              		.fpu fpv4-sp-d16
 441              	Maze_Get_Wall:
 442              	.LFB129:
 121:Src/maze.c    **** 
 122:Src/maze.c    **** void Maze_Get_Wall( int8_t x, int8_t y){
 443              		.loc 1 122 0
 444              		.cfi_startproc
 445              		@ args = 0, pretend = 0, frame = 0
 446              		@ frame_needed = 0, uses_anonymous_args = 0
 447              		@ link register save eliminated.
 448              	.LVL24:
 449 0000 F0B4     		push	{r4, r5, r6, r7}
 450              	.LCFI4:
 451              		.cfi_def_cfa_offset 16
 452              		.cfi_offset 4, -16
 453              		.cfi_offset 5, -12
 454              		.cfi_offset 6, -8
 455              		.cfi_offset 7, -4
 456              	.LVL25:
 123:Src/maze.c    **** 	int n_wall=0, e_wall=0, s_wall=0, w_wall=0;
 124:Src/maze.c    **** 
 125:Src/maze.c    **** 	if(sen_front.is_wall==false){
 457              		.loc 1 125 0
 458 0002 374B     		ldr	r3, .L59
 459 0004 1A7B     		ldrb	r2, [r3, #12]	@ zero_extendqisi2
 460 0006 8AB9     		cbnz	r2, .L45
 126:Src/maze.c    ****     	flag.kabeate=false;
 461              		.loc 1 126 0
 462 0008 364B     		ldr	r3, .L59+4
 463 000a 0024     		movs	r4, #0
 464 000c DC72     		strb	r4, [r3, #11]
 465              	.L46:
 127:Src/maze.c    ****     }else{
 128:Src/maze.c    ****         flag.kabeate=true;
 129:Src/maze.c    ****     }
 130:Src/maze.c    **** 	// 探索済みに設定
 131:Src/maze.c    **** 	maze.is_search[x][y] = true;
 466              		.loc 1 131 0
 467 000e 364B     		ldr	r3, .L59+8
 468 0010 03EB0013 		add	r3, r3, r0, lsl #4
 469 0014 0B44     		add	r3, r3, r1
ARM GAS  C:\Users\kotaro\AppData\Local\Temp\ccYfRoNl.s 			page 12


 470 0016 0124     		movs	r4, #1
 471 0018 83F80046 		strb	r4, [r3, #1536]
 132:Src/maze.c    **** 	// 方向別に壁の状態を取得
 133:Src/maze.c    **** 	switch( position.dir ){
 472              		.loc 1 133 0
 473 001c 334B     		ldr	r3, .L59+12
 474 001e 9B78     		ldrb	r3, [r3, #2]	@ zero_extendqisi2
 475 0020 032B     		cmp	r3, #3
 476 0022 57D8     		bhi	.L57
 477 0024 DFE803F0 		tbb	[pc, r3]
 478              	.L49:
 479 0028 06       		.byte	(.L48-.L49)/2
 480 0029 42       		.byte	(.L50-.L49)/2
 481 002a 48       		.byte	(.L51-.L49)/2
 482 002b 4F       		.byte	(.L52-.L49)/2
 483              		.p2align 1
 484              	.L45:
 128:Src/maze.c    ****     }
 485              		.loc 1 128 0
 486 002c 2D4B     		ldr	r3, .L59+4
 487 002e 0124     		movs	r4, #1
 488 0030 DC72     		strb	r4, [r3, #11]
 489 0032 ECE7     		b	.L46
 490              	.L48:
 134:Src/maze.c    **** 	case NORTH:
 135:Src/maze.c    **** 		n_wall = sen_front.is_wall;
 491              		.loc 1 135 0
 492 0034 1746     		mov	r7, r2
 493              	.LVL26:
 136:Src/maze.c    **** 		e_wall = sen_r.is_wall;
 494              		.loc 1 136 0
 495 0036 2E4B     		ldr	r3, .L59+16
 496 0038 1A7B     		ldrb	r2, [r3, #12]	@ zero_extendqisi2
 497              	.LVL27:
 137:Src/maze.c    **** 		w_wall = sen_l.is_wall;
 498              		.loc 1 137 0
 499 003a 2E4B     		ldr	r3, .L59+20
 500 003c 1D7B     		ldrb	r5, [r3, #12]	@ zero_extendqisi2
 501              	.LVL28:
 138:Src/maze.c    **** 		s_wall = 0;
 502              		.loc 1 138 0
 503 003e 0024     		movs	r4, #0
 504              	.LVL29:
 505              	.L47:
 139:Src/maze.c    **** 		break;
 140:Src/maze.c    **** 	case EAST:
 141:Src/maze.c    **** 		e_wall = sen_front.is_wall;
 142:Src/maze.c    **** 		s_wall = sen_r.is_wall;
 143:Src/maze.c    **** 		n_wall = sen_l.is_wall;
 144:Src/maze.c    **** 		w_wall = 0;
 145:Src/maze.c    **** 		break;
 146:Src/maze.c    **** 	case SOUTH:
 147:Src/maze.c    **** 		s_wall = sen_front.is_wall;
 148:Src/maze.c    **** 		w_wall = sen_r.is_wall;
 149:Src/maze.c    **** 		e_wall = sen_l.is_wall;
 150:Src/maze.c    **** 		n_wall = 0;
 151:Src/maze.c    **** 		break;
ARM GAS  C:\Users\kotaro\AppData\Local\Temp\ccYfRoNl.s 			page 13


 152:Src/maze.c    **** 	case WEST:
 153:Src/maze.c    **** 		w_wall = sen_front.is_wall;
 154:Src/maze.c    **** 		n_wall = sen_r.is_wall;
 155:Src/maze.c    **** 		s_wall = sen_l.is_wall;
 156:Src/maze.c    **** 		e_wall = 0;
 157:Src/maze.c    **** 		break;
 158:Src/maze.c    **** 	default:
 159:Src/maze.c    **** 		break;
 160:Src/maze.c    **** 	}
 161:Src/maze.c    **** 	// 方向別に保存
 162:Src/maze.c    **** 	maze.wall_north[x][y] = n_wall;
 506              		.loc 1 162 0
 507 0040 FFB2     		uxtb	r7, r7
 508              	.LVL30:
 509 0042 294B     		ldr	r3, .L59+8
 510 0044 03EB0013 		add	r3, r3, r0, lsl #4
 511 0048 0B44     		add	r3, r3, r1
 512 004a 83F80072 		strb	r7, [r3, #512]
 163:Src/maze.c    **** 	maze.wall_east[x][y] = e_wall;
 513              		.loc 1 163 0
 514 004e D6B2     		uxtb	r6, r2
 515 0050 83F80063 		strb	r6, [r3, #768]
 164:Src/maze.c    **** 	maze.wall_south[x][y] = s_wall;
 516              		.loc 1 164 0
 517 0054 E4B2     		uxtb	r4, r4
 518              	.LVL31:
 519 0056 83F80044 		strb	r4, [r3, #1024]
 165:Src/maze.c    **** 	maze.wall_west[x][y] = w_wall;
 520              		.loc 1 165 0
 521 005a EDB2     		uxtb	r5, r5
 522              	.LVL32:
 523 005c 83F80055 		strb	r5, [r3, #1280]
 166:Src/maze.c    **** 	// 隣り合う壁の情報を保存
 167:Src/maze.c    **** 	if( y < MAZE_SIZE-1 ){
 524              		.loc 1 167 0
 525 0060 0D29     		cmp	r1, #13
 526 0062 06DC     		bgt	.L53
 168:Src/maze.c    **** 		maze.wall_south[x][y+1] = n_wall;
 527              		.loc 1 168 0
 528 0064 4B1C     		adds	r3, r1, #1
 529 0066 204A     		ldr	r2, .L59+8
 530              	.LVL33:
 531 0068 02EB0012 		add	r2, r2, r0, lsl #4
 532 006c 1344     		add	r3, r3, r2
 533 006e 83F80074 		strb	r7, [r3, #1024]
 534              	.L53:
 169:Src/maze.c    **** 	}
 170:Src/maze.c    **** 	if( x < MAZE_SIZE-1){
 535              		.loc 1 170 0
 536 0072 0D28     		cmp	r0, #13
 537 0074 06DC     		bgt	.L54
 171:Src/maze.c    **** 		maze.wall_west[x+1][y] = e_wall;
 538              		.loc 1 171 0
 539 0076 431C     		adds	r3, r0, #1
 540 0078 1B4A     		ldr	r2, .L59+8
 541 007a 02EB0313 		add	r3, r2, r3, lsl #4
 542 007e 0B44     		add	r3, r3, r1
ARM GAS  C:\Users\kotaro\AppData\Local\Temp\ccYfRoNl.s 			page 14


 543 0080 83F80065 		strb	r6, [r3, #1280]
 544              	.L54:
 172:Src/maze.c    **** 	}
 173:Src/maze.c    **** 	if(y > 0){
 545              		.loc 1 173 0
 546 0084 0029     		cmp	r1, #0
 547 0086 06DD     		ble	.L55
 174:Src/maze.c    **** 		maze.wall_north[x][y-1] = s_wall;
 548              		.loc 1 174 0
 549 0088 4B1E     		subs	r3, r1, #1
 550 008a 174A     		ldr	r2, .L59+8
 551 008c 02EB0012 		add	r2, r2, r0, lsl #4
 552 0090 1344     		add	r3, r3, r2
 553 0092 83F80042 		strb	r4, [r3, #512]
 554              	.L55:
 175:Src/maze.c    **** 	}
 176:Src/maze.c    **** 	if(x > 0){
 555              		.loc 1 176 0
 556 0096 0028     		cmp	r0, #0
 557 0098 06DD     		ble	.L44
 177:Src/maze.c    **** 		maze.wall_east[x-1][y] = w_wall;
 558              		.loc 1 177 0
 559 009a 0138     		subs	r0, r0, #1
 560              	.LVL34:
 561 009c 124B     		ldr	r3, .L59+8
 562 009e 03EB0010 		add	r0, r3, r0, lsl #4
 563 00a2 0144     		add	r1, r1, r0
 564              	.LVL35:
 565 00a4 81F80053 		strb	r5, [r1, #768]
 566              	.L44:
 178:Src/maze.c    **** 	}
 179:Src/maze.c    **** }
 567              		.loc 1 179 0
 568 00a8 F0BC     		pop	{r4, r5, r6, r7}
 569              	.LCFI5:
 570              		.cfi_remember_state
 571              		.cfi_restore 7
 572              		.cfi_restore 6
 573              		.cfi_restore 5
 574              		.cfi_restore 4
 575              		.cfi_def_cfa_offset 0
 576 00aa 7047     		bx	lr
 577              	.LVL36:
 578              	.L50:
 579              	.LCFI6:
 580              		.cfi_restore_state
 142:Src/maze.c    **** 		n_wall = sen_l.is_wall;
 581              		.loc 1 142 0
 582 00ac 104B     		ldr	r3, .L59+16
 583 00ae 1C7B     		ldrb	r4, [r3, #12]	@ zero_extendqisi2
 584              	.LVL37:
 143:Src/maze.c    **** 		w_wall = 0;
 585              		.loc 1 143 0
 586 00b0 104B     		ldr	r3, .L59+20
 587 00b2 1F7B     		ldrb	r7, [r3, #12]	@ zero_extendqisi2
 588              	.LVL38:
 144:Src/maze.c    **** 		break;
ARM GAS  C:\Users\kotaro\AppData\Local\Temp\ccYfRoNl.s 			page 15


 589              		.loc 1 144 0
 590 00b4 0025     		movs	r5, #0
 145:Src/maze.c    **** 	case SOUTH:
 591              		.loc 1 145 0
 592 00b6 C3E7     		b	.L47
 593              	.LVL39:
 594              	.L51:
 147:Src/maze.c    **** 		w_wall = sen_r.is_wall;
 595              		.loc 1 147 0
 596 00b8 1446     		mov	r4, r2
 597              	.LVL40:
 148:Src/maze.c    **** 		e_wall = sen_l.is_wall;
 598              		.loc 1 148 0
 599 00ba 0D4B     		ldr	r3, .L59+16
 600 00bc 1D7B     		ldrb	r5, [r3, #12]	@ zero_extendqisi2
 601              	.LVL41:
 149:Src/maze.c    **** 		n_wall = 0;
 602              		.loc 1 149 0
 603 00be 0D4B     		ldr	r3, .L59+20
 604 00c0 1A7B     		ldrb	r2, [r3, #12]	@ zero_extendqisi2
 605              	.LVL42:
 150:Src/maze.c    **** 		break;
 606              		.loc 1 150 0
 607 00c2 0027     		movs	r7, #0
 151:Src/maze.c    **** 	case WEST:
 608              		.loc 1 151 0
 609 00c4 BCE7     		b	.L47
 610              	.LVL43:
 611              	.L52:
 153:Src/maze.c    **** 		n_wall = sen_r.is_wall;
 612              		.loc 1 153 0
 613 00c6 1546     		mov	r5, r2
 614              	.LVL44:
 154:Src/maze.c    **** 		s_wall = sen_l.is_wall;
 615              		.loc 1 154 0
 616 00c8 094B     		ldr	r3, .L59+16
 617 00ca 1F7B     		ldrb	r7, [r3, #12]	@ zero_extendqisi2
 618              	.LVL45:
 155:Src/maze.c    **** 		e_wall = 0;
 619              		.loc 1 155 0
 620 00cc 094B     		ldr	r3, .L59+20
 621 00ce 1C7B     		ldrb	r4, [r3, #12]	@ zero_extendqisi2
 622              	.LVL46:
 156:Src/maze.c    **** 		break;
 623              		.loc 1 156 0
 624 00d0 0022     		movs	r2, #0
 157:Src/maze.c    **** 	default:
 625              		.loc 1 157 0
 626 00d2 B5E7     		b	.L47
 627              	.LVL47:
 628              	.L57:
 123:Src/maze.c    **** 
 629              		.loc 1 123 0
 630 00d4 0025     		movs	r5, #0
 631 00d6 2C46     		mov	r4, r5
 632 00d8 2A46     		mov	r2, r5
 633 00da 2F46     		mov	r7, r5
ARM GAS  C:\Users\kotaro\AppData\Local\Temp\ccYfRoNl.s 			page 16


 634 00dc B0E7     		b	.L47
 635              	.L60:
 636 00de 00BF     		.align	2
 637              	.L59:
 638 00e0 00000000 		.word	sen_front
 639 00e4 00000000 		.word	flag
 640 00e8 00000000 		.word	maze
 641 00ec 00000000 		.word	position
 642 00f0 00000000 		.word	sen_r
 643 00f4 00000000 		.word	sen_l
 644              		.cfi_endproc
 645              	.LFE129:
 647              		.section	.text.Update_Position,"ax",%progbits
 648              		.align	1
 649              		.global	Update_Position
 650              		.syntax unified
 651              		.thumb
 652              		.thumb_func
 653              		.fpu fpv4-sp-d16
 655              	Update_Position:
 656              	.LFB130:
 180:Src/maze.c    **** 
 181:Src/maze.c    **** void Update_Position(int8_t next_motion){
 657              		.loc 1 181 0
 658              		.cfi_startproc
 659              		@ args = 0, pretend = 0, frame = 0
 660              		@ frame_needed = 0, uses_anonymous_args = 0
 661              		@ link register save eliminated.
 662              	.LVL48:
 182:Src/maze.c    **** 	switch(next_motion){
 663              		.loc 1 182 0
 664 0000 0130     		adds	r0, r0, #1
 665              	.LVL49:
 666 0002 0428     		cmp	r0, #4
 667 0004 00F2B280 		bhi	.L61
 668 0008 DFE800F0 		tbb	[pc, r0]
 669              	.L64:
 670 000c 45       		.byte	(.L63-.L64)/2
 671 000d 28       		.byte	(.L65-.L64)/2
 672 000e 03       		.byte	(.L66-.L64)/2
 673 000f 69       		.byte	(.L67-.L64)/2
 674 0010 8D       		.byte	(.L68-.L64)/2
 675 0011 00       		.p2align 1
 676              	.L66:
 183:Src/maze.c    **** 		case LEFT:
 184:Src/maze.c    **** 			switch(position.dir){
 677              		.loc 1 184 0
 678 0012 574B     		ldr	r3, .L94
 679 0014 9B78     		ldrb	r3, [r3, #2]	@ zero_extendqisi2
 680 0016 032B     		cmp	r3, #3
 681 0018 00F2A880 		bhi	.L61
 682 001c DFE803F0 		tbb	[pc, r3]
 683              	.L70:
 684 0020 02       		.byte	(.L69-.L70)/2
 685 0021 09       		.byte	(.L71-.L70)/2
 686 0022 10       		.byte	(.L72-.L70)/2
 687 0023 17       		.byte	(.L73-.L70)/2
ARM GAS  C:\Users\kotaro\AppData\Local\Temp\ccYfRoNl.s 			page 17


 688              		.p2align 1
 689              	.L69:
 185:Src/maze.c    **** 				case NORTH:
 186:Src/maze.c    **** 					position.x --;
 690              		.loc 1 186 0
 691 0024 524B     		ldr	r3, .L94
 692 0026 1A78     		ldrb	r2, [r3]	@ zero_extendqisi2
 693 0028 013A     		subs	r2, r2, #1
 694 002a 1A70     		strb	r2, [r3]
 187:Src/maze.c    **** 					position.dir = WEST;
 695              		.loc 1 187 0
 696 002c 0322     		movs	r2, #3
 697 002e 9A70     		strb	r2, [r3, #2]
 188:Src/maze.c    **** 					break;
 698              		.loc 1 188 0
 699 0030 7047     		bx	lr
 700              	.L71:
 189:Src/maze.c    **** 				case EAST:
 190:Src/maze.c    **** 					position.y ++;
 701              		.loc 1 190 0
 702 0032 4F4B     		ldr	r3, .L94
 703 0034 5A78     		ldrb	r2, [r3, #1]	@ zero_extendqisi2
 704 0036 0132     		adds	r2, r2, #1
 705 0038 5A70     		strb	r2, [r3, #1]
 191:Src/maze.c    **** 					position.dir = NORTH;
 706              		.loc 1 191 0
 707 003a 0022     		movs	r2, #0
 708 003c 9A70     		strb	r2, [r3, #2]
 192:Src/maze.c    **** 					break;
 709              		.loc 1 192 0
 710 003e 7047     		bx	lr
 711              	.L72:
 193:Src/maze.c    **** 				case SOUTH:
 194:Src/maze.c    **** 					position.x ++;
 712              		.loc 1 194 0
 713 0040 4B4B     		ldr	r3, .L94
 714 0042 1A78     		ldrb	r2, [r3]	@ zero_extendqisi2
 715 0044 0132     		adds	r2, r2, #1
 716 0046 1A70     		strb	r2, [r3]
 195:Src/maze.c    **** 					position.dir = EAST;
 717              		.loc 1 195 0
 718 0048 0122     		movs	r2, #1
 719 004a 9A70     		strb	r2, [r3, #2]
 196:Src/maze.c    **** 					break;
 720              		.loc 1 196 0
 721 004c 7047     		bx	lr
 722              	.L73:
 197:Src/maze.c    **** 				case WEST:
 198:Src/maze.c    **** 					position.y --;
 723              		.loc 1 198 0
 724 004e 484B     		ldr	r3, .L94
 725 0050 5A78     		ldrb	r2, [r3, #1]	@ zero_extendqisi2
 726 0052 013A     		subs	r2, r2, #1
 727 0054 5A70     		strb	r2, [r3, #1]
 199:Src/maze.c    **** 					position.dir = SOUTH;
 728              		.loc 1 199 0
 729 0056 0222     		movs	r2, #2
ARM GAS  C:\Users\kotaro\AppData\Local\Temp\ccYfRoNl.s 			page 18


 730 0058 9A70     		strb	r2, [r3, #2]
 200:Src/maze.c    **** 					break;
 731              		.loc 1 200 0
 732 005a 7047     		bx	lr
 733              	.L65:
 201:Src/maze.c    **** 			}
 202:Src/maze.c    **** 			break;
 203:Src/maze.c    **** 		case STRAIGHT:
 204:Src/maze.c    **** 			switch(position.dir){
 734              		.loc 1 204 0
 735 005c 444B     		ldr	r3, .L94
 736 005e 9B78     		ldrb	r3, [r3, #2]	@ zero_extendqisi2
 737 0060 032B     		cmp	r3, #3
 738 0062 00F28380 		bhi	.L61
 739 0066 DFE803F0 		tbb	[pc, r3]
 740              	.L75:
 741 006a 02       		.byte	(.L74-.L75)/2
 742 006b 07       		.byte	(.L76-.L75)/2
 743 006c 0C       		.byte	(.L77-.L75)/2
 744 006d 11       		.byte	(.L78-.L75)/2
 745              		.p2align 1
 746              	.L74:
 205:Src/maze.c    **** 				case NORTH:
 206:Src/maze.c    **** 					position.y ++;
 747              		.loc 1 206 0
 748 006e 404A     		ldr	r2, .L94
 749 0070 5378     		ldrb	r3, [r2, #1]	@ zero_extendqisi2
 750 0072 0133     		adds	r3, r3, #1
 751 0074 5370     		strb	r3, [r2, #1]
 207:Src/maze.c    **** 					break;
 752              		.loc 1 207 0
 753 0076 7047     		bx	lr
 754              	.L76:
 208:Src/maze.c    **** 				case EAST:
 209:Src/maze.c    **** 					position.x ++;
 755              		.loc 1 209 0
 756 0078 3D4A     		ldr	r2, .L94
 757 007a 1378     		ldrb	r3, [r2]	@ zero_extendqisi2
 758 007c 0133     		adds	r3, r3, #1
 759 007e 1370     		strb	r3, [r2]
 210:Src/maze.c    **** 					break;
 760              		.loc 1 210 0
 761 0080 7047     		bx	lr
 762              	.L77:
 211:Src/maze.c    **** 				case SOUTH:
 212:Src/maze.c    **** 					position.y --;
 763              		.loc 1 212 0
 764 0082 3B4A     		ldr	r2, .L94
 765 0084 5378     		ldrb	r3, [r2, #1]	@ zero_extendqisi2
 766 0086 013B     		subs	r3, r3, #1
 767 0088 5370     		strb	r3, [r2, #1]
 213:Src/maze.c    **** 					break;
 768              		.loc 1 213 0
 769 008a 7047     		bx	lr
 770              	.L78:
 214:Src/maze.c    **** 				case WEST:
 215:Src/maze.c    **** 					position.x --;
ARM GAS  C:\Users\kotaro\AppData\Local\Temp\ccYfRoNl.s 			page 19


 771              		.loc 1 215 0
 772 008c 384A     		ldr	r2, .L94
 773 008e 1378     		ldrb	r3, [r2]	@ zero_extendqisi2
 774 0090 013B     		subs	r3, r3, #1
 775 0092 1370     		strb	r3, [r2]
 216:Src/maze.c    **** 					break;
 776              		.loc 1 216 0
 777 0094 7047     		bx	lr
 778              	.L63:
 217:Src/maze.c    **** 			}
 218:Src/maze.c    **** 			break;
 219:Src/maze.c    **** 		case RIGHT:
 220:Src/maze.c    **** 			switch(position.dir){
 779              		.loc 1 220 0
 780 0096 364B     		ldr	r3, .L94
 781 0098 9B78     		ldrb	r3, [r3, #2]	@ zero_extendqisi2
 782 009a 032B     		cmp	r3, #3
 783 009c 66D8     		bhi	.L61
 784 009e DFE803F0 		tbb	[pc, r3]
 785              	.L80:
 786 00a2 02       		.byte	(.L79-.L80)/2
 787 00a3 09       		.byte	(.L81-.L80)/2
 788 00a4 10       		.byte	(.L82-.L80)/2
 789 00a5 17       		.byte	(.L83-.L80)/2
 790              		.p2align 1
 791              	.L79:
 221:Src/maze.c    **** 				case NORTH:
 222:Src/maze.c    **** 					position.x ++;
 792              		.loc 1 222 0
 793 00a6 324B     		ldr	r3, .L94
 794 00a8 1A78     		ldrb	r2, [r3]	@ zero_extendqisi2
 795 00aa 0132     		adds	r2, r2, #1
 796 00ac 1A70     		strb	r2, [r3]
 223:Src/maze.c    **** 					position.dir = EAST;
 797              		.loc 1 223 0
 798 00ae 0122     		movs	r2, #1
 799 00b0 9A70     		strb	r2, [r3, #2]
 224:Src/maze.c    **** 					break;
 800              		.loc 1 224 0
 801 00b2 7047     		bx	lr
 802              	.L81:
 225:Src/maze.c    **** 				case EAST:
 226:Src/maze.c    **** 					position.y --;
 803              		.loc 1 226 0
 804 00b4 2E4B     		ldr	r3, .L94
 805 00b6 5A78     		ldrb	r2, [r3, #1]	@ zero_extendqisi2
 806 00b8 013A     		subs	r2, r2, #1
 807 00ba 5A70     		strb	r2, [r3, #1]
 227:Src/maze.c    **** 					position.dir = SOUTH;
 808              		.loc 1 227 0
 809 00bc 0222     		movs	r2, #2
 810 00be 9A70     		strb	r2, [r3, #2]
 228:Src/maze.c    **** 					break;
 811              		.loc 1 228 0
 812 00c0 7047     		bx	lr
 813              	.L82:
 229:Src/maze.c    **** 				case SOUTH:
ARM GAS  C:\Users\kotaro\AppData\Local\Temp\ccYfRoNl.s 			page 20


 230:Src/maze.c    **** 					position.x --;
 814              		.loc 1 230 0
 815 00c2 2B4B     		ldr	r3, .L94
 816 00c4 1A78     		ldrb	r2, [r3]	@ zero_extendqisi2
 817 00c6 013A     		subs	r2, r2, #1
 818 00c8 1A70     		strb	r2, [r3]
 231:Src/maze.c    **** 					position.dir = WEST;
 819              		.loc 1 231 0
 820 00ca 0322     		movs	r2, #3
 821 00cc 9A70     		strb	r2, [r3, #2]
 232:Src/maze.c    **** 					break;
 822              		.loc 1 232 0
 823 00ce 7047     		bx	lr
 824              	.L83:
 233:Src/maze.c    **** 				case WEST:
 234:Src/maze.c    **** 					position.y ++;
 825              		.loc 1 234 0
 826 00d0 274B     		ldr	r3, .L94
 827 00d2 5A78     		ldrb	r2, [r3, #1]	@ zero_extendqisi2
 828 00d4 0132     		adds	r2, r2, #1
 829 00d6 5A70     		strb	r2, [r3, #1]
 235:Src/maze.c    **** 					position.dir = NORTH;
 830              		.loc 1 235 0
 831 00d8 0022     		movs	r2, #0
 832 00da 9A70     		strb	r2, [r3, #2]
 236:Src/maze.c    **** 					break;
 833              		.loc 1 236 0
 834 00dc 7047     		bx	lr
 835              	.L67:
 237:Src/maze.c    **** 			}
 238:Src/maze.c    **** 			break;
 239:Src/maze.c    **** 		case UTURN:
 240:Src/maze.c    **** 			switch(position.dir){
 836              		.loc 1 240 0
 837 00de 244B     		ldr	r3, .L94
 838 00e0 9B78     		ldrb	r3, [r3, #2]	@ zero_extendqisi2
 839 00e2 032B     		cmp	r3, #3
 840 00e4 42D8     		bhi	.L61
 841 00e6 DFE803F0 		tbb	[pc, r3]
 842              	.L85:
 843 00ea 02       		.byte	(.L84-.L85)/2
 844 00eb 09       		.byte	(.L86-.L85)/2
 845 00ec 10       		.byte	(.L87-.L85)/2
 846 00ed 17       		.byte	(.L88-.L85)/2
 847              		.p2align 1
 848              	.L84:
 241:Src/maze.c    **** 				case NORTH:
 242:Src/maze.c    **** 					position.y --;
 849              		.loc 1 242 0
 850 00ee 204B     		ldr	r3, .L94
 851 00f0 5A78     		ldrb	r2, [r3, #1]	@ zero_extendqisi2
 852 00f2 013A     		subs	r2, r2, #1
 853 00f4 5A70     		strb	r2, [r3, #1]
 243:Src/maze.c    **** 					position.dir = SOUTH;
 854              		.loc 1 243 0
 855 00f6 0222     		movs	r2, #2
 856 00f8 9A70     		strb	r2, [r3, #2]
ARM GAS  C:\Users\kotaro\AppData\Local\Temp\ccYfRoNl.s 			page 21


 244:Src/maze.c    **** 					break;
 857              		.loc 1 244 0
 858 00fa 7047     		bx	lr
 859              	.L86:
 245:Src/maze.c    **** 				case EAST:
 246:Src/maze.c    **** 					position.x --;
 860              		.loc 1 246 0
 861 00fc 1C4B     		ldr	r3, .L94
 862 00fe 1A78     		ldrb	r2, [r3]	@ zero_extendqisi2
 863 0100 013A     		subs	r2, r2, #1
 864 0102 1A70     		strb	r2, [r3]
 247:Src/maze.c    **** 					position.dir = WEST;
 865              		.loc 1 247 0
 866 0104 0322     		movs	r2, #3
 867 0106 9A70     		strb	r2, [r3, #2]
 248:Src/maze.c    **** 					break;
 868              		.loc 1 248 0
 869 0108 7047     		bx	lr
 870              	.L87:
 249:Src/maze.c    **** 				case SOUTH:
 250:Src/maze.c    **** 					position.y ++;
 871              		.loc 1 250 0
 872 010a 194B     		ldr	r3, .L94
 873 010c 5A78     		ldrb	r2, [r3, #1]	@ zero_extendqisi2
 874 010e 0132     		adds	r2, r2, #1
 875 0110 5A70     		strb	r2, [r3, #1]
 251:Src/maze.c    **** 					position.dir = NORTH;
 876              		.loc 1 251 0
 877 0112 0022     		movs	r2, #0
 878 0114 9A70     		strb	r2, [r3, #2]
 252:Src/maze.c    **** 					break;
 879              		.loc 1 252 0
 880 0116 7047     		bx	lr
 881              	.L88:
 253:Src/maze.c    **** 				case WEST:
 254:Src/maze.c    **** 					position.x ++;
 882              		.loc 1 254 0
 883 0118 154B     		ldr	r3, .L94
 884 011a 1A78     		ldrb	r2, [r3]	@ zero_extendqisi2
 885 011c 0132     		adds	r2, r2, #1
 886 011e 1A70     		strb	r2, [r3]
 255:Src/maze.c    **** 					position.dir = EAST;
 887              		.loc 1 255 0
 888 0120 0122     		movs	r2, #1
 889 0122 9A70     		strb	r2, [r3, #2]
 256:Src/maze.c    **** 					break;
 890              		.loc 1 256 0
 891 0124 7047     		bx	lr
 892              	.L68:
 257:Src/maze.c    **** 			}
 258:Src/maze.c    **** 			break;
 259:Src/maze.c    **** 		case KABEATE:
 260:Src/maze.c    **** 			switch(position.dir){
 893              		.loc 1 260 0
 894 0126 124B     		ldr	r3, .L94
 895 0128 9B78     		ldrb	r3, [r3, #2]	@ zero_extendqisi2
 896 012a 032B     		cmp	r3, #3
ARM GAS  C:\Users\kotaro\AppData\Local\Temp\ccYfRoNl.s 			page 22


 897 012c 1ED8     		bhi	.L61
 898 012e DFE803F0 		tbb	[pc, r3]
 899              	.L90:
 900 0132 02       		.byte	(.L89-.L90)/2
 901 0133 09       		.byte	(.L91-.L90)/2
 902 0134 10       		.byte	(.L92-.L90)/2
 903 0135 17       		.byte	(.L93-.L90)/2
 904              		.p2align 1
 905              	.L89:
 261:Src/maze.c    **** 				case NORTH:
 262:Src/maze.c    **** 					position.y --;
 906              		.loc 1 262 0
 907 0136 0E4B     		ldr	r3, .L94
 908 0138 5A78     		ldrb	r2, [r3, #1]	@ zero_extendqisi2
 909 013a 013A     		subs	r2, r2, #1
 910 013c 5A70     		strb	r2, [r3, #1]
 263:Src/maze.c    **** 					position.dir = SOUTH;
 911              		.loc 1 263 0
 912 013e 0222     		movs	r2, #2
 913 0140 9A70     		strb	r2, [r3, #2]
 264:Src/maze.c    **** 					break;
 914              		.loc 1 264 0
 915 0142 7047     		bx	lr
 916              	.L91:
 265:Src/maze.c    **** 				case EAST:
 266:Src/maze.c    **** 					position.x --;
 917              		.loc 1 266 0
 918 0144 0A4B     		ldr	r3, .L94
 919 0146 1A78     		ldrb	r2, [r3]	@ zero_extendqisi2
 920 0148 013A     		subs	r2, r2, #1
 921 014a 1A70     		strb	r2, [r3]
 267:Src/maze.c    **** 					position.dir = WEST;
 922              		.loc 1 267 0
 923 014c 0322     		movs	r2, #3
 924 014e 9A70     		strb	r2, [r3, #2]
 268:Src/maze.c    **** 					break;
 925              		.loc 1 268 0
 926 0150 7047     		bx	lr
 927              	.L92:
 269:Src/maze.c    **** 				case SOUTH:
 270:Src/maze.c    **** 					position.y ++;
 928              		.loc 1 270 0
 929 0152 074B     		ldr	r3, .L94
 930 0154 5A78     		ldrb	r2, [r3, #1]	@ zero_extendqisi2
 931 0156 0132     		adds	r2, r2, #1
 932 0158 5A70     		strb	r2, [r3, #1]
 271:Src/maze.c    **** 					position.dir = NORTH;
 933              		.loc 1 271 0
 934 015a 0022     		movs	r2, #0
 935 015c 9A70     		strb	r2, [r3, #2]
 272:Src/maze.c    **** 					break;
 936              		.loc 1 272 0
 937 015e 7047     		bx	lr
 938              	.L93:
 273:Src/maze.c    **** 				case WEST:
 274:Src/maze.c    **** 					position.x ++;
 939              		.loc 1 274 0
ARM GAS  C:\Users\kotaro\AppData\Local\Temp\ccYfRoNl.s 			page 23


 940 0160 034B     		ldr	r3, .L94
 941 0162 1A78     		ldrb	r2, [r3]	@ zero_extendqisi2
 942 0164 0132     		adds	r2, r2, #1
 943 0166 1A70     		strb	r2, [r3]
 275:Src/maze.c    **** 					position.dir = EAST;
 944              		.loc 1 275 0
 945 0168 0122     		movs	r2, #1
 946 016a 9A70     		strb	r2, [r3, #2]
 947              	.L61:
 276:Src/maze.c    **** 					break;
 277:Src/maze.c    **** 			}
 278:Src/maze.c    **** 			break;
 279:Src/maze.c    **** 	}
 280:Src/maze.c    **** }
 948              		.loc 1 280 0
 949 016c 7047     		bx	lr
 950              	.L95:
 951 016e 00BF     		.align	2
 952              	.L94:
 953 0170 00000000 		.word	position
 954              		.cfi_endproc
 955              	.LFE130:
 957              		.section	.text.Maze_Next_Motion,"ax",%progbits
 958              		.align	1
 959              		.global	Maze_Next_Motion
 960              		.syntax unified
 961              		.thumb
 962              		.thumb_func
 963              		.fpu fpv4-sp-d16
 965              	Maze_Next_Motion:
 966              	.LFB131:
 281:Src/maze.c    **** 
 282:Src/maze.c    **** int8_t Maze_Next_Motion(void){
 967              		.loc 1 282 0
 968              		.cfi_startproc
 969              		@ args = 0, pretend = 0, frame = 0
 970              		@ frame_needed = 0, uses_anonymous_args = 0
 971              		@ link register save eliminated.
 972 0000 30B4     		push	{r4, r5}
 973              	.LCFI7:
 974              		.cfi_def_cfa_offset 8
 975              		.cfi_offset 4, -8
 976              		.cfi_offset 5, -4
 977              	.LVL50:
 283:Src/maze.c    **** 	/* <概要>   : 次の動作を決定
 284:Src/maze.c    **** 	 * <引数>   : なし
 285:Src/maze.c    **** 	 * <戻り値> : 次の動作
 286:Src/maze.c    **** 	 */
 287:Src/maze.c    **** 	uint8_t tmp_step = MAX_STEP;		// 歩数
 288:Src/maze.c    **** 	int8_t tmp_dir = UTURN;				// 方向
 289:Src/maze.c    **** 	// 現在の向きに応じて場合分けし、 歩数が少ない方向を判断
 290:Src/maze.c    **** 	// 迷路外に進むのとゴールがスタートマス以外の場合(0,0)に進むのを阻止
 291:Src/maze.c    **** 	switch( position.dir ){
 978              		.loc 1 291 0
 979 0002 A74B     		ldr	r3, .L146
 980 0004 9B78     		ldrb	r3, [r3, #2]	@ zero_extendqisi2
 981 0006 032B     		cmp	r3, #3
ARM GAS  C:\Users\kotaro\AppData\Local\Temp\ccYfRoNl.s 			page 24


 982 0008 00F24481 		bhi	.L115
 983 000c DFE813F0 		tbh	[pc, r3, lsl #1]
 984              	.L99:
 985 0010 0400     		.2byte	(.L98-.L99)/2
 986 0012 5300     		.2byte	(.L100-.L99)/2
 987 0014 A300     		.2byte	(.L101-.L99)/2
 988 0016 F200     		.2byte	(.L102-.L99)/2
 989              		.p2align 1
 990              	.L98:
 292:Src/maze.c    **** 		case NORTH:
 293:Src/maze.c    **** 			if( maze.step[position.x][position.y+1] < tmp_step ){
 991              		.loc 1 293 0
 992 0018 A14B     		ldr	r3, .L146
 993 001a 1A78     		ldrb	r2, [r3]	@ zero_extendqisi2
 994 001c 5978     		ldrb	r1, [r3, #1]	@ zero_extendqisi2
 995 001e 481C     		adds	r0, r1, #1
 996 0020 A04B     		ldr	r3, .L146+4
 997 0022 03EB0213 		add	r3, r3, r2, lsl #4
 998 0026 1B5C     		ldrb	r3, [r3, r0]	@ zero_extendqisi2
 999 0028 FD2B     		cmp	r3, #253
 1000 002a 0BD8     		bhi	.L116
 294:Src/maze.c    **** 				if( position.y < MAZE_SIZE ){
 1001              		.loc 1 294 0
 1002 002c 0E29     		cmp	r1, #14
 1003 002e 31D8     		bhi	.L117
 295:Src/maze.c    **** 					if( maze.wall_north[position.x][position.y] == false ){
 1004              		.loc 1 295 0
 1005 0030 9C48     		ldr	r0, .L146+4
 1006 0032 00EB0210 		add	r0, r0, r2, lsl #4
 1007 0036 0844     		add	r0, r0, r1
 1008 0038 90F80002 		ldrb	r0, [r0, #512]	@ zero_extendqisi2
 1009 003c 68B3     		cbz	r0, .L118
 288:Src/maze.c    **** 	// 現在の向きに応じて場合分けし、 歩数が少ない方向を判断
 1010              		.loc 1 288 0
 1011 003e 0220     		movs	r0, #2
 287:Src/maze.c    **** 	int8_t tmp_dir = UTURN;				// 方向
 1012              		.loc 1 287 0
 1013 0040 FE23     		movs	r3, #254
 1014 0042 01E0     		b	.L103
 1015              	.L116:
 288:Src/maze.c    **** 	// 現在の向きに応じて場合分けし、 歩数が少ない方向を判断
 1016              		.loc 1 288 0
 1017 0044 0220     		movs	r0, #2
 287:Src/maze.c    **** 	int8_t tmp_dir = UTURN;				// 方向
 1018              		.loc 1 287 0
 1019 0046 FE23     		movs	r3, #254
 1020              	.L103:
 1021              	.LVL51:
 296:Src/maze.c    **** 						tmp_step = maze.step[position.x][position.y+1];
 297:Src/maze.c    **** 						tmp_dir = STRAIGHT;
 298:Src/maze.c    **** 					}
 299:Src/maze.c    **** 				}
 300:Src/maze.c    **** 			}
 301:Src/maze.c    **** 			if( maze.step[position.x-1][position.y] < tmp_step ){
 1022              		.loc 1 301 0
 1023 0048 541E     		subs	r4, r2, #1
 1024 004a 964D     		ldr	r5, .L146+4
ARM GAS  C:\Users\kotaro\AppData\Local\Temp\ccYfRoNl.s 			page 25


 1025 004c 05EB0414 		add	r4, r5, r4, lsl #4
 1026 0050 645C     		ldrb	r4, [r4, r1]	@ zero_extendqisi2
 1027 0052 9C42     		cmp	r4, r3
 1028 0054 08D2     		bcs	.L104
 302:Src/maze.c    **** 				if( position.x > 0 ){
 1029              		.loc 1 302 0
 1030 0056 3AB1     		cbz	r2, .L104
 303:Src/maze.c    **** 					if( maze.wall_west[position.x][position.y] == false ){
 1031              		.loc 1 303 0
 1032 0058 05EB0215 		add	r5, r5, r2, lsl #4
 1033 005c 0D44     		add	r5, r5, r1
 1034 005e 95F80055 		ldrb	r5, [r5, #1280]	@ zero_extendqisi2
 1035 0062 0DB9     		cbnz	r5, .L104
 304:Src/maze.c    **** 						tmp_step = maze.step[position.x-1][position.y];
 1036              		.loc 1 304 0
 1037 0064 2346     		mov	r3, r4
 1038              	.LVL52:
 305:Src/maze.c    **** 						tmp_dir = LEFT;
 1039              		.loc 1 305 0
 1040 0066 0120     		movs	r0, #1
 1041              	.LVL53:
 1042              	.L104:
 306:Src/maze.c    **** 					}
 307:Src/maze.c    **** 				}
 308:Src/maze.c    **** 			}
 309:Src/maze.c    **** 			if( maze.step[position.x+1][position.y] < tmp_step ){
 1043              		.loc 1 309 0
 1044 0068 541C     		adds	r4, r2, #1
 1045 006a 8E4D     		ldr	r5, .L146+4
 1046 006c 05EB0414 		add	r4, r5, r4, lsl #4
 1047 0070 645C     		ldrb	r4, [r4, r1]	@ zero_extendqisi2
 1048 0072 9C42     		cmp	r4, r3
 1049 0074 0AD2     		bcs	.L105
 310:Src/maze.c    **** 				if( position.x < MAZE_SIZE ){
 1050              		.loc 1 310 0
 1051 0076 0E2A     		cmp	r2, #14
 1052 0078 08D8     		bhi	.L105
 311:Src/maze.c    **** 					if( maze.wall_east[position.x][position.y] == false ){
 1053              		.loc 1 311 0
 1054 007a 05EB0212 		add	r2, r5, r2, lsl #4
 1055 007e 1144     		add	r1, r1, r2
 1056 0080 91F80023 		ldrb	r2, [r1, #768]	@ zero_extendqisi2
 1057 0084 12B9     		cbnz	r2, .L105
 312:Src/maze.c    **** 						tmp_step = maze.step[position.x+1][position.y];
 1058              		.loc 1 312 0
 1059 0086 2346     		mov	r3, r4
 1060              	.LVL54:
 313:Src/maze.c    **** 						tmp_dir = RIGHT;
 1061              		.loc 1 313 0
 1062 0088 4FF0FF30 		mov	r0, #-1
 1063              	.LVL55:
 1064              	.L105:
 314:Src/maze.c    **** 					}
 315:Src/maze.c    **** 				}
 316:Src/maze.c    **** 			}
 317:Src/maze.c    **** 			if( tmp_step == MAX_STEP){
 1065              		.loc 1 317 0
ARM GAS  C:\Users\kotaro\AppData\Local\Temp\ccYfRoNl.s 			page 26


 1066 008c FE2B     		cmp	r3, #254
 1067 008e 06D0     		beq	.L145
 1068              	.LVL56:
 1069              	.L97:
 318:Src/maze.c    **** 				if(flag.kabeate == false){
 319:Src/maze.c    **** 					tmp_dir = UTURN;
 320:Src/maze.c    **** 				}else if(flag.kabeate == true){
 321:Src/maze.c    **** 					tmp_dir = KABEATE;
 322:Src/maze.c    **** 				}
 323:Src/maze.c    **** 				
 324:Src/maze.c    **** 			}
 325:Src/maze.c    **** 			break;
 326:Src/maze.c    **** 		case EAST:
 327:Src/maze.c    **** 			if( maze.step[position.x+1][position.y] < tmp_step ){
 328:Src/maze.c    **** 				if( position.x < MAZE_SIZE ){
 329:Src/maze.c    **** 					if( maze.wall_east[position.x][position.y] == false ){
 330:Src/maze.c    **** 						tmp_step = maze.step[position.x+1][position.y];
 331:Src/maze.c    **** 						tmp_dir = STRAIGHT;
 332:Src/maze.c    **** 					}
 333:Src/maze.c    **** 				}
 334:Src/maze.c    **** 			}
 335:Src/maze.c    **** 			if( maze.step[position.x][position.y+1] < tmp_step ){
 336:Src/maze.c    **** 				if( position.y < MAZE_SIZE ){
 337:Src/maze.c    **** 					if( maze.wall_north[position.x][position.y] == false ){
 338:Src/maze.c    **** 						tmp_step = maze.step[position.x][position.y+1];
 339:Src/maze.c    **** 						tmp_dir = LEFT;
 340:Src/maze.c    **** 					}
 341:Src/maze.c    **** 				}
 342:Src/maze.c    **** 			}
 343:Src/maze.c    **** 			if( maze.step[position.x][position.y-1] < tmp_step ){
 344:Src/maze.c    **** 				if( position.y > 0 ){
 345:Src/maze.c    **** 					if( maze.wall_south[position.x][position.y] == false ){
 346:Src/maze.c    **** 						tmp_step = maze.step[position.x][position.y-1];
 347:Src/maze.c    **** 						tmp_dir = RIGHT;
 348:Src/maze.c    **** 					}
 349:Src/maze.c    **** 				}
 350:Src/maze.c    **** 			}
 351:Src/maze.c    **** 			if( tmp_step == MAX_STEP){
 352:Src/maze.c    **** 				if(flag.kabeate == false){
 353:Src/maze.c    **** 					tmp_dir = UTURN;
 354:Src/maze.c    **** 				}else if(flag.kabeate == true){
 355:Src/maze.c    **** 					tmp_dir = KABEATE;
 356:Src/maze.c    **** 				}
 357:Src/maze.c    **** 			}
 358:Src/maze.c    **** 			break;
 359:Src/maze.c    **** 		case SOUTH:
 360:Src/maze.c    **** 			if( maze.step[position.x][position.y-1] < tmp_step ){
 361:Src/maze.c    **** 				if( position.y > 0 ){
 362:Src/maze.c    **** 					if( maze.wall_south[position.x][position.y] == false ){
 363:Src/maze.c    **** 						tmp_step = maze.step[position.x][position.y-1];
 364:Src/maze.c    **** 						tmp_dir = STRAIGHT;
 365:Src/maze.c    **** 				}
 366:Src/maze.c    **** 				}
 367:Src/maze.c    **** 			}
 368:Src/maze.c    **** 			if( maze.step[position.x+1][position.y] < tmp_step ){
 369:Src/maze.c    **** 				if( position.x < MAZE_SIZE){
 370:Src/maze.c    **** 					if( maze.wall_east[position.x][position.y] == false ){
ARM GAS  C:\Users\kotaro\AppData\Local\Temp\ccYfRoNl.s 			page 27


 371:Src/maze.c    **** 						tmp_step = maze.step[position.x+1][position.y];
 372:Src/maze.c    **** 						tmp_dir = LEFT;
 373:Src/maze.c    **** 					}
 374:Src/maze.c    **** 				}
 375:Src/maze.c    **** 			}
 376:Src/maze.c    **** 			if( maze.step[position.x-1][position.y] < tmp_step ){
 377:Src/maze.c    **** 				if( position.x > 0 ){
 378:Src/maze.c    **** 					if( maze.wall_west[position.x][position.y] == false ){
 379:Src/maze.c    **** 						tmp_step = maze.step[position.x-1][position.y];
 380:Src/maze.c    **** 						tmp_dir = RIGHT;
 381:Src/maze.c    **** 					}
 382:Src/maze.c    **** 				}
 383:Src/maze.c    **** 			}
 384:Src/maze.c    **** 			if( tmp_step == MAX_STEP){
 385:Src/maze.c    **** 				if(flag.kabeate == false){
 386:Src/maze.c    **** 					tmp_dir = UTURN;
 387:Src/maze.c    **** 				}else if(flag.kabeate == true){
 388:Src/maze.c    **** 					tmp_dir = KABEATE;
 389:Src/maze.c    **** 				}
 390:Src/maze.c    **** 			}
 391:Src/maze.c    **** 			break;
 392:Src/maze.c    **** 		case WEST:
 393:Src/maze.c    **** 			if( maze.step[position.x-1][position.y] < tmp_step ){
 394:Src/maze.c    **** 				if( position.x > 0 ){
 395:Src/maze.c    **** 					if( maze.wall_west[position.x][position.y] == false ){
 396:Src/maze.c    **** 						tmp_step = maze.step[position.x-1][position.y];
 397:Src/maze.c    **** 						tmp_dir = STRAIGHT;
 398:Src/maze.c    **** 					}
 399:Src/maze.c    **** 				}
 400:Src/maze.c    **** 			}
 401:Src/maze.c    **** 			if( maze.step[position.x][position.y-1] < tmp_step ){
 402:Src/maze.c    **** 				if( position.y > 0 ){
 403:Src/maze.c    **** 					if( maze.wall_south[position.x][position.y] == false ){
 404:Src/maze.c    **** 						tmp_step = maze.step[position.x][position.y-1];
 405:Src/maze.c    **** 						tmp_dir = LEFT;
 406:Src/maze.c    **** 					}
 407:Src/maze.c    **** 				}
 408:Src/maze.c    **** 			}
 409:Src/maze.c    **** 			if( maze.step[position.x][position.y+1] < tmp_step ){
 410:Src/maze.c    **** 				if( position.y < MAZE_SIZE ){
 411:Src/maze.c    **** 					if( maze.wall_north[position.x][position.y] == false ){
 412:Src/maze.c    **** 						tmp_step = maze.step[position.x][position.y+1];
 413:Src/maze.c    **** 						tmp_dir = RIGHT;
 414:Src/maze.c    **** 					}
 415:Src/maze.c    **** 				}
 416:Src/maze.c    **** 			}
 417:Src/maze.c    **** 			if( tmp_step == MAX_STEP){
 418:Src/maze.c    **** 				if(flag.kabeate == false){
 419:Src/maze.c    **** 					tmp_dir = UTURN;
 420:Src/maze.c    **** 				}else if(flag.kabeate == true){
 421:Src/maze.c    **** 					tmp_dir = KABEATE;
 422:Src/maze.c    **** 				}
 423:Src/maze.c    **** 			}
 424:Src/maze.c    **** 			break;
 425:Src/maze.c    **** 		default:
 426:Src/maze.c    **** 			break;
 427:Src/maze.c    **** 	}
ARM GAS  C:\Users\kotaro\AppData\Local\Temp\ccYfRoNl.s 			page 28


 428:Src/maze.c    **** 	return tmp_dir;
 429:Src/maze.c    **** }
 1070              		.loc 1 429 0
 1071 0090 30BC     		pop	{r4, r5}
 1072              	.LCFI8:
 1073              		.cfi_remember_state
 1074              		.cfi_restore 5
 1075              		.cfi_restore 4
 1076              		.cfi_def_cfa_offset 0
 1077 0092 7047     		bx	lr
 1078              	.LVL57:
 1079              	.L117:
 1080              	.LCFI9:
 1081              		.cfi_restore_state
 288:Src/maze.c    **** 	// 現在の向きに応じて場合分けし、 歩数が少ない方向を判断
 1082              		.loc 1 288 0
 1083 0094 0220     		movs	r0, #2
 287:Src/maze.c    **** 	int8_t tmp_dir = UTURN;				// 方向
 1084              		.loc 1 287 0
 1085 0096 FE23     		movs	r3, #254
 1086 0098 D6E7     		b	.L103
 1087              	.L118:
 297:Src/maze.c    **** 					}
 1088              		.loc 1 297 0
 1089 009a 0020     		movs	r0, #0
 1090 009c D4E7     		b	.L103
 1091              	.LVL58:
 1092              	.L145:
 318:Src/maze.c    **** 					tmp_dir = UTURN;
 1093              		.loc 1 318 0
 1094 009e 824B     		ldr	r3, .L146+8
 1095              	.LVL59:
 1096 00a0 DB7A     		ldrb	r3, [r3, #11]	@ zero_extendqisi2
 1097 00a2 002B     		cmp	r3, #0
 1098 00a4 00F0F880 		beq	.L121
 320:Src/maze.c    **** 					tmp_dir = KABEATE;
 1099              		.loc 1 320 0
 1100 00a8 7F4B     		ldr	r3, .L146+8
 1101 00aa DB7A     		ldrb	r3, [r3, #11]	@ zero_extendqisi2
 1102 00ac DBB2     		uxtb	r3, r3
 1103 00ae 012B     		cmp	r3, #1
 1104 00b0 EED1     		bne	.L97
 321:Src/maze.c    **** 				}
 1105              		.loc 1 321 0
 1106 00b2 0320     		movs	r0, #3
 1107              	.LVL60:
 1108 00b4 ECE7     		b	.L97
 1109              	.LVL61:
 1110              	.L100:
 327:Src/maze.c    **** 				if( position.x < MAZE_SIZE ){
 1111              		.loc 1 327 0
 1112 00b6 7A4A     		ldr	r2, .L146
 1113 00b8 1178     		ldrb	r1, [r2]	@ zero_extendqisi2
 1114 00ba 481C     		adds	r0, r1, #1
 1115 00bc 5278     		ldrb	r2, [r2, #1]	@ zero_extendqisi2
 1116 00be 794B     		ldr	r3, .L146+4
 1117 00c0 03EB0013 		add	r3, r3, r0, lsl #4
ARM GAS  C:\Users\kotaro\AppData\Local\Temp\ccYfRoNl.s 			page 29


 1118 00c4 9B5C     		ldrb	r3, [r3, r2]	@ zero_extendqisi2
 1119 00c6 FD2B     		cmp	r3, #253
 1120 00c8 0CD8     		bhi	.L123
 328:Src/maze.c    **** 					if( maze.wall_east[position.x][position.y] == false ){
 1121              		.loc 1 328 0
 1122 00ca 0E29     		cmp	r1, #14
 1123 00cc 3ED8     		bhi	.L124
 329:Src/maze.c    **** 						tmp_step = maze.step[position.x+1][position.y];
 1124              		.loc 1 329 0
 1125 00ce 7548     		ldr	r0, .L146+4
 1126 00d0 00EB0110 		add	r0, r0, r1, lsl #4
 1127 00d4 1044     		add	r0, r0, r2
 1128 00d6 90F80003 		ldrb	r0, [r0, #768]	@ zero_extendqisi2
 1129 00da 0028     		cmp	r0, #0
 1130 00dc 39D0     		beq	.L125
 288:Src/maze.c    **** 	// 現在の向きに応じて場合分けし、 歩数が少ない方向を判断
 1131              		.loc 1 288 0
 1132 00de 0220     		movs	r0, #2
 287:Src/maze.c    **** 	int8_t tmp_dir = UTURN;				// 方向
 1133              		.loc 1 287 0
 1134 00e0 FE23     		movs	r3, #254
 1135 00e2 01E0     		b	.L106
 1136              	.L123:
 288:Src/maze.c    **** 	// 現在の向きに応じて場合分けし、 歩数が少ない方向を判断
 1137              		.loc 1 288 0
 1138 00e4 0220     		movs	r0, #2
 287:Src/maze.c    **** 	int8_t tmp_dir = UTURN;				// 方向
 1139              		.loc 1 287 0
 1140 00e6 FE23     		movs	r3, #254
 1141              	.L106:
 1142              	.LVL62:
 335:Src/maze.c    **** 				if( position.y < MAZE_SIZE ){
 1143              		.loc 1 335 0
 1144 00e8 541C     		adds	r4, r2, #1
 1145 00ea 6E4D     		ldr	r5, .L146+4
 1146 00ec 05EB0115 		add	r5, r5, r1, lsl #4
 1147 00f0 2C5D     		ldrb	r4, [r5, r4]	@ zero_extendqisi2
 1148 00f2 9C42     		cmp	r4, r3
 1149 00f4 0AD2     		bcs	.L107
 336:Src/maze.c    **** 					if( maze.wall_north[position.x][position.y] == false ){
 1150              		.loc 1 336 0
 1151 00f6 0E2A     		cmp	r2, #14
 1152 00f8 08D8     		bhi	.L107
 337:Src/maze.c    **** 						tmp_step = maze.step[position.x][position.y+1];
 1153              		.loc 1 337 0
 1154 00fa 6A4D     		ldr	r5, .L146+4
 1155 00fc 05EB0115 		add	r5, r5, r1, lsl #4
 1156 0100 1544     		add	r5, r5, r2
 1157 0102 95F80052 		ldrb	r5, [r5, #512]	@ zero_extendqisi2
 1158 0106 0DB9     		cbnz	r5, .L107
 338:Src/maze.c    **** 						tmp_dir = LEFT;
 1159              		.loc 1 338 0
 1160 0108 2346     		mov	r3, r4
 1161              	.LVL63:
 339:Src/maze.c    **** 					}
 1162              		.loc 1 339 0
 1163 010a 0120     		movs	r0, #1
ARM GAS  C:\Users\kotaro\AppData\Local\Temp\ccYfRoNl.s 			page 30


 1164              	.LVL64:
 1165              	.L107:
 343:Src/maze.c    **** 				if( position.y > 0 ){
 1166              		.loc 1 343 0
 1167 010c 541E     		subs	r4, r2, #1
 1168 010e 654D     		ldr	r5, .L146+4
 1169 0110 05EB0115 		add	r5, r5, r1, lsl #4
 1170 0114 2C5D     		ldrb	r4, [r5, r4]	@ zero_extendqisi2
 1171 0116 9C42     		cmp	r4, r3
 1172 0118 0AD2     		bcs	.L108
 344:Src/maze.c    **** 					if( maze.wall_south[position.x][position.y] == false ){
 1173              		.loc 1 344 0
 1174 011a 4AB1     		cbz	r2, .L108
 345:Src/maze.c    **** 						tmp_step = maze.step[position.x][position.y-1];
 1175              		.loc 1 345 0
 1176 011c 614D     		ldr	r5, .L146+4
 1177 011e 05EB0111 		add	r1, r5, r1, lsl #4
 1178 0122 0A44     		add	r2, r2, r1
 1179 0124 92F80024 		ldrb	r2, [r2, #1024]	@ zero_extendqisi2
 1180 0128 12B9     		cbnz	r2, .L108
 346:Src/maze.c    **** 						tmp_dir = RIGHT;
 1181              		.loc 1 346 0
 1182 012a 2346     		mov	r3, r4
 1183              	.LVL65:
 347:Src/maze.c    **** 					}
 1184              		.loc 1 347 0
 1185 012c 4FF0FF30 		mov	r0, #-1
 1186              	.LVL66:
 1187              	.L108:
 351:Src/maze.c    **** 				if(flag.kabeate == false){
 1188              		.loc 1 351 0
 1189 0130 FE2B     		cmp	r3, #254
 1190 0132 ADD1     		bne	.L97
 352:Src/maze.c    **** 					tmp_dir = UTURN;
 1191              		.loc 1 352 0
 1192 0134 5C4B     		ldr	r3, .L146+8
 1193              	.LVL67:
 1194 0136 DB7A     		ldrb	r3, [r3, #11]	@ zero_extendqisi2
 1195 0138 002B     		cmp	r3, #0
 1196 013a 00F0AF80 		beq	.L128
 354:Src/maze.c    **** 					tmp_dir = KABEATE;
 1197              		.loc 1 354 0
 1198 013e 5A4B     		ldr	r3, .L146+8
 1199 0140 DB7A     		ldrb	r3, [r3, #11]	@ zero_extendqisi2
 1200 0142 DBB2     		uxtb	r3, r3
 1201 0144 012B     		cmp	r3, #1
 1202 0146 A3D1     		bne	.L97
 355:Src/maze.c    **** 				}
 1203              		.loc 1 355 0
 1204 0148 0320     		movs	r0, #3
 1205              	.LVL68:
 1206 014a A1E7     		b	.L97
 1207              	.LVL69:
 1208              	.L124:
 288:Src/maze.c    **** 	// 現在の向きに応じて場合分けし、 歩数が少ない方向を判断
 1209              		.loc 1 288 0
 1210 014c 0220     		movs	r0, #2
ARM GAS  C:\Users\kotaro\AppData\Local\Temp\ccYfRoNl.s 			page 31


 287:Src/maze.c    **** 	int8_t tmp_dir = UTURN;				// 方向
 1211              		.loc 1 287 0
 1212 014e FE23     		movs	r3, #254
 1213 0150 CAE7     		b	.L106
 1214              	.L125:
 331:Src/maze.c    **** 					}
 1215              		.loc 1 331 0
 1216 0152 0020     		movs	r0, #0
 1217 0154 C8E7     		b	.L106
 1218              	.L101:
 360:Src/maze.c    **** 				if( position.y > 0 ){
 1219              		.loc 1 360 0
 1220 0156 524B     		ldr	r3, .L146
 1221 0158 1A78     		ldrb	r2, [r3]	@ zero_extendqisi2
 1222 015a 5978     		ldrb	r1, [r3, #1]	@ zero_extendqisi2
 1223 015c 481E     		subs	r0, r1, #1
 1224 015e 514B     		ldr	r3, .L146+4
 1225 0160 03EB0213 		add	r3, r3, r2, lsl #4
 1226 0164 1B5C     		ldrb	r3, [r3, r0]	@ zero_extendqisi2
 1227 0166 FD2B     		cmp	r3, #253
 1228 0168 0CD8     		bhi	.L130
 361:Src/maze.c    **** 					if( maze.wall_south[position.x][position.y] == false ){
 1229              		.loc 1 361 0
 1230 016a 0029     		cmp	r1, #0
 1231 016c 3DD0     		beq	.L131
 362:Src/maze.c    **** 						tmp_step = maze.step[position.x][position.y-1];
 1232              		.loc 1 362 0
 1233 016e 4D48     		ldr	r0, .L146+4
 1234 0170 00EB0210 		add	r0, r0, r2, lsl #4
 1235 0174 0844     		add	r0, r0, r1
 1236 0176 90F80004 		ldrb	r0, [r0, #1024]	@ zero_extendqisi2
 1237 017a 0028     		cmp	r0, #0
 1238 017c 38D0     		beq	.L132
 288:Src/maze.c    **** 	// 現在の向きに応じて場合分けし、 歩数が少ない方向を判断
 1239              		.loc 1 288 0
 1240 017e 0220     		movs	r0, #2
 287:Src/maze.c    **** 	int8_t tmp_dir = UTURN;				// 方向
 1241              		.loc 1 287 0
 1242 0180 FE23     		movs	r3, #254
 1243 0182 01E0     		b	.L109
 1244              	.L130:
 288:Src/maze.c    **** 	// 現在の向きに応じて場合分けし、 歩数が少ない方向を判断
 1245              		.loc 1 288 0
 1246 0184 0220     		movs	r0, #2
 287:Src/maze.c    **** 	int8_t tmp_dir = UTURN;				// 方向
 1247              		.loc 1 287 0
 1248 0186 FE23     		movs	r3, #254
 1249              	.L109:
 1250              	.LVL70:
 368:Src/maze.c    **** 				if( position.x < MAZE_SIZE){
 1251              		.loc 1 368 0
 1252 0188 541C     		adds	r4, r2, #1
 1253 018a 464D     		ldr	r5, .L146+4
 1254 018c 05EB0414 		add	r4, r5, r4, lsl #4
 1255 0190 645C     		ldrb	r4, [r4, r1]	@ zero_extendqisi2
 1256 0192 9C42     		cmp	r4, r3
 1257 0194 09D2     		bcs	.L110
ARM GAS  C:\Users\kotaro\AppData\Local\Temp\ccYfRoNl.s 			page 32


 369:Src/maze.c    **** 					if( maze.wall_east[position.x][position.y] == false ){
 1258              		.loc 1 369 0
 1259 0196 0E2A     		cmp	r2, #14
 1260 0198 07D8     		bhi	.L110
 370:Src/maze.c    **** 						tmp_step = maze.step[position.x+1][position.y];
 1261              		.loc 1 370 0
 1262 019a 05EB0215 		add	r5, r5, r2, lsl #4
 1263 019e 0D44     		add	r5, r5, r1
 1264 01a0 95F80053 		ldrb	r5, [r5, #768]	@ zero_extendqisi2
 1265 01a4 0DB9     		cbnz	r5, .L110
 371:Src/maze.c    **** 						tmp_dir = LEFT;
 1266              		.loc 1 371 0
 1267 01a6 2346     		mov	r3, r4
 1268              	.LVL71:
 372:Src/maze.c    **** 					}
 1269              		.loc 1 372 0
 1270 01a8 0120     		movs	r0, #1
 1271              	.LVL72:
 1272              	.L110:
 376:Src/maze.c    **** 				if( position.x > 0 ){
 1273              		.loc 1 376 0
 1274 01aa 541E     		subs	r4, r2, #1
 1275 01ac 3D4D     		ldr	r5, .L146+4
 1276 01ae 05EB0414 		add	r4, r5, r4, lsl #4
 1277 01b2 645C     		ldrb	r4, [r4, r1]	@ zero_extendqisi2
 1278 01b4 9C42     		cmp	r4, r3
 1279 01b6 09D2     		bcs	.L111
 377:Src/maze.c    **** 					if( maze.wall_west[position.x][position.y] == false ){
 1280              		.loc 1 377 0
 1281 01b8 42B1     		cbz	r2, .L111
 378:Src/maze.c    **** 						tmp_step = maze.step[position.x-1][position.y];
 1282              		.loc 1 378 0
 1283 01ba 05EB0212 		add	r2, r5, r2, lsl #4
 1284 01be 1144     		add	r1, r1, r2
 1285 01c0 91F80025 		ldrb	r2, [r1, #1280]	@ zero_extendqisi2
 1286 01c4 12B9     		cbnz	r2, .L111
 379:Src/maze.c    **** 						tmp_dir = RIGHT;
 1287              		.loc 1 379 0
 1288 01c6 2346     		mov	r3, r4
 1289              	.LVL73:
 380:Src/maze.c    **** 					}
 1290              		.loc 1 380 0
 1291 01c8 4FF0FF30 		mov	r0, #-1
 1292              	.LVL74:
 1293              	.L111:
 384:Src/maze.c    **** 				if(flag.kabeate == false){
 1294              		.loc 1 384 0
 1295 01cc FE2B     		cmp	r3, #254
 1296 01ce 7FF45FAF 		bne	.L97
 385:Src/maze.c    **** 					tmp_dir = UTURN;
 1297              		.loc 1 385 0
 1298 01d2 354B     		ldr	r3, .L146+8
 1299              	.LVL75:
 1300 01d4 DB7A     		ldrb	r3, [r3, #11]	@ zero_extendqisi2
 1301 01d6 002B     		cmp	r3, #0
 1302 01d8 68D0     		beq	.L135
 387:Src/maze.c    **** 					tmp_dir = KABEATE;
ARM GAS  C:\Users\kotaro\AppData\Local\Temp\ccYfRoNl.s 			page 33


 1303              		.loc 1 387 0
 1304 01da 334B     		ldr	r3, .L146+8
 1305 01dc DB7A     		ldrb	r3, [r3, #11]	@ zero_extendqisi2
 1306 01de DBB2     		uxtb	r3, r3
 1307 01e0 012B     		cmp	r3, #1
 1308 01e2 7FF455AF 		bne	.L97
 388:Src/maze.c    **** 				}
 1309              		.loc 1 388 0
 1310 01e6 0320     		movs	r0, #3
 1311              	.LVL76:
 1312 01e8 52E7     		b	.L97
 1313              	.LVL77:
 1314              	.L131:
 288:Src/maze.c    **** 	// 現在の向きに応じて場合分けし、 歩数が少ない方向を判断
 1315              		.loc 1 288 0
 1316 01ea 0220     		movs	r0, #2
 287:Src/maze.c    **** 	int8_t tmp_dir = UTURN;				// 方向
 1317              		.loc 1 287 0
 1318 01ec FE23     		movs	r3, #254
 1319 01ee CBE7     		b	.L109
 1320              	.L132:
 364:Src/maze.c    **** 				}
 1321              		.loc 1 364 0
 1322 01f0 0020     		movs	r0, #0
 1323 01f2 C9E7     		b	.L109
 1324              	.L102:
 393:Src/maze.c    **** 				if( position.x > 0 ){
 1325              		.loc 1 393 0
 1326 01f4 2A4A     		ldr	r2, .L146
 1327 01f6 1178     		ldrb	r1, [r2]	@ zero_extendqisi2
 1328 01f8 481E     		subs	r0, r1, #1
 1329 01fa 5278     		ldrb	r2, [r2, #1]	@ zero_extendqisi2
 1330 01fc 294B     		ldr	r3, .L146+4
 1331 01fe 03EB0013 		add	r3, r3, r0, lsl #4
 1332 0202 9B5C     		ldrb	r3, [r3, r2]	@ zero_extendqisi2
 1333 0204 FD2B     		cmp	r3, #253
 1334 0206 0CD8     		bhi	.L137
 394:Src/maze.c    **** 					if( maze.wall_west[position.x][position.y] == false ){
 1335              		.loc 1 394 0
 1336 0208 0029     		cmp	r1, #0
 1337 020a 3ED0     		beq	.L138
 395:Src/maze.c    **** 						tmp_step = maze.step[position.x-1][position.y];
 1338              		.loc 1 395 0
 1339 020c 2548     		ldr	r0, .L146+4
 1340 020e 00EB0110 		add	r0, r0, r1, lsl #4
 1341 0212 1044     		add	r0, r0, r2
 1342 0214 90F80005 		ldrb	r0, [r0, #1280]	@ zero_extendqisi2
 1343 0218 0028     		cmp	r0, #0
 1344 021a 39D0     		beq	.L139
 288:Src/maze.c    **** 	// 現在の向きに応じて場合分けし、 歩数が少ない方向を判断
 1345              		.loc 1 288 0
 1346 021c 0220     		movs	r0, #2
 287:Src/maze.c    **** 	int8_t tmp_dir = UTURN;				// 方向
 1347              		.loc 1 287 0
 1348 021e FE23     		movs	r3, #254
 1349 0220 01E0     		b	.L112
 1350              	.L137:
ARM GAS  C:\Users\kotaro\AppData\Local\Temp\ccYfRoNl.s 			page 34


 288:Src/maze.c    **** 	// 現在の向きに応じて場合分けし、 歩数が少ない方向を判断
 1351              		.loc 1 288 0
 1352 0222 0220     		movs	r0, #2
 287:Src/maze.c    **** 	int8_t tmp_dir = UTURN;				// 方向
 1353              		.loc 1 287 0
 1354 0224 FE23     		movs	r3, #254
 1355              	.L112:
 1356              	.LVL78:
 401:Src/maze.c    **** 				if( position.y > 0 ){
 1357              		.loc 1 401 0
 1358 0226 541E     		subs	r4, r2, #1
 1359 0228 1E4D     		ldr	r5, .L146+4
 1360 022a 05EB0115 		add	r5, r5, r1, lsl #4
 1361 022e 2C5D     		ldrb	r4, [r5, r4]	@ zero_extendqisi2
 1362 0230 9C42     		cmp	r4, r3
 1363 0232 09D2     		bcs	.L113
 402:Src/maze.c    **** 					if( maze.wall_south[position.x][position.y] == false ){
 1364              		.loc 1 402 0
 1365 0234 42B1     		cbz	r2, .L113
 403:Src/maze.c    **** 						tmp_step = maze.step[position.x][position.y-1];
 1366              		.loc 1 403 0
 1367 0236 1B4D     		ldr	r5, .L146+4
 1368 0238 05EB0115 		add	r5, r5, r1, lsl #4
 1369 023c 1544     		add	r5, r5, r2
 1370 023e 95F80054 		ldrb	r5, [r5, #1024]	@ zero_extendqisi2
 1371 0242 0DB9     		cbnz	r5, .L113
 404:Src/maze.c    **** 						tmp_dir = LEFT;
 1372              		.loc 1 404 0
 1373 0244 2346     		mov	r3, r4
 1374              	.LVL79:
 405:Src/maze.c    **** 					}
 1375              		.loc 1 405 0
 1376 0246 0120     		movs	r0, #1
 1377              	.LVL80:
 1378              	.L113:
 409:Src/maze.c    **** 				if( position.y < MAZE_SIZE ){
 1379              		.loc 1 409 0
 1380 0248 541C     		adds	r4, r2, #1
 1381 024a 164D     		ldr	r5, .L146+4
 1382 024c 05EB0115 		add	r5, r5, r1, lsl #4
 1383 0250 2C5D     		ldrb	r4, [r5, r4]	@ zero_extendqisi2
 1384 0252 9C42     		cmp	r4, r3
 1385 0254 0BD2     		bcs	.L114
 410:Src/maze.c    **** 					if( maze.wall_north[position.x][position.y] == false ){
 1386              		.loc 1 410 0
 1387 0256 0E2A     		cmp	r2, #14
 1388 0258 09D8     		bhi	.L114
 411:Src/maze.c    **** 						tmp_step = maze.step[position.x][position.y+1];
 1389              		.loc 1 411 0
 1390 025a 124D     		ldr	r5, .L146+4
 1391 025c 05EB0111 		add	r1, r5, r1, lsl #4
 1392 0260 0A44     		add	r2, r2, r1
 1393 0262 92F80022 		ldrb	r2, [r2, #512]	@ zero_extendqisi2
 1394 0266 12B9     		cbnz	r2, .L114
 412:Src/maze.c    **** 						tmp_dir = RIGHT;
 1395              		.loc 1 412 0
 1396 0268 2346     		mov	r3, r4
ARM GAS  C:\Users\kotaro\AppData\Local\Temp\ccYfRoNl.s 			page 35


 1397              	.LVL81:
 413:Src/maze.c    **** 					}
 1398              		.loc 1 413 0
 1399 026a 4FF0FF30 		mov	r0, #-1
 1400              	.LVL82:
 1401              	.L114:
 417:Src/maze.c    **** 				if(flag.kabeate == false){
 1402              		.loc 1 417 0
 1403 026e FE2B     		cmp	r3, #254
 1404 0270 7FF40EAF 		bne	.L97
 418:Src/maze.c    **** 					tmp_dir = UTURN;
 1405              		.loc 1 418 0
 1406 0274 0C4B     		ldr	r3, .L146+8
 1407              	.LVL83:
 1408 0276 DB7A     		ldrb	r3, [r3, #11]	@ zero_extendqisi2
 1409 0278 D3B1     		cbz	r3, .L142
 420:Src/maze.c    **** 					tmp_dir = KABEATE;
 1410              		.loc 1 420 0
 1411 027a 0B4B     		ldr	r3, .L146+8
 1412 027c DB7A     		ldrb	r3, [r3, #11]	@ zero_extendqisi2
 1413 027e DBB2     		uxtb	r3, r3
 1414 0280 012B     		cmp	r3, #1
 1415 0282 7FF405AF 		bne	.L97
 421:Src/maze.c    **** 				}
 1416              		.loc 1 421 0
 1417 0286 0320     		movs	r0, #3
 1418              	.LVL84:
 1419 0288 02E7     		b	.L97
 1420              	.LVL85:
 1421              	.L138:
 288:Src/maze.c    **** 	// 現在の向きに応じて場合分けし、 歩数が少ない方向を判断
 1422              		.loc 1 288 0
 1423 028a 0220     		movs	r0, #2
 287:Src/maze.c    **** 	int8_t tmp_dir = UTURN;				// 方向
 1424              		.loc 1 287 0
 1425 028c FE23     		movs	r3, #254
 1426 028e CAE7     		b	.L112
 1427              	.L139:
 397:Src/maze.c    **** 					}
 1428              		.loc 1 397 0
 1429 0290 0020     		movs	r0, #0
 1430 0292 C8E7     		b	.L112
 1431              	.L115:
 288:Src/maze.c    **** 	// 現在の向きに応じて場合分けし、 歩数が少ない方向を判断
 1432              		.loc 1 288 0
 1433 0294 0220     		movs	r0, #2
 1434 0296 FBE6     		b	.L97
 1435              	.LVL86:
 1436              	.L121:
 319:Src/maze.c    **** 				}else if(flag.kabeate == true){
 1437              		.loc 1 319 0
 1438 0298 0220     		movs	r0, #2
 1439              	.LVL87:
 1440 029a F9E6     		b	.L97
 1441              	.LVL88:
 1442              	.L128:
 353:Src/maze.c    **** 				}else if(flag.kabeate == true){
ARM GAS  C:\Users\kotaro\AppData\Local\Temp\ccYfRoNl.s 			page 36


 1443              		.loc 1 353 0
 1444 029c 0220     		movs	r0, #2
 1445              	.LVL89:
 1446 029e F7E6     		b	.L97
 1447              	.L147:
 1448              		.align	2
 1449              	.L146:
 1450 02a0 00000000 		.word	position
 1451 02a4 00000000 		.word	maze
 1452 02a8 00000000 		.word	flag
 1453              	.LVL90:
 1454              	.L135:
 386:Src/maze.c    **** 				}else if(flag.kabeate == true){
 1455              		.loc 1 386 0
 1456 02ac 0220     		movs	r0, #2
 1457              	.LVL91:
 1458 02ae EFE6     		b	.L97
 1459              	.LVL92:
 1460              	.L142:
 419:Src/maze.c    **** 				}else if(flag.kabeate == true){
 1461              		.loc 1 419 0
 1462 02b0 0220     		movs	r0, #2
 1463              	.LVL93:
 1464 02b2 EDE6     		b	.L97
 1465              		.cfi_endproc
 1466              	.LFE131:
 1468              		.section	.text.MAZE_Printf_Step,"ax",%progbits
 1469              		.align	1
 1470              		.global	MAZE_Printf_Step
 1471              		.syntax unified
 1472              		.thumb
 1473              		.thumb_func
 1474              		.fpu fpv4-sp-d16
 1476              	MAZE_Printf_Step:
 1477              	.LFB132:
 430:Src/maze.c    **** 
 431:Src/maze.c    **** /**************************************************************************************************
 432:Src/maze.c    ****  * outline : output step
 433:Src/maze.c    ****  * argument : void
 434:Src/maze.c    ****  * return : void
 435:Src/maze.c    **** ***************************************************************************************************
 436:Src/maze.c    **** void MAZE_Printf_Step(void) {
 1478              		.loc 1 436 0
 1479              		.cfi_startproc
 1480              		@ args = 0, pretend = 0, frame = 0
 1481              		@ frame_needed = 0, uses_anonymous_args = 0
 1482 0000 38B5     		push	{r3, r4, r5, lr}
 1483              	.LCFI10:
 1484              		.cfi_def_cfa_offset 16
 1485              		.cfi_offset 3, -16
 1486              		.cfi_offset 4, -12
 1487              		.cfi_offset 5, -8
 1488              		.cfi_offset 14, -4
 1489              	.LVL94:
 437:Src/maze.c    **** 	int i=0;
 438:Src/maze.c    **** 	for (i = 0; i <= MAZE_SIZE; i++)
 1490              		.loc 1 438 0
ARM GAS  C:\Users\kotaro\AppData\Local\Temp\ccYfRoNl.s 			page 37


 1491 0002 0025     		movs	r5, #0
 1492 0004 38E0     		b	.L149
 1493              	.LVL95:
 1494              	.L163:
 1495              	.LBB13:
 439:Src/maze.c    **** 	{
 440:Src/maze.c    **** 		int j;
 441:Src/maze.c    **** 		for (j = 0; j <= MAZE_SIZE; j++)
 442:Src/maze.c    **** 		{
 443:Src/maze.c    **** 			printf("+");
 444:Src/maze.c    **** 			if (maze.wall_west[i][j] == 1)
 445:Src/maze.c    **** 			{
 446:Src/maze.c    **** 				printf("---");
 1496              		.loc 1 446 0
 1497 0006 2648     		ldr	r0, .L167
 1498 0008 FFF7FEFF 		bl	printf
 1499              	.LVL96:
 1500              	.L151:
 441:Src/maze.c    **** 		{
 1501              		.loc 1 441 0 discriminator 2
 1502 000c 0134     		adds	r4, r4, #1
 1503              	.LVL97:
 1504              	.L157:
 441:Src/maze.c    **** 		{
 1505              		.loc 1 441 0 is_stmt 0 discriminator 1
 1506 000e 0F2C     		cmp	r4, #15
 1507 0010 10DC     		bgt	.L162
 443:Src/maze.c    **** 			if (maze.wall_west[i][j] == 1)
 1508              		.loc 1 443 0 is_stmt 1
 1509 0012 2B20     		movs	r0, #43
 1510 0014 FFF7FEFF 		bl	putchar
 1511              	.LVL98:
 444:Src/maze.c    **** 			{
 1512              		.loc 1 444 0
 1513 0018 224B     		ldr	r3, .L167+4
 1514 001a 03EB0513 		add	r3, r3, r5, lsl #4
 1515 001e 2344     		add	r3, r3, r4
 1516 0020 93F80035 		ldrb	r3, [r3, #1280]	@ zero_extendqisi2
 1517 0024 012B     		cmp	r3, #1
 1518 0026 EED0     		beq	.L163
 447:Src/maze.c    **** 			}
 448:Src/maze.c    **** 			else if(maze.wall_west[i][j] == 0)
 1519              		.loc 1 448 0
 1520 0028 002B     		cmp	r3, #0
 1521 002a EFD1     		bne	.L151
 449:Src/maze.c    **** 			{
 450:Src/maze.c    **** 				printf("   ");
 1522              		.loc 1 450 0
 1523 002c 1E48     		ldr	r0, .L167+8
 1524 002e FFF7FEFF 		bl	printf
 1525              	.LVL99:
 1526 0032 EBE7     		b	.L151
 1527              	.L162:
 451:Src/maze.c    **** 			}
 452:Src/maze.c    **** 		}
 453:Src/maze.c    **** 		printf("+\r\n");
 1528              		.loc 1 453 0
ARM GAS  C:\Users\kotaro\AppData\Local\Temp\ccYfRoNl.s 			page 38


 1529 0034 1D48     		ldr	r0, .L167+12
 1530 0036 FFF7FEFF 		bl	puts
 1531              	.LVL100:
 454:Src/maze.c    **** 		for (j = 0; j <= MAZE_SIZE; j++)
 1532              		.loc 1 454 0
 1533 003a 0024     		movs	r4, #0
 1534 003c 0AE0     		b	.L153
 1535              	.LVL101:
 1536              	.L165:
 455:Src/maze.c    **** 		{
 456:Src/maze.c    **** 			if (maze.wall_south[i][j] == 1)
 457:Src/maze.c    **** 			{
 458:Src/maze.c    **** 				printf("|");
 1537              		.loc 1 458 0
 1538 003e 7C20     		movs	r0, #124
 1539 0040 FFF7FEFF 		bl	putchar
 1540              	.LVL102:
 1541              	.L155:
 459:Src/maze.c    **** 			}
 460:Src/maze.c    **** 			else
 461:Src/maze.c    **** 			{
 462:Src/maze.c    **** 				printf(" ");
 463:Src/maze.c    **** 			}
 464:Src/maze.c    **** 			printf("%3d", maze.step[i][j]);
 1542              		.loc 1 464 0 discriminator 2
 1543 0044 174B     		ldr	r3, .L167+4
 1544 0046 03EB0513 		add	r3, r3, r5, lsl #4
 1545 004a 195D     		ldrb	r1, [r3, r4]	@ zero_extendqisi2
 1546 004c 1848     		ldr	r0, .L167+16
 1547 004e FFF7FEFF 		bl	printf
 1548              	.LVL103:
 454:Src/maze.c    **** 		{
 1549              		.loc 1 454 0 discriminator 2
 1550 0052 0134     		adds	r4, r4, #1
 1551              	.LVL104:
 1552              	.L153:
 454:Src/maze.c    **** 		{
 1553              		.loc 1 454 0 is_stmt 0 discriminator 1
 1554 0054 0F2C     		cmp	r4, #15
 1555 0056 0BDC     		bgt	.L164
 456:Src/maze.c    **** 			{
 1556              		.loc 1 456 0 is_stmt 1
 1557 0058 124B     		ldr	r3, .L167+4
 1558 005a 03EB0513 		add	r3, r3, r5, lsl #4
 1559 005e 2344     		add	r3, r3, r4
 1560 0060 93F80034 		ldrb	r3, [r3, #1024]	@ zero_extendqisi2
 1561 0064 012B     		cmp	r3, #1
 1562 0066 EAD0     		beq	.L165
 462:Src/maze.c    **** 			}
 1563              		.loc 1 462 0
 1564 0068 2020     		movs	r0, #32
 1565 006a FFF7FEFF 		bl	putchar
 1566              	.LVL105:
 1567 006e E9E7     		b	.L155
 1568              	.L164:
 465:Src/maze.c    **** 		}
 466:Src/maze.c    **** 		printf("|\r\n");
ARM GAS  C:\Users\kotaro\AppData\Local\Temp\ccYfRoNl.s 			page 39


 1569              		.loc 1 466 0 discriminator 2
 1570 0070 1048     		ldr	r0, .L167+20
 1571 0072 FFF7FEFF 		bl	puts
 1572              	.LVL106:
 1573              	.LBE13:
 438:Src/maze.c    **** 	{
 1574              		.loc 1 438 0 discriminator 2
 1575 0076 0135     		adds	r5, r5, #1
 1576              	.LVL107:
 1577              	.L149:
 438:Src/maze.c    **** 	{
 1578              		.loc 1 438 0 is_stmt 0 discriminator 1
 1579 0078 0F2D     		cmp	r5, #15
 1580 007a 01DC     		bgt	.L166
 1581              	.LBB14:
 441:Src/maze.c    **** 		{
 1582              		.loc 1 441 0 is_stmt 1
 1583 007c 0024     		movs	r4, #0
 1584 007e C6E7     		b	.L157
 1585              	.L166:
 1586              	.LBE14:
 467:Src/maze.c    **** 	}
 468:Src/maze.c    **** 	for (i = 0; i <= MAZE_SIZE; i++)
 1587              		.loc 1 468 0
 1588 0080 0024     		movs	r4, #0
 1589 0082 06E0     		b	.L158
 1590              	.LVL108:
 1591              	.L159:
 469:Src/maze.c    **** 	{
 470:Src/maze.c    **** 		printf("+");
 1592              		.loc 1 470 0 discriminator 3
 1593 0084 2B20     		movs	r0, #43
 1594 0086 FFF7FEFF 		bl	putchar
 1595              	.LVL109:
 471:Src/maze.c    **** 		printf("---");
 1596              		.loc 1 471 0 discriminator 3
 1597 008a 0548     		ldr	r0, .L167
 1598 008c FFF7FEFF 		bl	printf
 1599              	.LVL110:
 468:Src/maze.c    **** 	{
 1600              		.loc 1 468 0 discriminator 3
 1601 0090 0134     		adds	r4, r4, #1
 1602              	.LVL111:
 1603              	.L158:
 468:Src/maze.c    **** 	{
 1604              		.loc 1 468 0 is_stmt 0 discriminator 1
 1605 0092 0F2C     		cmp	r4, #15
 1606 0094 F6DD     		ble	.L159
 472:Src/maze.c    **** 	}
 473:Src/maze.c    **** 	printf("+\r\n\n");
 1607              		.loc 1 473 0 is_stmt 1
 1608 0096 0848     		ldr	r0, .L167+24
 1609 0098 FFF7FEFF 		bl	puts
 1610              	.LVL112:
 474:Src/maze.c    **** }
 1611              		.loc 1 474 0
 1612 009c 38BD     		pop	{r3, r4, r5, pc}
ARM GAS  C:\Users\kotaro\AppData\Local\Temp\ccYfRoNl.s 			page 40


 1613              	.LVL113:
 1614              	.L168:
 1615 009e 00BF     		.align	2
 1616              	.L167:
 1617 00a0 00000000 		.word	.LC0
 1618 00a4 00000000 		.word	maze
 1619 00a8 04000000 		.word	.LC1
 1620 00ac 08000000 		.word	.LC2
 1621 00b0 0C000000 		.word	.LC3
 1622 00b4 10000000 		.word	.LC4
 1623 00b8 14000000 		.word	.LC5
 1624              		.cfi_endproc
 1625              	.LFE132:
 1627              		.section	.text.Maze_GoalCheck,"ax",%progbits
 1628              		.align	1
 1629              		.global	Maze_GoalCheck
 1630              		.syntax unified
 1631              		.thumb
 1632              		.thumb_func
 1633              		.fpu fpv4-sp-d16
 1635              	Maze_GoalCheck:
 1636              	.LFB133:
 475:Src/maze.c    **** 
 476:Src/maze.c    **** void Maze_GoalCheck(uint8_t flag_goal_is){
 1637              		.loc 1 476 0
 1638              		.cfi_startproc
 1639              		@ args = 0, pretend = 0, frame = 0
 1640              		@ frame_needed = 0, uses_anonymous_args = 0
 1641              		@ link register save eliminated.
 1642              	.LVL114:
 477:Src/maze.c    **** 	if(position.x==mazeDef.maze_goal_x && position.y==mazeDef.maze_goal_y){
 478:Src/maze.c    **** 		flag_goal_is = true;
 479:Src/maze.c    **** 	}
 480:Src/maze.c    **** }...
 1643              		.loc 1 480 0
 1644 0000 7047     		bx	lr
 1645              		.cfi_endproc
 1646              	.LFE133:
 1648              		.comm	maze,1793,4
 1649              		.comm	mazeDef,2,4
 1650              		.section	.rodata.MAZE_Printf_Step.str1.4,"aMS",%progbits,1
 1651              		.align	2
 1652              	.LC0:
 1653 0000 2D2D2D00 		.ascii	"---\000"
 1654              	.LC1:
 1655 0004 20202000 		.ascii	"   \000"
 1656              	.LC2:
 1657 0008 2B0D00   		.ascii	"+\015\000"
 1658 000b 00       		.space	1
 1659              	.LC3:
 1660 000c 25336400 		.ascii	"%3d\000"
 1661              	.LC4:
 1662 0010 7C0D00   		.ascii	"|\015\000"
 1663 0013 00       		.space	1
 1664              	.LC5:
 1665 0014 2B0D0A00 		.ascii	"+\015\012\000"
 1666              		.text
ARM GAS  C:\Users\kotaro\AppData\Local\Temp\ccYfRoNl.s 			page 41


 1667              	.Letext0:
 1668              		.file 2 "c:\\program files (x86)\\gnu tools arm embedded\\7 2017-q4-major\\arm-none-eabi\\include\
 1669              		.file 3 "c:\\program files (x86)\\gnu tools arm embedded\\7 2017-q4-major\\arm-none-eabi\\include\
 1670              		.file 4 "Inc/maze.h"
 1671              		.file 5 "Drivers/CMSIS/Include/core_cm4.h"
 1672              		.file 6 "Drivers/CMSIS/Device/ST/STM32F4xx/Include/system_stm32f4xx.h"
 1673              		.file 7 "c:\\program files (x86)\\gnu tools arm embedded\\7 2017-q4-major\\arm-none-eabi\\include\
 1674              		.file 8 "c:\\program files (x86)\\gnu tools arm embedded\\7 2017-q4-major\\arm-none-eabi\\include\
 1675              		.file 9 "c:\\program files (x86)\\gnu tools arm embedded\\7 2017-q4-major\\lib\\gcc\\arm-none-eabi
 1676              		.file 10 "c:\\program files (x86)\\gnu tools arm embedded\\7 2017-q4-major\\arm-none-eabi\\include
 1677              		.file 11 "Inc/global.h"
 1678              		.file 12 "<built-in>"
 1679              		.file 13 "c:\\program files (x86)\\gnu tools arm embedded\\7 2017-q4-major\\arm-none-eabi\\include
ARM GAS  C:\Users\kotaro\AppData\Local\Temp\ccYfRoNl.s 			page 42


DEFINED SYMBOLS
                            *ABS*:00000000 maze.c
C:\Users\kotaro\AppData\Local\Temp\ccYfRoNl.s:18     .text.Maze_Set:00000000 $t
C:\Users\kotaro\AppData\Local\Temp\ccYfRoNl.s:25     .text.Maze_Set:00000000 Maze_Set
C:\Users\kotaro\AppData\Local\Temp\ccYfRoNl.s:44     .text.Maze_Set:0000000c $d
                            *COM*:00000002 mazeDef
C:\Users\kotaro\AppData\Local\Temp\ccYfRoNl.s:49     .text.Init_maze:00000000 $t
C:\Users\kotaro\AppData\Local\Temp\ccYfRoNl.s:56     .text.Init_maze:00000000 Init_maze
C:\Users\kotaro\AppData\Local\Temp\ccYfRoNl.s:149    .text.Init_maze:0000006c $d
                            *COM*:00000701 maze
C:\Users\kotaro\AppData\Local\Temp\ccYfRoNl.s:154    .text.MAZE_Create_Step:00000000 $t
C:\Users\kotaro\AppData\Local\Temp\ccYfRoNl.s:161    .text.MAZE_Create_Step:00000000 MAZE_Create_Step
C:\Users\kotaro\AppData\Local\Temp\ccYfRoNl.s:428    .text.MAZE_Create_Step:0000015c $d
C:\Users\kotaro\AppData\Local\Temp\ccYfRoNl.s:434    .text.Maze_Get_Wall:00000000 $t
C:\Users\kotaro\AppData\Local\Temp\ccYfRoNl.s:441    .text.Maze_Get_Wall:00000000 Maze_Get_Wall
C:\Users\kotaro\AppData\Local\Temp\ccYfRoNl.s:479    .text.Maze_Get_Wall:00000028 $d
C:\Users\kotaro\AppData\Local\Temp\ccYfRoNl.s:483    .text.Maze_Get_Wall:0000002c $t
C:\Users\kotaro\AppData\Local\Temp\ccYfRoNl.s:638    .text.Maze_Get_Wall:000000e0 $d
C:\Users\kotaro\AppData\Local\Temp\ccYfRoNl.s:648    .text.Update_Position:00000000 $t
C:\Users\kotaro\AppData\Local\Temp\ccYfRoNl.s:655    .text.Update_Position:00000000 Update_Position
C:\Users\kotaro\AppData\Local\Temp\ccYfRoNl.s:670    .text.Update_Position:0000000c $d
C:\Users\kotaro\AppData\Local\Temp\ccYfRoNl.s:684    .text.Update_Position:00000020 $d
C:\Users\kotaro\AppData\Local\Temp\ccYfRoNl.s:688    .text.Update_Position:00000024 $t
C:\Users\kotaro\AppData\Local\Temp\ccYfRoNl.s:741    .text.Update_Position:0000006a $d
C:\Users\kotaro\AppData\Local\Temp\ccYfRoNl.s:745    .text.Update_Position:0000006e $t
C:\Users\kotaro\AppData\Local\Temp\ccYfRoNl.s:786    .text.Update_Position:000000a2 $d
C:\Users\kotaro\AppData\Local\Temp\ccYfRoNl.s:790    .text.Update_Position:000000a6 $t
C:\Users\kotaro\AppData\Local\Temp\ccYfRoNl.s:843    .text.Update_Position:000000ea $d
C:\Users\kotaro\AppData\Local\Temp\ccYfRoNl.s:847    .text.Update_Position:000000ee $t
C:\Users\kotaro\AppData\Local\Temp\ccYfRoNl.s:900    .text.Update_Position:00000132 $d
C:\Users\kotaro\AppData\Local\Temp\ccYfRoNl.s:904    .text.Update_Position:00000136 $t
C:\Users\kotaro\AppData\Local\Temp\ccYfRoNl.s:953    .text.Update_Position:00000170 $d
C:\Users\kotaro\AppData\Local\Temp\ccYfRoNl.s:958    .text.Maze_Next_Motion:00000000 $t
C:\Users\kotaro\AppData\Local\Temp\ccYfRoNl.s:965    .text.Maze_Next_Motion:00000000 Maze_Next_Motion
C:\Users\kotaro\AppData\Local\Temp\ccYfRoNl.s:985    .text.Maze_Next_Motion:00000010 $d
C:\Users\kotaro\AppData\Local\Temp\ccYfRoNl.s:989    .text.Maze_Next_Motion:00000018 $t
C:\Users\kotaro\AppData\Local\Temp\ccYfRoNl.s:1450   .text.Maze_Next_Motion:000002a0 $d
C:\Users\kotaro\AppData\Local\Temp\ccYfRoNl.s:1456   .text.Maze_Next_Motion:000002ac $t
C:\Users\kotaro\AppData\Local\Temp\ccYfRoNl.s:1469   .text.MAZE_Printf_Step:00000000 $t
C:\Users\kotaro\AppData\Local\Temp\ccYfRoNl.s:1476   .text.MAZE_Printf_Step:00000000 MAZE_Printf_Step
C:\Users\kotaro\AppData\Local\Temp\ccYfRoNl.s:1617   .text.MAZE_Printf_Step:000000a0 $d
C:\Users\kotaro\AppData\Local\Temp\ccYfRoNl.s:1628   .text.Maze_GoalCheck:00000000 $t
C:\Users\kotaro\AppData\Local\Temp\ccYfRoNl.s:1635   .text.Maze_GoalCheck:00000000 Maze_GoalCheck
C:\Users\kotaro\AppData\Local\Temp\ccYfRoNl.s:1651   .rodata.MAZE_Printf_Step.str1.4:00000000 $d
C:\Users\kotaro\AppData\Local\Temp\ccYfRoNl.s:675    .text.Update_Position:00000011 $d
C:\Users\kotaro\AppData\Local\Temp\ccYfRoNl.s:675    .text.Update_Position:00000012 $t

UNDEFINED SYMBOLS
sen_front
flag
position
sen_r
sen_l
printf
putchar
puts
