ARM GAS  C:\Users\kotaro\AppData\Local\Temp\ccTDhkE8.s 			page 1


   1              		.cpu cortex-m4
   2              		.eabi_attribute 27, 1
   3              		.eabi_attribute 28, 1
   4              		.eabi_attribute 20, 1
   5              		.eabi_attribute 21, 1
   6              		.eabi_attribute 23, 3
   7              		.eabi_attribute 24, 1
   8              		.eabi_attribute 25, 1
   9              		.eabi_attribute 26, 1
  10              		.eabi_attribute 30, 1
  11              		.eabi_attribute 34, 1
  12              		.eabi_attribute 18, 4
  13              		.file	"stm32f4xx_it.c"
  14              		.text
  15              	.Ltext0:
  16              		.cfi_sections	.debug_frame
  17              		.section	.text.NMI_Handler,"ax",%progbits
  18              		.align	1
  19              		.global	NMI_Handler
  20              		.syntax unified
  21              		.thumb
  22              		.thumb_func
  23              		.fpu fpv4-sp-d16
  25              	NMI_Handler:
  26              	.LFB126:
  27              		.file 1 "Src/stm32f4xx_it.c"
   1:Src/stm32f4xx_it.c **** /**
   2:Src/stm32f4xx_it.c ****   ******************************************************************************
   3:Src/stm32f4xx_it.c ****   * @file    stm32f4xx_it.c
   4:Src/stm32f4xx_it.c ****   * @brief   Interrupt Service Routines.
   5:Src/stm32f4xx_it.c ****   ******************************************************************************
   6:Src/stm32f4xx_it.c ****   *
   7:Src/stm32f4xx_it.c ****   * COPYRIGHT(c) 2018 STMicroelectronics
   8:Src/stm32f4xx_it.c ****   *
   9:Src/stm32f4xx_it.c ****   * Redistribution and use in source and binary forms, with or without modification,
  10:Src/stm32f4xx_it.c ****   * are permitted provided that the following conditions are met:
  11:Src/stm32f4xx_it.c ****   *   1. Redistributions of source code must retain the above copyright notice,
  12:Src/stm32f4xx_it.c ****   *      this list of conditions and the following disclaimer.
  13:Src/stm32f4xx_it.c ****   *   2. Redistributions in binary form must reproduce the above copyright notice,
  14:Src/stm32f4xx_it.c ****   *      this list of conditions and the following disclaimer in the documentation
  15:Src/stm32f4xx_it.c ****   *      and/or other materials provided with the distribution.
  16:Src/stm32f4xx_it.c ****   *   3. Neither the name of STMicroelectronics nor the names of its contributors
  17:Src/stm32f4xx_it.c ****   *      may be used to endorse or promote products derived from this software
  18:Src/stm32f4xx_it.c ****   *      without specific prior written permission.
  19:Src/stm32f4xx_it.c ****   *
  20:Src/stm32f4xx_it.c ****   * THIS SOFTWARE IS PROVIDED BY THE COPYRIGHT HOLDERS AND CONTRIBUTORS "AS IS"
  21:Src/stm32f4xx_it.c ****   * AND ANY EXPRESS OR IMPLIED WARRANTIES, INCLUDING, BUT NOT LIMITED TO, THE
  22:Src/stm32f4xx_it.c ****   * IMPLIED WARRANTIES OF MERCHANTABILITY AND FITNESS FOR A PARTICULAR PURPOSE ARE
  23:Src/stm32f4xx_it.c ****   * DISCLAIMED. IN NO EVENT SHALL THE COPYRIGHT HOLDER OR CONTRIBUTORS BE LIABLE
  24:Src/stm32f4xx_it.c ****   * FOR ANY DIRECT, INDIRECT, INCIDENTAL, SPECIAL, EXEMPLARY, OR CONSEQUENTIAL
  25:Src/stm32f4xx_it.c ****   * DAMAGES (INCLUDING, BUT NOT LIMITED TO, PROCUREMENT OF SUBSTITUTE GOODS OR
  26:Src/stm32f4xx_it.c ****   * SERVICES; LOSS OF USE, DATA, OR PROFITS; OR BUSINESS INTERRUPTION) HOWEVER
  27:Src/stm32f4xx_it.c ****   * CAUSED AND ON ANY THEORY OF LIABILITY, WHETHER IN CONTRACT, STRICT LIABILITY,
  28:Src/stm32f4xx_it.c ****   * OR TORT (INCLUDING NEGLIGENCE OR OTHERWISE) ARISING IN ANY WAY OUT OF THE USE
  29:Src/stm32f4xx_it.c ****   * OF THIS SOFTWARE, EVEN IF ADVISED OF THE POSSIBILITY OF SUCH DAMAGE.
  30:Src/stm32f4xx_it.c ****   *
  31:Src/stm32f4xx_it.c ****   ******************************************************************************
ARM GAS  C:\Users\kotaro\AppData\Local\Temp\ccTDhkE8.s 			page 2


  32:Src/stm32f4xx_it.c ****   */
  33:Src/stm32f4xx_it.c **** /* Includes ------------------------------------------------------------------*/
  34:Src/stm32f4xx_it.c **** #include "stm32f4xx_hal.h"
  35:Src/stm32f4xx_it.c **** #include "stm32f4xx.h"
  36:Src/stm32f4xx_it.c **** #include "stm32f4xx_it.h"
  37:Src/stm32f4xx_it.c **** 
  38:Src/stm32f4xx_it.c **** /* USER CODE BEGIN 0 */
  39:Src/stm32f4xx_it.c **** #include "adc.h"
  40:Src/stm32f4xx_it.c **** #include "gpio.h"
  41:Src/stm32f4xx_it.c **** #include "spi.h"
  42:Src/stm32f4xx_it.c **** #include "tim.h"
  43:Src/stm32f4xx_it.c **** #include "global.h"
  44:Src/stm32f4xx_it.c **** #include "control.h"
  45:Src/stm32f4xx_it.c **** #include "function.h"
  46:Src/stm32f4xx_it.c **** 
  47:Src/stm32f4xx_it.c **** /* USER CODE END 0 */
  48:Src/stm32f4xx_it.c **** 
  49:Src/stm32f4xx_it.c **** /* External variables --------------------------------------------------------*/
  50:Src/stm32f4xx_it.c **** extern DMA_HandleTypeDef hdma_adc1;
  51:Src/stm32f4xx_it.c **** 
  52:Src/stm32f4xx_it.c **** /******************************************************************************/
  53:Src/stm32f4xx_it.c **** /*            Cortex-M4 Processor Interruption and Exception Handlers         */ 
  54:Src/stm32f4xx_it.c **** /******************************************************************************/
  55:Src/stm32f4xx_it.c **** 
  56:Src/stm32f4xx_it.c **** /**
  57:Src/stm32f4xx_it.c **** * @brief This function handles Non maskable interrupt.
  58:Src/stm32f4xx_it.c **** */
  59:Src/stm32f4xx_it.c **** void NMI_Handler(void)
  60:Src/stm32f4xx_it.c **** {
  28              		.loc 1 60 0
  29              		.cfi_startproc
  30              		@ args = 0, pretend = 0, frame = 0
  31              		@ frame_needed = 0, uses_anonymous_args = 0
  32              		@ link register save eliminated.
  61:Src/stm32f4xx_it.c ****   /* USER CODE BEGIN NonMaskableInt_IRQn 0 */
  62:Src/stm32f4xx_it.c **** 
  63:Src/stm32f4xx_it.c ****   /* USER CODE END NonMaskableInt_IRQn 0 */
  64:Src/stm32f4xx_it.c ****   /* USER CODE BEGIN NonMaskableInt_IRQn 1 */
  65:Src/stm32f4xx_it.c **** 
  66:Src/stm32f4xx_it.c ****   /* USER CODE END NonMaskableInt_IRQn 1 */
  67:Src/stm32f4xx_it.c **** }
  33              		.loc 1 67 0
  34 0000 7047     		bx	lr
  35              		.cfi_endproc
  36              	.LFE126:
  38              		.section	.text.HardFault_Handler,"ax",%progbits
  39              		.align	1
  40              		.global	HardFault_Handler
  41              		.syntax unified
  42              		.thumb
  43              		.thumb_func
  44              		.fpu fpv4-sp-d16
  46              	HardFault_Handler:
  47              	.LFB127:
  68:Src/stm32f4xx_it.c **** 
  69:Src/stm32f4xx_it.c **** /**
  70:Src/stm32f4xx_it.c **** * @brief This function handles Hard fault interrupt.
ARM GAS  C:\Users\kotaro\AppData\Local\Temp\ccTDhkE8.s 			page 3


  71:Src/stm32f4xx_it.c **** */
  72:Src/stm32f4xx_it.c **** void HardFault_Handler(void)
  73:Src/stm32f4xx_it.c **** {
  48              		.loc 1 73 0
  49              		.cfi_startproc
  50              		@ Volatile: function does not return.
  51              		@ args = 0, pretend = 0, frame = 0
  52              		@ frame_needed = 0, uses_anonymous_args = 0
  53              		@ link register save eliminated.
  54              	.L3:
  55 0000 FEE7     		b	.L3
  56              		.cfi_endproc
  57              	.LFE127:
  59              		.section	.text.MemManage_Handler,"ax",%progbits
  60              		.align	1
  61              		.global	MemManage_Handler
  62              		.syntax unified
  63              		.thumb
  64              		.thumb_func
  65              		.fpu fpv4-sp-d16
  67              	MemManage_Handler:
  68              	.LFB128:
  74:Src/stm32f4xx_it.c ****   /* USER CODE BEGIN HardFault_IRQn 0 */
  75:Src/stm32f4xx_it.c **** 
  76:Src/stm32f4xx_it.c ****   /* USER CODE END HardFault_IRQn 0 */
  77:Src/stm32f4xx_it.c ****   while (1)
  78:Src/stm32f4xx_it.c ****   {
  79:Src/stm32f4xx_it.c ****     /* USER CODE BEGIN W1_HardFault_IRQn 0 */
  80:Src/stm32f4xx_it.c ****     /* USER CODE END W1_HardFault_IRQn 0 */
  81:Src/stm32f4xx_it.c ****   }
  82:Src/stm32f4xx_it.c ****   /* USER CODE BEGIN HardFault_IRQn 1 */
  83:Src/stm32f4xx_it.c **** 
  84:Src/stm32f4xx_it.c ****   /* USER CODE END HardFault_IRQn 1 */
  85:Src/stm32f4xx_it.c **** }
  86:Src/stm32f4xx_it.c **** 
  87:Src/stm32f4xx_it.c **** /**
  88:Src/stm32f4xx_it.c **** * @brief This function handles Memory management fault.
  89:Src/stm32f4xx_it.c **** */
  90:Src/stm32f4xx_it.c **** void MemManage_Handler(void)
  91:Src/stm32f4xx_it.c **** {
  69              		.loc 1 91 0
  70              		.cfi_startproc
  71              		@ Volatile: function does not return.
  72              		@ args = 0, pretend = 0, frame = 0
  73              		@ frame_needed = 0, uses_anonymous_args = 0
  74              		@ link register save eliminated.
  75              	.L5:
  76 0000 FEE7     		b	.L5
  77              		.cfi_endproc
  78              	.LFE128:
  80              		.section	.text.BusFault_Handler,"ax",%progbits
  81              		.align	1
  82              		.global	BusFault_Handler
  83              		.syntax unified
  84              		.thumb
  85              		.thumb_func
  86              		.fpu fpv4-sp-d16
ARM GAS  C:\Users\kotaro\AppData\Local\Temp\ccTDhkE8.s 			page 4


  88              	BusFault_Handler:
  89              	.LFB129:
  92:Src/stm32f4xx_it.c ****   /* USER CODE BEGIN MemoryManagement_IRQn 0 */
  93:Src/stm32f4xx_it.c **** 
  94:Src/stm32f4xx_it.c ****   /* USER CODE END MemoryManagement_IRQn 0 */
  95:Src/stm32f4xx_it.c ****   while (1)
  96:Src/stm32f4xx_it.c ****   {
  97:Src/stm32f4xx_it.c ****     /* USER CODE BEGIN W1_MemoryManagement_IRQn 0 */
  98:Src/stm32f4xx_it.c ****     /* USER CODE END W1_MemoryManagement_IRQn 0 */
  99:Src/stm32f4xx_it.c ****   }
 100:Src/stm32f4xx_it.c ****   /* USER CODE BEGIN MemoryManagement_IRQn 1 */
 101:Src/stm32f4xx_it.c **** 
 102:Src/stm32f4xx_it.c ****   /* USER CODE END MemoryManagement_IRQn 1 */
 103:Src/stm32f4xx_it.c **** }
 104:Src/stm32f4xx_it.c **** 
 105:Src/stm32f4xx_it.c **** /**
 106:Src/stm32f4xx_it.c **** * @brief This function handles Pre-fetch fault, memory access fault.
 107:Src/stm32f4xx_it.c **** */
 108:Src/stm32f4xx_it.c **** void BusFault_Handler(void)
 109:Src/stm32f4xx_it.c **** {
  90              		.loc 1 109 0
  91              		.cfi_startproc
  92              		@ Volatile: function does not return.
  93              		@ args = 0, pretend = 0, frame = 0
  94              		@ frame_needed = 0, uses_anonymous_args = 0
  95              		@ link register save eliminated.
  96              	.L7:
  97 0000 FEE7     		b	.L7
  98              		.cfi_endproc
  99              	.LFE129:
 101              		.section	.text.UsageFault_Handler,"ax",%progbits
 102              		.align	1
 103              		.global	UsageFault_Handler
 104              		.syntax unified
 105              		.thumb
 106              		.thumb_func
 107              		.fpu fpv4-sp-d16
 109              	UsageFault_Handler:
 110              	.LFB130:
 110:Src/stm32f4xx_it.c ****   /* USER CODE BEGIN BusFault_IRQn 0 */
 111:Src/stm32f4xx_it.c **** 
 112:Src/stm32f4xx_it.c ****   /* USER CODE END BusFault_IRQn 0 */
 113:Src/stm32f4xx_it.c ****   while (1)
 114:Src/stm32f4xx_it.c ****   {
 115:Src/stm32f4xx_it.c ****     /* USER CODE BEGIN W1_BusFault_IRQn 0 */
 116:Src/stm32f4xx_it.c ****     /* USER CODE END W1_BusFault_IRQn 0 */
 117:Src/stm32f4xx_it.c ****   }
 118:Src/stm32f4xx_it.c ****   /* USER CODE BEGIN BusFault_IRQn 1 */
 119:Src/stm32f4xx_it.c **** 
 120:Src/stm32f4xx_it.c ****   /* USER CODE END BusFault_IRQn 1 */
 121:Src/stm32f4xx_it.c **** }
 122:Src/stm32f4xx_it.c **** 
 123:Src/stm32f4xx_it.c **** /**
 124:Src/stm32f4xx_it.c **** * @brief This function handles Undefined instruction or illegal state.
 125:Src/stm32f4xx_it.c **** */
 126:Src/stm32f4xx_it.c **** void UsageFault_Handler(void)
 127:Src/stm32f4xx_it.c **** {
ARM GAS  C:\Users\kotaro\AppData\Local\Temp\ccTDhkE8.s 			page 5


 111              		.loc 1 127 0
 112              		.cfi_startproc
 113              		@ Volatile: function does not return.
 114              		@ args = 0, pretend = 0, frame = 0
 115              		@ frame_needed = 0, uses_anonymous_args = 0
 116              		@ link register save eliminated.
 117              	.L9:
 118 0000 FEE7     		b	.L9
 119              		.cfi_endproc
 120              	.LFE130:
 122              		.section	.text.SVC_Handler,"ax",%progbits
 123              		.align	1
 124              		.global	SVC_Handler
 125              		.syntax unified
 126              		.thumb
 127              		.thumb_func
 128              		.fpu fpv4-sp-d16
 130              	SVC_Handler:
 131              	.LFB131:
 128:Src/stm32f4xx_it.c ****   /* USER CODE BEGIN UsageFault_IRQn 0 */
 129:Src/stm32f4xx_it.c **** 
 130:Src/stm32f4xx_it.c ****   /* USER CODE END UsageFault_IRQn 0 */
 131:Src/stm32f4xx_it.c ****   while (1)
 132:Src/stm32f4xx_it.c ****   {
 133:Src/stm32f4xx_it.c ****     /* USER CODE BEGIN W1_UsageFault_IRQn 0 */
 134:Src/stm32f4xx_it.c ****     /* USER CODE END W1_UsageFault_IRQn 0 */
 135:Src/stm32f4xx_it.c ****   }
 136:Src/stm32f4xx_it.c ****   /* USER CODE BEGIN UsageFault_IRQn 1 */
 137:Src/stm32f4xx_it.c **** 
 138:Src/stm32f4xx_it.c ****   /* USER CODE END UsageFault_IRQn 1 */
 139:Src/stm32f4xx_it.c **** }
 140:Src/stm32f4xx_it.c **** 
 141:Src/stm32f4xx_it.c **** /**
 142:Src/stm32f4xx_it.c **** * @brief This function handles System service call via SWI instruction.
 143:Src/stm32f4xx_it.c **** */
 144:Src/stm32f4xx_it.c **** void SVC_Handler(void)
 145:Src/stm32f4xx_it.c **** {
 132              		.loc 1 145 0
 133              		.cfi_startproc
 134              		@ args = 0, pretend = 0, frame = 0
 135              		@ frame_needed = 0, uses_anonymous_args = 0
 136              		@ link register save eliminated.
 146:Src/stm32f4xx_it.c ****   /* USER CODE BEGIN SVCall_IRQn 0 */
 147:Src/stm32f4xx_it.c **** 
 148:Src/stm32f4xx_it.c ****   /* USER CODE END SVCall_IRQn 0 */
 149:Src/stm32f4xx_it.c ****   /* USER CODE BEGIN SVCall_IRQn 1 */
 150:Src/stm32f4xx_it.c **** 
 151:Src/stm32f4xx_it.c ****   /* USER CODE END SVCall_IRQn 1 */
 152:Src/stm32f4xx_it.c **** }
 137              		.loc 1 152 0
 138 0000 7047     		bx	lr
 139              		.cfi_endproc
 140              	.LFE131:
 142              		.section	.text.DebugMon_Handler,"ax",%progbits
 143              		.align	1
 144              		.global	DebugMon_Handler
 145              		.syntax unified
ARM GAS  C:\Users\kotaro\AppData\Local\Temp\ccTDhkE8.s 			page 6


 146              		.thumb
 147              		.thumb_func
 148              		.fpu fpv4-sp-d16
 150              	DebugMon_Handler:
 151              	.LFB132:
 153:Src/stm32f4xx_it.c **** 
 154:Src/stm32f4xx_it.c **** /**
 155:Src/stm32f4xx_it.c **** * @brief This function handles Debug monitor.
 156:Src/stm32f4xx_it.c **** */
 157:Src/stm32f4xx_it.c **** void DebugMon_Handler(void)
 158:Src/stm32f4xx_it.c **** {
 152              		.loc 1 158 0
 153              		.cfi_startproc
 154              		@ args = 0, pretend = 0, frame = 0
 155              		@ frame_needed = 0, uses_anonymous_args = 0
 156              		@ link register save eliminated.
 159:Src/stm32f4xx_it.c ****   /* USER CODE BEGIN DebugMonitor_IRQn 0 */
 160:Src/stm32f4xx_it.c **** 
 161:Src/stm32f4xx_it.c ****   /* USER CODE END DebugMonitor_IRQn 0 */
 162:Src/stm32f4xx_it.c ****   /* USER CODE BEGIN DebugMonitor_IRQn 1 */
 163:Src/stm32f4xx_it.c **** 
 164:Src/stm32f4xx_it.c ****   /* USER CODE END DebugMonitor_IRQn 1 */
 165:Src/stm32f4xx_it.c **** }
 157              		.loc 1 165 0
 158 0000 7047     		bx	lr
 159              		.cfi_endproc
 160              	.LFE132:
 162              		.section	.text.PendSV_Handler,"ax",%progbits
 163              		.align	1
 164              		.global	PendSV_Handler
 165              		.syntax unified
 166              		.thumb
 167              		.thumb_func
 168              		.fpu fpv4-sp-d16
 170              	PendSV_Handler:
 171              	.LFB133:
 166:Src/stm32f4xx_it.c **** 
 167:Src/stm32f4xx_it.c **** /**
 168:Src/stm32f4xx_it.c **** * @brief This function handles Pendable request for system service.
 169:Src/stm32f4xx_it.c **** */
 170:Src/stm32f4xx_it.c **** void PendSV_Handler(void)
 171:Src/stm32f4xx_it.c **** {
 172              		.loc 1 171 0
 173              		.cfi_startproc
 174              		@ args = 0, pretend = 0, frame = 0
 175              		@ frame_needed = 0, uses_anonymous_args = 0
 176              		@ link register save eliminated.
 172:Src/stm32f4xx_it.c ****   /* USER CODE BEGIN PendSV_IRQn 0 */
 173:Src/stm32f4xx_it.c **** 
 174:Src/stm32f4xx_it.c ****   /* USER CODE END PendSV_IRQn 0 */
 175:Src/stm32f4xx_it.c ****   /* USER CODE BEGIN PendSV_IRQn 1 */
 176:Src/stm32f4xx_it.c **** 
 177:Src/stm32f4xx_it.c ****   /* USER CODE END PendSV_IRQn 1 */
 178:Src/stm32f4xx_it.c **** }
 177              		.loc 1 178 0
 178 0000 7047     		bx	lr
 179              		.cfi_endproc
ARM GAS  C:\Users\kotaro\AppData\Local\Temp\ccTDhkE8.s 			page 7


 180              	.LFE133:
 182              		.section	.text.SysTick_Handler,"ax",%progbits
 183              		.align	1
 184              		.global	SysTick_Handler
 185              		.syntax unified
 186              		.thumb
 187              		.thumb_func
 188              		.fpu fpv4-sp-d16
 190              	SysTick_Handler:
 191              	.LFB134:
 179:Src/stm32f4xx_it.c **** 
 180:Src/stm32f4xx_it.c **** /**
 181:Src/stm32f4xx_it.c **** * @brief This function handles System tick timer.
 182:Src/stm32f4xx_it.c **** */
 183:Src/stm32f4xx_it.c **** void SysTick_Handler(void)
 184:Src/stm32f4xx_it.c **** {
 192              		.loc 1 184 0
 193              		.cfi_startproc
 194              		@ args = 0, pretend = 0, frame = 0
 195              		@ frame_needed = 0, uses_anonymous_args = 0
 196 0000 10B5     		push	{r4, lr}
 197              	.LCFI0:
 198              		.cfi_def_cfa_offset 8
 199              		.cfi_offset 4, -8
 200              		.cfi_offset 14, -4
 185:Src/stm32f4xx_it.c ****   /* USER CODE BEGIN SysTick_IRQn 0 */
 186:Src/stm32f4xx_it.c **** 
 187:Src/stm32f4xx_it.c ****   /* USER CODE END SysTick_IRQn 0 */
 188:Src/stm32f4xx_it.c ****   HAL_IncTick();
 201              		.loc 1 188 0
 202 0002 FFF7FEFF 		bl	HAL_IncTick
 203              	.LVL0:
 189:Src/stm32f4xx_it.c ****   HAL_SYSTICK_IRQHandler();
 204              		.loc 1 189 0
 205 0006 FFF7FEFF 		bl	HAL_SYSTICK_IRQHandler
 206              	.LVL1:
 190:Src/stm32f4xx_it.c ****   /* USER CODE BEGIN SysTick_IRQn 1 */
 191:Src/stm32f4xx_it.c ****   adcCheckConvert();
 207              		.loc 1 191 0
 208 000a FFF7FEFF 		bl	adcCheckConvert
 209              	.LVL2:
 192:Src/stm32f4xx_it.c ****   Update_gyro(flag.gyro_calc);
 210              		.loc 1 192 0
 211 000e 2F4C     		ldr	r4, .L21
 212 0010 2078     		ldrb	r0, [r4]	@ zero_extendqisi2
 213 0012 FFF7FEFF 		bl	Update_gyro
 214              	.LVL3:
 193:Src/stm32f4xx_it.c ****   update_encoder();
 215              		.loc 1 193 0
 216 0016 FFF7FEFF 		bl	update_encoder
 217              	.LVL4:
 194:Src/stm32f4xx_it.c **** 
 195:Src/stm32f4xx_it.c ****   if(flag.straight == ON){
 218              		.loc 1 195 0
 219 001a 6378     		ldrb	r3, [r4, #1]	@ zero_extendqisi2
 220 001c DBB2     		uxtb	r3, r3
 221 001e 012B     		cmp	r3, #1
ARM GAS  C:\Users\kotaro\AppData\Local\Temp\ccTDhkE8.s 			page 8


 222 0020 2ED0     		beq	.L19
 196:Src/stm32f4xx_it.c ****     Straight_SysTic_fb();
 197:Src/stm32f4xx_it.c ****   }else{
 198:Src/stm32f4xx_it.c ****     straight_cnt = 0;
 223              		.loc 1 198 0
 224 0022 0023     		movs	r3, #0
 225 0024 2A4A     		ldr	r2, .L21+4
 226 0026 1380     		strh	r3, [r2]	@ movhi
 199:Src/stm32f4xx_it.c ****     straight_pid_l = 0;
 227              		.loc 1 199 0
 228 0028 2A4A     		ldr	r2, .L21+8
 229 002a 1380     		strh	r3, [r2]	@ movhi
 200:Src/stm32f4xx_it.c ****     straight_pid_r = 0;
 230              		.loc 1 200 0
 231 002c 2A4A     		ldr	r2, .L21+12
 232 002e 1380     		strh	r3, [r2]	@ movhi
 201:Src/stm32f4xx_it.c ****     s_sum_l=0;
 233              		.loc 1 201 0
 234 0030 0023     		movs	r3, #0
 235 0032 2A4A     		ldr	r2, .L21+16
 236 0034 1360     		str	r3, [r2]	@ float
 202:Src/stm32f4xx_it.c ****     s_sum_r=0;
 237              		.loc 1 202 0
 238 0036 2A4A     		ldr	r2, .L21+20
 239 0038 1360     		str	r3, [r2]	@ float
 203:Src/stm32f4xx_it.c ****     enc.old_l=0;
 240              		.loc 1 203 0
 241 003a 2A4A     		ldr	r2, .L21+24
 242 003c 5362     		str	r3, [r2, #36]	@ float
 204:Src/stm32f4xx_it.c ****     enc.old_r=0;
 243              		.loc 1 204 0
 244 003e 9362     		str	r3, [r2, #40]	@ float
 245              	.L15:
 205:Src/stm32f4xx_it.c ****   }
 206:Src/stm32f4xx_it.c **** 
 207:Src/stm32f4xx_it.c **** 
 208:Src/stm32f4xx_it.c ****   if(flag.yawrate == ON){
 246              		.loc 1 208 0
 247 0040 224B     		ldr	r3, .L21
 248 0042 9B78     		ldrb	r3, [r3, #2]	@ zero_extendqisi2
 249 0044 DBB2     		uxtb	r3, r3
 250 0046 012B     		cmp	r3, #1
 251 0048 1DD0     		beq	.L20
 209:Src/stm32f4xx_it.c ****     Yawrate_SysTic_fb();
 210:Src/stm32f4xx_it.c ****     loger.target_y_velocity[yawrate_cnt]=calc.yawrate_velocity;
 211:Src/stm32f4xx_it.c ****     loger.velocity_c[yawrate_cnt]=enc.velocity_c;
 212:Src/stm32f4xx_it.c ****     loger.y_velocity[yawrate_cnt]=gyro.velocity;
 213:Src/stm32f4xx_it.c ****   }else{
 214:Src/stm32f4xx_it.c ****     yawrate_cnt = 0;
 252              		.loc 1 214 0
 253 004a 0023     		movs	r3, #0
 254 004c 264A     		ldr	r2, .L21+28
 255 004e 1380     		strh	r3, [r2]	@ movhi
 215:Src/stm32f4xx_it.c ****     yawrate_pid = 0;
 256              		.loc 1 215 0
 257 0050 264A     		ldr	r2, .L21+32
 258 0052 1380     		strh	r3, [r2]	@ movhi
ARM GAS  C:\Users\kotaro\AppData\Local\Temp\ccTDhkE8.s 			page 9


 216:Src/stm32f4xx_it.c ****     y_sum=0;
 259              		.loc 1 216 0
 260 0054 0023     		movs	r3, #0
 261 0056 264A     		ldr	r2, .L21+36
 262 0058 1360     		str	r3, [r2]	@ float
 217:Src/stm32f4xx_it.c ****     gyro.befor=0;
 263              		.loc 1 217 0
 264 005a 264A     		ldr	r2, .L21+40
 265 005c 9360     		str	r3, [r2, #8]	@ float
 266              	.L17:
 218:Src/stm32f4xx_it.c ****   }
 219:Src/stm32f4xx_it.c **** 
 220:Src/stm32f4xx_it.c **** /*
 221:Src/stm32f4xx_it.c ****   if(flag.wall==ON){
 222:Src/stm32f4xx_it.c ****     Control_Wall();
 223:Src/stm32f4xx_it.c ****     
 224:Src/stm32f4xx_it.c ****   }else{
 225:Src/stm32f4xx_it.c ****     wall_pid = 0;
 226:Src/stm32f4xx_it.c ****     count_1m=0;
 227:Src/stm32f4xx_it.c ****   }
 228:Src/stm32f4xx_it.c **** */
 229:Src/stm32f4xx_it.c ****   //Control_pwm();
 230:Src/stm32f4xx_it.c **** 
 231:Src/stm32f4xx_it.c ****   sen_l.diff_1ms = sen_l.now - sen_l.befor_1ms;
 267              		.loc 1 231 0
 268 005e 264B     		ldr	r3, .L21+44
 269 0060 B3F90010 		ldrsh	r1, [r3]
 270 0064 8AB2     		uxth	r2, r1
 271 0066 5888     		ldrh	r0, [r3, #2]
 272 0068 121A     		subs	r2, r2, r0
 273 006a 5A81     		strh	r2, [r3, #10]	@ movhi
 232:Src/stm32f4xx_it.c ****   sen_l.befor_1ms = sen_l.now;
 274              		.loc 1 232 0
 275 006c 5980     		strh	r1, [r3, #2]	@ movhi
 233:Src/stm32f4xx_it.c **** 
 234:Src/stm32f4xx_it.c ****   sen_r.diff_1ms = sen_r.now - sen_r.befor_1ms;
 276              		.loc 1 234 0
 277 006e 234B     		ldr	r3, .L21+48
 278 0070 B3F90010 		ldrsh	r1, [r3]
 279 0074 8AB2     		uxth	r2, r1
 280 0076 5888     		ldrh	r0, [r3, #2]
 281 0078 121A     		subs	r2, r2, r0
 282 007a 5A81     		strh	r2, [r3, #10]	@ movhi
 235:Src/stm32f4xx_it.c ****   sen_r.befor_1ms = sen_r.now;
 283              		.loc 1 235 0
 284 007c 5980     		strh	r1, [r3, #2]	@ movhi
 236:Src/stm32f4xx_it.c ****   /* USER CODE END SysTick_IRQn 1 */
 237:Src/stm32f4xx_it.c **** }
 285              		.loc 1 237 0
 286 007e 10BD     		pop	{r4, pc}
 287              	.L19:
 196:Src/stm32f4xx_it.c ****   }else{
 288              		.loc 1 196 0
 289 0080 FFF7FEFF 		bl	Straight_SysTic_fb
 290              	.LVL5:
 291 0084 DCE7     		b	.L15
 292              	.L20:
ARM GAS  C:\Users\kotaro\AppData\Local\Temp\ccTDhkE8.s 			page 10


 209:Src/stm32f4xx_it.c ****     loger.target_y_velocity[yawrate_cnt]=calc.yawrate_velocity;
 293              		.loc 1 209 0
 294 0086 FFF7FEFF 		bl	Yawrate_SysTic_fb
 295              	.LVL6:
 210:Src/stm32f4xx_it.c ****     loger.velocity_c[yawrate_cnt]=enc.velocity_c;
 296              		.loc 1 210 0
 297 008a 1D4B     		ldr	r3, .L21+52
 298 008c B3F90C30 		ldrsh	r3, [r3, #12]
 299 0090 07EE903A 		vmov	s15, r3	@ int
 300 0094 144B     		ldr	r3, .L21+28
 301 0096 1B88     		ldrh	r3, [r3]
 302 0098 1A4A     		ldr	r2, .L21+56
 303 009a 03F5FA61 		add	r1, r3, #2000
 304 009e 02EB8101 		add	r1, r2, r1, lsl #2
 305 00a2 F8EEE77A 		vcvt.f32.s32	s15, s15
 306 00a6 C1ED007A 		vstr.32	s15, [r1]
 211:Src/stm32f4xx_it.c ****     loger.y_velocity[yawrate_cnt]=gyro.velocity;
 307              		.loc 1 211 0
 308 00aa 0E49     		ldr	r1, .L21+24
 309 00ac 8869     		ldr	r0, [r1, #24]	@ float
 310 00ae 03F57A61 		add	r1, r3, #4000
 311 00b2 02EB8101 		add	r1, r2, r1, lsl #2
 312 00b6 0860     		str	r0, [r1]	@ float
 212:Src/stm32f4xx_it.c ****   }else{
 313              		.loc 1 212 0
 314 00b8 0E49     		ldr	r1, .L21+40
 315 00ba 0969     		ldr	r1, [r1, #16]	@ float
 316 00bc 03F5BB53 		add	r3, r3, #5984
 317 00c0 1033     		adds	r3, r3, #16
 318 00c2 02EB8303 		add	r3, r2, r3, lsl #2
 319 00c6 1960     		str	r1, [r3]	@ float
 320 00c8 C9E7     		b	.L17
 321              	.L22:
 322 00ca 00BF     		.align	2
 323              	.L21:
 324 00cc 00000000 		.word	flag
 325 00d0 00000000 		.word	straight_cnt
 326 00d4 00000000 		.word	straight_pid_l
 327 00d8 00000000 		.word	straight_pid_r
 328 00dc 00000000 		.word	s_sum_l
 329 00e0 00000000 		.word	s_sum_r
 330 00e4 00000000 		.word	enc
 331 00e8 00000000 		.word	yawrate_cnt
 332 00ec 00000000 		.word	yawrate_pid
 333 00f0 00000000 		.word	y_sum
 334 00f4 00000000 		.word	gyro
 335 00f8 00000000 		.word	sen_l
 336 00fc 00000000 		.word	sen_r
 337 0100 00000000 		.word	calc
 338 0104 00000000 		.word	loger
 339              		.cfi_endproc
 340              	.LFE134:
 342              		.section	.text.DMA2_Stream0_IRQHandler,"ax",%progbits
 343              		.align	1
 344              		.global	DMA2_Stream0_IRQHandler
 345              		.syntax unified
 346              		.thumb
ARM GAS  C:\Users\kotaro\AppData\Local\Temp\ccTDhkE8.s 			page 11


 347              		.thumb_func
 348              		.fpu fpv4-sp-d16
 350              	DMA2_Stream0_IRQHandler:
 351              	.LFB135:
 238:Src/stm32f4xx_it.c **** 
 239:Src/stm32f4xx_it.c **** /******************************************************************************/
 240:Src/stm32f4xx_it.c **** /* STM32F4xx Peripheral Interrupt Handlers                                    */
 241:Src/stm32f4xx_it.c **** /* Add here the Interrupt Handlers for the used peripherals.                  */
 242:Src/stm32f4xx_it.c **** /* For the available peripheral interrupt handler names,                      */
 243:Src/stm32f4xx_it.c **** /* please refer to the startup file (startup_stm32f4xx.s).                    */
 244:Src/stm32f4xx_it.c **** /******************************************************************************/
 245:Src/stm32f4xx_it.c **** 
 246:Src/stm32f4xx_it.c **** /**
 247:Src/stm32f4xx_it.c **** * @brief This function handles DMA2 stream0 global interrupt.
 248:Src/stm32f4xx_it.c **** */
 249:Src/stm32f4xx_it.c **** void DMA2_Stream0_IRQHandler(void)
 250:Src/stm32f4xx_it.c **** {
 352              		.loc 1 250 0
 353              		.cfi_startproc
 354              		@ args = 0, pretend = 0, frame = 0
 355              		@ frame_needed = 0, uses_anonymous_args = 0
 356 0000 08B5     		push	{r3, lr}
 357              	.LCFI1:
 358              		.cfi_def_cfa_offset 8
 359              		.cfi_offset 3, -8
 360              		.cfi_offset 14, -4
 251:Src/stm32f4xx_it.c ****   /* USER CODE BEGIN DMA2_Stream0_IRQn 0 */
 252:Src/stm32f4xx_it.c **** 
 253:Src/stm32f4xx_it.c ****   /* USER CODE END DMA2_Stream0_IRQn 0 */
 254:Src/stm32f4xx_it.c ****   HAL_DMA_IRQHandler(&hdma_adc1);
 361              		.loc 1 254 0
 362 0002 0248     		ldr	r0, .L25
 363 0004 FFF7FEFF 		bl	HAL_DMA_IRQHandler
 364              	.LVL7:
 255:Src/stm32f4xx_it.c ****   /* USER CODE BEGIN DMA2_Stream0_IRQn 1 */
 256:Src/stm32f4xx_it.c **** 
 257:Src/stm32f4xx_it.c ****   /* USER CODE END DMA2_Stream0_IRQn 1 */
 258:Src/stm32f4xx_it.c **** }
 365              		.loc 1 258 0
 366 0008 08BD     		pop	{r3, pc}
 367              	.L26:
 368 000a 00BF     		.align	2
 369              	.L25:
 370 000c 00000000 		.word	hdma_adc1
 371              		.cfi_endproc
 372              	.LFE135:
 374              		.section	.text.HAL_ADC_ConvHalfCpltCallback,"ax",%progbits
 375              		.align	1
 376              		.global	HAL_ADC_ConvHalfCpltCallback
 377              		.syntax unified
 378              		.thumb
 379              		.thumb_func
 380              		.fpu fpv4-sp-d16
 382              	HAL_ADC_ConvHalfCpltCallback:
 383              	.LFB136:
 259:Src/stm32f4xx_it.c **** 
 260:Src/stm32f4xx_it.c **** /* USER CODE BEGIN 1 */
ARM GAS  C:\Users\kotaro\AppData\Local\Temp\ccTDhkE8.s 			page 12


 261:Src/stm32f4xx_it.c **** void HAL_ADC_ConvHalfCpltCallback(ADC_HandleTypeDef* hadc)
 262:Src/stm32f4xx_it.c **** {
 384              		.loc 1 262 0
 385              		.cfi_startproc
 386              		@ args = 0, pretend = 0, frame = 0
 387              		@ frame_needed = 0, uses_anonymous_args = 0
 388              	.LVL8:
 389 0000 08B5     		push	{r3, lr}
 390              	.LCFI2:
 391              		.cfi_def_cfa_offset 8
 392              		.cfi_offset 3, -8
 393              		.cfi_offset 14, -4
 263:Src/stm32f4xx_it.c ****   getADSensor( &adc_counter );
 394              		.loc 1 263 0
 395 0002 0248     		ldr	r0, .L29
 396              	.LVL9:
 397 0004 FFF7FEFF 		bl	getADSensor
 398              	.LVL10:
 264:Src/stm32f4xx_it.c **** }
 399              		.loc 1 264 0
 400 0008 08BD     		pop	{r3, pc}
 401              	.L30:
 402 000a 00BF     		.align	2
 403              	.L29:
 404 000c 00000000 		.word	adc_counter
 405              		.cfi_endproc
 406              	.LFE136:
 408              		.comm	straight_dir,1,1
 409              		.comm	wall_pid,2,2
 410              		.comm	yawrate_pid,2,2
 411              		.comm	straight_pid_r,2,2
 412              		.comm	straight_pid_l,2,2
 413              		.comm	w_befor,4,4
 414              		.comm	w_sum,4,4
 415              		.comm	y_sumsum,4,4
 416              		.comm	y_sum,4,4
 417              		.comm	s_sum_r,4,4
 418              		.comm	s_sum_l,4,4
 419              		.text
 420              	.Letext0:
 421              		.file 2 "c:\\program files (x86)\\gnu tools arm embedded\\7 2017-q4-major\\arm-none-eabi\\include\
 422              		.file 3 "c:\\program files (x86)\\gnu tools arm embedded\\7 2017-q4-major\\arm-none-eabi\\include\
 423              		.file 4 "Drivers/CMSIS/Include/core_cm4.h"
 424              		.file 5 "Drivers/CMSIS/Device/ST/STM32F4xx/Include/system_stm32f4xx.h"
 425              		.file 6 "Drivers/CMSIS/Device/ST/STM32F4xx/Include/stm32f405xx.h"
 426              		.file 7 "c:\\program files (x86)\\gnu tools arm embedded\\7 2017-q4-major\\arm-none-eabi\\include\
 427              		.file 8 "c:\\program files (x86)\\gnu tools arm embedded\\7 2017-q4-major\\arm-none-eabi\\include\
 428              		.file 9 "c:\\program files (x86)\\gnu tools arm embedded\\7 2017-q4-major\\lib\\gcc\\arm-none-eabi
 429              		.file 10 "c:\\program files (x86)\\gnu tools arm embedded\\7 2017-q4-major\\arm-none-eabi\\include
 430              		.file 11 "Drivers/STM32F4xx_HAL_Driver/Inc/stm32f4xx_hal_def.h"
 431              		.file 12 "Drivers/STM32F4xx_HAL_Driver/Inc/stm32f4xx_hal_dma.h"
 432              		.file 13 "Drivers/STM32F4xx_HAL_Driver/Inc/stm32f4xx_hal_adc.h"
 433              		.file 14 "Drivers/STM32F4xx_HAL_Driver/Inc/stm32f4xx_hal_spi.h"
 434              		.file 15 "Drivers/STM32F4xx_HAL_Driver/Inc/stm32f4xx_hal_tim.h"
 435              		.file 16 "Inc/adc.h"
 436              		.file 17 "Inc/spi.h"
 437              		.file 18 "Inc/tim.h"
ARM GAS  C:\Users\kotaro\AppData\Local\Temp\ccTDhkE8.s 			page 13


 438              		.file 19 "Inc/global.h"
 439              		.file 20 "Inc/control.h"
 440              		.file 21 "Inc/function.h"
 441              		.file 22 "Drivers/STM32F4xx_HAL_Driver/Inc/stm32f4xx_hal.h"
 442              		.file 23 "Drivers/STM32F4xx_HAL_Driver/Inc/stm32f4xx_hal_cortex.h"
ARM GAS  C:\Users\kotaro\AppData\Local\Temp\ccTDhkE8.s 			page 14


DEFINED SYMBOLS
                            *ABS*:00000000 stm32f4xx_it.c
C:\Users\kotaro\AppData\Local\Temp\ccTDhkE8.s:18     .text.NMI_Handler:00000000 $t
C:\Users\kotaro\AppData\Local\Temp\ccTDhkE8.s:25     .text.NMI_Handler:00000000 NMI_Handler
C:\Users\kotaro\AppData\Local\Temp\ccTDhkE8.s:39     .text.HardFault_Handler:00000000 $t
C:\Users\kotaro\AppData\Local\Temp\ccTDhkE8.s:46     .text.HardFault_Handler:00000000 HardFault_Handler
C:\Users\kotaro\AppData\Local\Temp\ccTDhkE8.s:60     .text.MemManage_Handler:00000000 $t
C:\Users\kotaro\AppData\Local\Temp\ccTDhkE8.s:67     .text.MemManage_Handler:00000000 MemManage_Handler
C:\Users\kotaro\AppData\Local\Temp\ccTDhkE8.s:81     .text.BusFault_Handler:00000000 $t
C:\Users\kotaro\AppData\Local\Temp\ccTDhkE8.s:88     .text.BusFault_Handler:00000000 BusFault_Handler
C:\Users\kotaro\AppData\Local\Temp\ccTDhkE8.s:102    .text.UsageFault_Handler:00000000 $t
C:\Users\kotaro\AppData\Local\Temp\ccTDhkE8.s:109    .text.UsageFault_Handler:00000000 UsageFault_Handler
C:\Users\kotaro\AppData\Local\Temp\ccTDhkE8.s:123    .text.SVC_Handler:00000000 $t
C:\Users\kotaro\AppData\Local\Temp\ccTDhkE8.s:130    .text.SVC_Handler:00000000 SVC_Handler
C:\Users\kotaro\AppData\Local\Temp\ccTDhkE8.s:143    .text.DebugMon_Handler:00000000 $t
C:\Users\kotaro\AppData\Local\Temp\ccTDhkE8.s:150    .text.DebugMon_Handler:00000000 DebugMon_Handler
C:\Users\kotaro\AppData\Local\Temp\ccTDhkE8.s:163    .text.PendSV_Handler:00000000 $t
C:\Users\kotaro\AppData\Local\Temp\ccTDhkE8.s:170    .text.PendSV_Handler:00000000 PendSV_Handler
C:\Users\kotaro\AppData\Local\Temp\ccTDhkE8.s:183    .text.SysTick_Handler:00000000 $t
C:\Users\kotaro\AppData\Local\Temp\ccTDhkE8.s:190    .text.SysTick_Handler:00000000 SysTick_Handler
C:\Users\kotaro\AppData\Local\Temp\ccTDhkE8.s:324    .text.SysTick_Handler:000000cc $d
                            *COM*:00000002 straight_pid_l
                            *COM*:00000002 straight_pid_r
                            *COM*:00000004 s_sum_l
                            *COM*:00000004 s_sum_r
                            *COM*:00000002 yawrate_pid
                            *COM*:00000004 y_sum
C:\Users\kotaro\AppData\Local\Temp\ccTDhkE8.s:343    .text.DMA2_Stream0_IRQHandler:00000000 $t
C:\Users\kotaro\AppData\Local\Temp\ccTDhkE8.s:350    .text.DMA2_Stream0_IRQHandler:00000000 DMA2_Stream0_IRQHandler
C:\Users\kotaro\AppData\Local\Temp\ccTDhkE8.s:370    .text.DMA2_Stream0_IRQHandler:0000000c $d
C:\Users\kotaro\AppData\Local\Temp\ccTDhkE8.s:375    .text.HAL_ADC_ConvHalfCpltCallback:00000000 $t
C:\Users\kotaro\AppData\Local\Temp\ccTDhkE8.s:382    .text.HAL_ADC_ConvHalfCpltCallback:00000000 HAL_ADC_ConvHalfCpltCallback
C:\Users\kotaro\AppData\Local\Temp\ccTDhkE8.s:404    .text.HAL_ADC_ConvHalfCpltCallback:0000000c $d
                            *COM*:00000001 straight_dir
                            *COM*:00000002 wall_pid
                            *COM*:00000004 w_befor
                            *COM*:00000004 w_sum
                            *COM*:00000004 y_sumsum

UNDEFINED SYMBOLS
HAL_IncTick
HAL_SYSTICK_IRQHandler
adcCheckConvert
Update_gyro
update_encoder
Straight_SysTic_fb
Yawrate_SysTic_fb
flag
straight_cnt
enc
yawrate_cnt
gyro
sen_l
sen_r
calc
loger
HAL_DMA_IRQHandler
ARM GAS  C:\Users\kotaro\AppData\Local\Temp\ccTDhkE8.s 			page 15


hdma_adc1
getADSensor
adc_counter
