ARM GAS  C:\Users\kotaro\AppData\Local\Temp\cc1cKpXQ.s 			page 1


   1              		.cpu cortex-m4
   2              		.eabi_attribute 27, 1
   3              		.eabi_attribute 28, 1
   4              		.eabi_attribute 20, 1
   5              		.eabi_attribute 21, 1
   6              		.eabi_attribute 23, 3
   7              		.eabi_attribute 24, 1
   8              		.eabi_attribute 25, 1
   9              		.eabi_attribute 26, 1
  10              		.eabi_attribute 30, 1
  11              		.eabi_attribute 34, 1
  12              		.eabi_attribute 18, 4
  13              		.file	"tim.c"
  14              		.text
  15              	.Ltext0:
  16              		.cfi_sections	.debug_frame
  17              		.section	.text.MX_TIM3_Init,"ax",%progbits
  18              		.align	1
  19              		.global	MX_TIM3_Init
  20              		.syntax unified
  21              		.thumb
  22              		.thumb_func
  23              		.fpu fpv4-sp-d16
  25              	MX_TIM3_Init:
  26              	.LFB161:
  27              		.file 1 "Src/tim.c"
   1:Src/tim.c     **** /**
   2:Src/tim.c     ****   ******************************************************************************
   3:Src/tim.c     ****   * File Name          : TIM.c
   4:Src/tim.c     ****   * Description        : This file provides code for the configuration
   5:Src/tim.c     ****   *                      of the TIM instances.
   6:Src/tim.c     ****   ******************************************************************************
   7:Src/tim.c     ****   ** This notice applies to any and all portions of this file
   8:Src/tim.c     ****   * that are not between comment pairs USER CODE BEGIN and
   9:Src/tim.c     ****   * USER CODE END. Other portions of this file, whether 
  10:Src/tim.c     ****   * inserted by the user or by software development tools
  11:Src/tim.c     ****   * are owned by their respective copyright owners.
  12:Src/tim.c     ****   *
  13:Src/tim.c     ****   * COPYRIGHT(c) 2018 STMicroelectronics
  14:Src/tim.c     ****   *
  15:Src/tim.c     ****   * Redistribution and use in source and binary forms, with or without modification,
  16:Src/tim.c     ****   * are permitted provided that the following conditions are met:
  17:Src/tim.c     ****   *   1. Redistributions of source code must retain the above copyright notice,
  18:Src/tim.c     ****   *      this list of conditions and the following disclaimer.
  19:Src/tim.c     ****   *   2. Redistributions in binary form must reproduce the above copyright notice,
  20:Src/tim.c     ****   *      this list of conditions and the following disclaimer in the documentation
  21:Src/tim.c     ****   *      and/or other materials provided with the distribution.
  22:Src/tim.c     ****   *   3. Neither the name of STMicroelectronics nor the names of its contributors
  23:Src/tim.c     ****   *      may be used to endorse or promote products derived from this software
  24:Src/tim.c     ****   *      without specific prior written permission.
  25:Src/tim.c     ****   *
  26:Src/tim.c     ****   * THIS SOFTWARE IS PROVIDED BY THE COPYRIGHT HOLDERS AND CONTRIBUTORS "AS IS"
  27:Src/tim.c     ****   * AND ANY EXPRESS OR IMPLIED WARRANTIES, INCLUDING, BUT NOT LIMITED TO, THE
  28:Src/tim.c     ****   * IMPLIED WARRANTIES OF MERCHANTABILITY AND FITNESS FOR A PARTICULAR PURPOSE ARE
  29:Src/tim.c     ****   * DISCLAIMED. IN NO EVENT SHALL THE COPYRIGHT HOLDER OR CONTRIBUTORS BE LIABLE
  30:Src/tim.c     ****   * FOR ANY DIRECT, INDIRECT, INCIDENTAL, SPECIAL, EXEMPLARY, OR CONSEQUENTIAL
  31:Src/tim.c     ****   * DAMAGES (INCLUDING, BUT NOT LIMITED TO, PROCUREMENT OF SUBSTITUTE GOODS OR
ARM GAS  C:\Users\kotaro\AppData\Local\Temp\cc1cKpXQ.s 			page 2


  32:Src/tim.c     ****   * SERVICES; LOSS OF USE, DATA, OR PROFITS; OR BUSINESS INTERRUPTION) HOWEVER
  33:Src/tim.c     ****   * CAUSED AND ON ANY THEORY OF LIABILITY, WHETHER IN CONTRACT, STRICT LIABILITY,
  34:Src/tim.c     ****   * OR TORT (INCLUDING NEGLIGENCE OR OTHERWISE) ARISING IN ANY WAY OUT OF THE USE
  35:Src/tim.c     ****   * OF THIS SOFTWARE, EVEN IF ADVISED OF THE POSSIBILITY OF SUCH DAMAGE.
  36:Src/tim.c     ****   *
  37:Src/tim.c     ****   ******************************************************************************
  38:Src/tim.c     ****   */
  39:Src/tim.c     **** 
  40:Src/tim.c     **** /* Includes ------------------------------------------------------------------*/
  41:Src/tim.c     **** #include "tim.h"
  42:Src/tim.c     **** 
  43:Src/tim.c     **** #include "gpio.h"
  44:Src/tim.c     **** 
  45:Src/tim.c     **** /* USER CODE BEGIN 0 */
  46:Src/tim.c     **** #include "global.h"
  47:Src/tim.c     **** #include "arm_math.h"
  48:Src/tim.c     **** 
  49:Src/tim.c     **** TIM_MasterConfigTypeDef sMasterConfig;
  50:Src/tim.c     **** TIM_OC_InitTypeDef sConfigOC;
  51:Src/tim.c     **** /* USER CODE END 0 */
  52:Src/tim.c     **** 
  53:Src/tim.c     **** TIM_HandleTypeDef htim1;
  54:Src/tim.c     **** TIM_HandleTypeDef htim2;
  55:Src/tim.c     **** TIM_HandleTypeDef htim3;
  56:Src/tim.c     **** TIM_HandleTypeDef htim4;
  57:Src/tim.c     **** 
  58:Src/tim.c     **** /* TIM1 init function */
  59:Src/tim.c     **** void MX_TIM1_Init(void)
  60:Src/tim.c     **** {
  61:Src/tim.c     ****   TIM_MasterConfigTypeDef sMasterConfig;
  62:Src/tim.c     ****   TIM_OC_InitTypeDef sConfigOC;
  63:Src/tim.c     ****   TIM_BreakDeadTimeConfigTypeDef sBreakDeadTimeConfig;
  64:Src/tim.c     **** 
  65:Src/tim.c     ****   htim1.Instance = TIM1;
  66:Src/tim.c     ****   htim1.Init.Prescaler = 1;
  67:Src/tim.c     ****   htim1.Init.CounterMode = TIM_COUNTERMODE_UP;
  68:Src/tim.c     ****   htim1.Init.Period = 799;
  69:Src/tim.c     ****   htim1.Init.ClockDivision = TIM_CLOCKDIVISION_DIV1;
  70:Src/tim.c     ****   htim1.Init.RepetitionCounter = 0;
  71:Src/tim.c     ****   if (HAL_TIM_PWM_Init(&htim1) != HAL_OK)
  72:Src/tim.c     ****   {
  73:Src/tim.c     ****     _Error_Handler(__FILE__, __LINE__);
  74:Src/tim.c     ****   }
  75:Src/tim.c     **** 
  76:Src/tim.c     ****   sMasterConfig.MasterOutputTrigger = TIM_TRGO_RESET;
  77:Src/tim.c     ****   sMasterConfig.MasterSlaveMode = TIM_MASTERSLAVEMODE_DISABLE;
  78:Src/tim.c     ****   if (HAL_TIMEx_MasterConfigSynchronization(&htim1, &sMasterConfig) != HAL_OK)
  79:Src/tim.c     ****   {
  80:Src/tim.c     ****     _Error_Handler(__FILE__, __LINE__);
  81:Src/tim.c     ****   }
  82:Src/tim.c     **** 
  83:Src/tim.c     ****   sConfigOC.OCMode = TIM_OCMODE_PWM1;
  84:Src/tim.c     ****   sConfigOC.Pulse = 0;
  85:Src/tim.c     ****   sConfigOC.OCPolarity = TIM_OCPOLARITY_HIGH;
  86:Src/tim.c     ****   sConfigOC.OCNPolarity = TIM_OCNPOLARITY_HIGH;
  87:Src/tim.c     ****   sConfigOC.OCFastMode = TIM_OCFAST_DISABLE;
  88:Src/tim.c     ****   sConfigOC.OCIdleState = TIM_OCIDLESTATE_RESET;
ARM GAS  C:\Users\kotaro\AppData\Local\Temp\cc1cKpXQ.s 			page 3


  89:Src/tim.c     ****   sConfigOC.OCNIdleState = TIM_OCNIDLESTATE_RESET;
  90:Src/tim.c     ****   if (HAL_TIM_PWM_ConfigChannel(&htim1, &sConfigOC, TIM_CHANNEL_1) != HAL_OK)
  91:Src/tim.c     ****   {
  92:Src/tim.c     ****     _Error_Handler(__FILE__, __LINE__);
  93:Src/tim.c     ****   }
  94:Src/tim.c     **** 
  95:Src/tim.c     ****   if (HAL_TIM_PWM_ConfigChannel(&htim1, &sConfigOC, TIM_CHANNEL_2) != HAL_OK)
  96:Src/tim.c     ****   {
  97:Src/tim.c     ****     _Error_Handler(__FILE__, __LINE__);
  98:Src/tim.c     ****   }
  99:Src/tim.c     **** 
 100:Src/tim.c     ****   if (HAL_TIM_PWM_ConfigChannel(&htim1, &sConfigOC, TIM_CHANNEL_3) != HAL_OK)
 101:Src/tim.c     ****   {
 102:Src/tim.c     ****     _Error_Handler(__FILE__, __LINE__);
 103:Src/tim.c     ****   }
 104:Src/tim.c     **** 
 105:Src/tim.c     ****   if (HAL_TIM_PWM_ConfigChannel(&htim1, &sConfigOC, TIM_CHANNEL_4) != HAL_OK)
 106:Src/tim.c     ****   {
 107:Src/tim.c     ****     _Error_Handler(__FILE__, __LINE__);
 108:Src/tim.c     ****   }
 109:Src/tim.c     **** 
 110:Src/tim.c     ****   sBreakDeadTimeConfig.OffStateRunMode = TIM_OSSR_DISABLE;
 111:Src/tim.c     ****   sBreakDeadTimeConfig.OffStateIDLEMode = TIM_OSSI_DISABLE;
 112:Src/tim.c     ****   sBreakDeadTimeConfig.LockLevel = TIM_LOCKLEVEL_OFF;
 113:Src/tim.c     ****   sBreakDeadTimeConfig.DeadTime = 0;
 114:Src/tim.c     ****   sBreakDeadTimeConfig.BreakState = TIM_BREAK_DISABLE;
 115:Src/tim.c     ****   sBreakDeadTimeConfig.BreakPolarity = TIM_BREAKPOLARITY_HIGH;
 116:Src/tim.c     ****   sBreakDeadTimeConfig.AutomaticOutput = TIM_AUTOMATICOUTPUT_DISABLE;
 117:Src/tim.c     ****   if (HAL_TIMEx_ConfigBreakDeadTime(&htim1, &sBreakDeadTimeConfig) != HAL_OK)
 118:Src/tim.c     ****   {
 119:Src/tim.c     ****     _Error_Handler(__FILE__, __LINE__);
 120:Src/tim.c     ****   }
 121:Src/tim.c     **** 
 122:Src/tim.c     ****   HAL_TIM_MspPostInit(&htim1);
 123:Src/tim.c     **** 
 124:Src/tim.c     **** }
 125:Src/tim.c     **** /* TIM2 init function */
 126:Src/tim.c     **** void MX_TIM2_Init(void)
 127:Src/tim.c     **** {
 128:Src/tim.c     ****   TIM_MasterConfigTypeDef sMasterConfig;
 129:Src/tim.c     ****   TIM_OC_InitTypeDef sConfigOC;
 130:Src/tim.c     **** 
 131:Src/tim.c     ****   htim2.Instance = TIM2;
 132:Src/tim.c     ****   htim2.Init.Prescaler = 9;
 133:Src/tim.c     ****   htim2.Init.CounterMode = TIM_COUNTERMODE_UP;
 134:Src/tim.c     ****   htim2.Init.Period = 999;
 135:Src/tim.c     ****   htim2.Init.ClockDivision = TIM_CLOCKDIVISION_DIV1;
 136:Src/tim.c     ****   if (HAL_TIM_PWM_Init(&htim2) != HAL_OK)
 137:Src/tim.c     ****   {
 138:Src/tim.c     ****     _Error_Handler(__FILE__, __LINE__);
 139:Src/tim.c     ****   }
 140:Src/tim.c     **** 
 141:Src/tim.c     ****   sMasterConfig.MasterOutputTrigger = TIM_TRGO_RESET;
 142:Src/tim.c     ****   sMasterConfig.MasterSlaveMode = TIM_MASTERSLAVEMODE_DISABLE;
 143:Src/tim.c     ****   if (HAL_TIMEx_MasterConfigSynchronization(&htim2, &sMasterConfig) != HAL_OK)
 144:Src/tim.c     ****   {
 145:Src/tim.c     ****     _Error_Handler(__FILE__, __LINE__);
ARM GAS  C:\Users\kotaro\AppData\Local\Temp\cc1cKpXQ.s 			page 4


 146:Src/tim.c     ****   }
 147:Src/tim.c     **** 
 148:Src/tim.c     ****   sConfigOC.OCMode = TIM_OCMODE_PWM1;
 149:Src/tim.c     ****   sConfigOC.Pulse = 0;
 150:Src/tim.c     ****   sConfigOC.OCPolarity = TIM_OCPOLARITY_HIGH;
 151:Src/tim.c     ****   sConfigOC.OCFastMode = TIM_OCFAST_DISABLE;
 152:Src/tim.c     ****   if (HAL_TIM_PWM_ConfigChannel(&htim2, &sConfigOC, TIM_CHANNEL_1) != HAL_OK)
 153:Src/tim.c     ****   {
 154:Src/tim.c     ****     _Error_Handler(__FILE__, __LINE__);
 155:Src/tim.c     ****   }
 156:Src/tim.c     **** 
 157:Src/tim.c     ****   HAL_TIM_MspPostInit(&htim2);
 158:Src/tim.c     **** 
 159:Src/tim.c     **** }
 160:Src/tim.c     **** /* TIM3 init function */
 161:Src/tim.c     **** void MX_TIM3_Init(void)
 162:Src/tim.c     **** {
  28              		.loc 1 162 0
  29              		.cfi_startproc
  30              		@ args = 0, pretend = 0, frame = 48
  31              		@ frame_needed = 0, uses_anonymous_args = 0
  32 0000 00B5     		push	{lr}
  33              	.LCFI0:
  34              		.cfi_def_cfa_offset 4
  35              		.cfi_offset 14, -4
  36 0002 8DB0     		sub	sp, sp, #52
  37              	.LCFI1:
  38              		.cfi_def_cfa_offset 56
 163:Src/tim.c     ****   TIM_Encoder_InitTypeDef sConfig;
 164:Src/tim.c     ****   TIM_MasterConfigTypeDef sMasterConfig;
 165:Src/tim.c     **** 
 166:Src/tim.c     ****   htim3.Instance = TIM3;
  39              		.loc 1 166 0
  40 0004 1648     		ldr	r0, .L7
  41 0006 174B     		ldr	r3, .L7+4
  42 0008 0360     		str	r3, [r0]
 167:Src/tim.c     ****   htim3.Init.Prescaler = 0;
  43              		.loc 1 167 0
  44 000a 0023     		movs	r3, #0
  45 000c 4360     		str	r3, [r0, #4]
 168:Src/tim.c     ****   htim3.Init.CounterMode = TIM_COUNTERMODE_UP;
  46              		.loc 1 168 0
  47 000e 8360     		str	r3, [r0, #8]
 169:Src/tim.c     ****   htim3.Init.Period = 65535;
  48              		.loc 1 169 0
  49 0010 4FF6FF72 		movw	r2, #65535
  50 0014 C260     		str	r2, [r0, #12]
 170:Src/tim.c     ****   htim3.Init.ClockDivision = TIM_CLOCKDIVISION_DIV1;
  51              		.loc 1 170 0
  52 0016 0361     		str	r3, [r0, #16]
 171:Src/tim.c     ****   sConfig.EncoderMode = TIM_ENCODERMODE_TI1;
  53              		.loc 1 171 0
  54 0018 0122     		movs	r2, #1
  55 001a 0392     		str	r2, [sp, #12]
 172:Src/tim.c     ****   sConfig.IC1Polarity = TIM_ICPOLARITY_RISING;
  56              		.loc 1 172 0
  57 001c 0493     		str	r3, [sp, #16]
ARM GAS  C:\Users\kotaro\AppData\Local\Temp\cc1cKpXQ.s 			page 5


 173:Src/tim.c     ****   sConfig.IC1Selection = TIM_ICSELECTION_DIRECTTI;
  58              		.loc 1 173 0
  59 001e 0592     		str	r2, [sp, #20]
 174:Src/tim.c     ****   sConfig.IC1Prescaler = TIM_ICPSC_DIV1;
  60              		.loc 1 174 0
  61 0020 0693     		str	r3, [sp, #24]
 175:Src/tim.c     ****   sConfig.IC1Filter = 0;
  62              		.loc 1 175 0
  63 0022 0793     		str	r3, [sp, #28]
 176:Src/tim.c     ****   sConfig.IC2Polarity = TIM_ICPOLARITY_RISING;
  64              		.loc 1 176 0
  65 0024 0893     		str	r3, [sp, #32]
 177:Src/tim.c     ****   sConfig.IC2Selection = TIM_ICSELECTION_DIRECTTI;
  66              		.loc 1 177 0
  67 0026 0992     		str	r2, [sp, #36]
 178:Src/tim.c     ****   sConfig.IC2Prescaler = TIM_ICPSC_DIV1;
  68              		.loc 1 178 0
  69 0028 0A93     		str	r3, [sp, #40]
 179:Src/tim.c     ****   sConfig.IC2Filter = 0;
  70              		.loc 1 179 0
  71 002a 0B93     		str	r3, [sp, #44]
 180:Src/tim.c     ****   if (HAL_TIM_Encoder_Init(&htim3, &sConfig) != HAL_OK)
  72              		.loc 1 180 0
  73 002c 03A9     		add	r1, sp, #12
  74 002e FFF7FEFF 		bl	HAL_TIM_Encoder_Init
  75              	.LVL0:
  76 0032 50B9     		cbnz	r0, .L5
  77              	.L2:
 181:Src/tim.c     ****   {
 182:Src/tim.c     ****     _Error_Handler(__FILE__, __LINE__);
 183:Src/tim.c     ****   }
 184:Src/tim.c     **** 
 185:Src/tim.c     ****   sMasterConfig.MasterOutputTrigger = TIM_TRGO_RESET;
  78              		.loc 1 185 0
  79 0034 0023     		movs	r3, #0
  80 0036 0193     		str	r3, [sp, #4]
 186:Src/tim.c     ****   sMasterConfig.MasterSlaveMode = TIM_MASTERSLAVEMODE_DISABLE;
  81              		.loc 1 186 0
  82 0038 0293     		str	r3, [sp, #8]
 187:Src/tim.c     ****   if (HAL_TIMEx_MasterConfigSynchronization(&htim3, &sMasterConfig) != HAL_OK)
  83              		.loc 1 187 0
  84 003a 01A9     		add	r1, sp, #4
  85 003c 0848     		ldr	r0, .L7
  86 003e FFF7FEFF 		bl	HAL_TIMEx_MasterConfigSynchronization
  87              	.LVL1:
  88 0042 38B9     		cbnz	r0, .L6
  89              	.L1:
 188:Src/tim.c     ****   {
 189:Src/tim.c     ****     _Error_Handler(__FILE__, __LINE__);
 190:Src/tim.c     ****   }
 191:Src/tim.c     **** 
 192:Src/tim.c     **** }
  90              		.loc 1 192 0
  91 0044 0DB0     		add	sp, sp, #52
  92              	.LCFI2:
  93              		.cfi_remember_state
  94              		.cfi_def_cfa_offset 4
ARM GAS  C:\Users\kotaro\AppData\Local\Temp\cc1cKpXQ.s 			page 6


  95              		@ sp needed
  96 0046 5DF804FB 		ldr	pc, [sp], #4
  97              	.L5:
  98              	.LCFI3:
  99              		.cfi_restore_state
 182:Src/tim.c     ****   }
 100              		.loc 1 182 0
 101 004a B621     		movs	r1, #182
 102 004c 0648     		ldr	r0, .L7+8
 103 004e FFF7FEFF 		bl	_Error_Handler
 104              	.LVL2:
 105 0052 EFE7     		b	.L2
 106              	.L6:
 189:Src/tim.c     ****   }
 107              		.loc 1 189 0
 108 0054 BD21     		movs	r1, #189
 109 0056 0448     		ldr	r0, .L7+8
 110 0058 FFF7FEFF 		bl	_Error_Handler
 111              	.LVL3:
 112              		.loc 1 192 0
 113 005c F2E7     		b	.L1
 114              	.L8:
 115 005e 00BF     		.align	2
 116              	.L7:
 117 0060 00000000 		.word	htim3
 118 0064 00040040 		.word	1073742848
 119 0068 00000000 		.word	.LC0
 120              		.cfi_endproc
 121              	.LFE161:
 123              		.section	.text.MX_TIM4_Init,"ax",%progbits
 124              		.align	1
 125              		.global	MX_TIM4_Init
 126              		.syntax unified
 127              		.thumb
 128              		.thumb_func
 129              		.fpu fpv4-sp-d16
 131              	MX_TIM4_Init:
 132              	.LFB162:
 193:Src/tim.c     **** /* TIM4 init function */
 194:Src/tim.c     **** void MX_TIM4_Init(void)
 195:Src/tim.c     **** {
 133              		.loc 1 195 0
 134              		.cfi_startproc
 135              		@ args = 0, pretend = 0, frame = 48
 136              		@ frame_needed = 0, uses_anonymous_args = 0
 137 0000 00B5     		push	{lr}
 138              	.LCFI4:
 139              		.cfi_def_cfa_offset 4
 140              		.cfi_offset 14, -4
 141 0002 8DB0     		sub	sp, sp, #52
 142              	.LCFI5:
 143              		.cfi_def_cfa_offset 56
 196:Src/tim.c     ****   TIM_Encoder_InitTypeDef sConfig;
 197:Src/tim.c     ****   TIM_MasterConfigTypeDef sMasterConfig;
 198:Src/tim.c     **** 
 199:Src/tim.c     ****   htim4.Instance = TIM4;
 144              		.loc 1 199 0
ARM GAS  C:\Users\kotaro\AppData\Local\Temp\cc1cKpXQ.s 			page 7


 145 0004 1648     		ldr	r0, .L15
 146 0006 174B     		ldr	r3, .L15+4
 147 0008 0360     		str	r3, [r0]
 200:Src/tim.c     ****   htim4.Init.Prescaler = 0;
 148              		.loc 1 200 0
 149 000a 0023     		movs	r3, #0
 150 000c 4360     		str	r3, [r0, #4]
 201:Src/tim.c     ****   htim4.Init.CounterMode = TIM_COUNTERMODE_UP;
 151              		.loc 1 201 0
 152 000e 8360     		str	r3, [r0, #8]
 202:Src/tim.c     ****   htim4.Init.Period = 65535;
 153              		.loc 1 202 0
 154 0010 4FF6FF72 		movw	r2, #65535
 155 0014 C260     		str	r2, [r0, #12]
 203:Src/tim.c     ****   htim4.Init.ClockDivision = TIM_CLOCKDIVISION_DIV1;
 156              		.loc 1 203 0
 157 0016 0361     		str	r3, [r0, #16]
 204:Src/tim.c     ****   sConfig.EncoderMode = TIM_ENCODERMODE_TI1;
 158              		.loc 1 204 0
 159 0018 0122     		movs	r2, #1
 160 001a 0392     		str	r2, [sp, #12]
 205:Src/tim.c     ****   sConfig.IC1Polarity = TIM_ICPOLARITY_RISING;
 161              		.loc 1 205 0
 162 001c 0493     		str	r3, [sp, #16]
 206:Src/tim.c     ****   sConfig.IC1Selection = TIM_ICSELECTION_DIRECTTI;
 163              		.loc 1 206 0
 164 001e 0592     		str	r2, [sp, #20]
 207:Src/tim.c     ****   sConfig.IC1Prescaler = TIM_ICPSC_DIV1;
 165              		.loc 1 207 0
 166 0020 0693     		str	r3, [sp, #24]
 208:Src/tim.c     ****   sConfig.IC1Filter = 0;
 167              		.loc 1 208 0
 168 0022 0793     		str	r3, [sp, #28]
 209:Src/tim.c     ****   sConfig.IC2Polarity = TIM_ICPOLARITY_RISING;
 169              		.loc 1 209 0
 170 0024 0893     		str	r3, [sp, #32]
 210:Src/tim.c     ****   sConfig.IC2Selection = TIM_ICSELECTION_DIRECTTI;
 171              		.loc 1 210 0
 172 0026 0992     		str	r2, [sp, #36]
 211:Src/tim.c     ****   sConfig.IC2Prescaler = TIM_ICPSC_DIV1;
 173              		.loc 1 211 0
 174 0028 0A93     		str	r3, [sp, #40]
 212:Src/tim.c     ****   sConfig.IC2Filter = 0;
 175              		.loc 1 212 0
 176 002a 0B93     		str	r3, [sp, #44]
 213:Src/tim.c     ****   if (HAL_TIM_Encoder_Init(&htim4, &sConfig) != HAL_OK)
 177              		.loc 1 213 0
 178 002c 03A9     		add	r1, sp, #12
 179 002e FFF7FEFF 		bl	HAL_TIM_Encoder_Init
 180              	.LVL4:
 181 0032 50B9     		cbnz	r0, .L13
 182              	.L10:
 214:Src/tim.c     ****   {
 215:Src/tim.c     ****     _Error_Handler(__FILE__, __LINE__);
 216:Src/tim.c     ****   }
 217:Src/tim.c     **** 
 218:Src/tim.c     ****   sMasterConfig.MasterOutputTrigger = TIM_TRGO_RESET;
ARM GAS  C:\Users\kotaro\AppData\Local\Temp\cc1cKpXQ.s 			page 8


 183              		.loc 1 218 0
 184 0034 0023     		movs	r3, #0
 185 0036 0193     		str	r3, [sp, #4]
 219:Src/tim.c     ****   sMasterConfig.MasterSlaveMode = TIM_MASTERSLAVEMODE_DISABLE;
 186              		.loc 1 219 0
 187 0038 0293     		str	r3, [sp, #8]
 220:Src/tim.c     ****   if (HAL_TIMEx_MasterConfigSynchronization(&htim4, &sMasterConfig) != HAL_OK)
 188              		.loc 1 220 0
 189 003a 01A9     		add	r1, sp, #4
 190 003c 0848     		ldr	r0, .L15
 191 003e FFF7FEFF 		bl	HAL_TIMEx_MasterConfigSynchronization
 192              	.LVL5:
 193 0042 38B9     		cbnz	r0, .L14
 194              	.L9:
 221:Src/tim.c     ****   {
 222:Src/tim.c     ****     _Error_Handler(__FILE__, __LINE__);
 223:Src/tim.c     ****   }
 224:Src/tim.c     **** 
 225:Src/tim.c     **** }
 195              		.loc 1 225 0
 196 0044 0DB0     		add	sp, sp, #52
 197              	.LCFI6:
 198              		.cfi_remember_state
 199              		.cfi_def_cfa_offset 4
 200              		@ sp needed
 201 0046 5DF804FB 		ldr	pc, [sp], #4
 202              	.L13:
 203              	.LCFI7:
 204              		.cfi_restore_state
 215:Src/tim.c     ****   }
 205              		.loc 1 215 0
 206 004a D721     		movs	r1, #215
 207 004c 0648     		ldr	r0, .L15+8
 208 004e FFF7FEFF 		bl	_Error_Handler
 209              	.LVL6:
 210 0052 EFE7     		b	.L10
 211              	.L14:
 222:Src/tim.c     ****   }
 212              		.loc 1 222 0
 213 0054 DE21     		movs	r1, #222
 214 0056 0448     		ldr	r0, .L15+8
 215 0058 FFF7FEFF 		bl	_Error_Handler
 216              	.LVL7:
 217              		.loc 1 225 0
 218 005c F2E7     		b	.L9
 219              	.L16:
 220 005e 00BF     		.align	2
 221              	.L15:
 222 0060 00000000 		.word	htim4
 223 0064 00080040 		.word	1073743872
 224 0068 00000000 		.word	.LC0
 225              		.cfi_endproc
 226              	.LFE162:
 228              		.section	.text.HAL_TIM_PWM_MspInit,"ax",%progbits
 229              		.align	1
 230              		.global	HAL_TIM_PWM_MspInit
 231              		.syntax unified
ARM GAS  C:\Users\kotaro\AppData\Local\Temp\cc1cKpXQ.s 			page 9


 232              		.thumb
 233              		.thumb_func
 234              		.fpu fpv4-sp-d16
 236              	HAL_TIM_PWM_MspInit:
 237              	.LFB163:
 226:Src/tim.c     **** 
 227:Src/tim.c     **** void HAL_TIM_PWM_MspInit(TIM_HandleTypeDef* tim_pwmHandle)
 228:Src/tim.c     **** {
 238              		.loc 1 228 0
 239              		.cfi_startproc
 240              		@ args = 0, pretend = 0, frame = 8
 241              		@ frame_needed = 0, uses_anonymous_args = 0
 242              		@ link register save eliminated.
 243              	.LVL8:
 244 0000 82B0     		sub	sp, sp, #8
 245              	.LCFI8:
 246              		.cfi_def_cfa_offset 8
 229:Src/tim.c     **** 
 230:Src/tim.c     ****   if(tim_pwmHandle->Instance==TIM1)
 247              		.loc 1 230 0
 248 0002 0368     		ldr	r3, [r0]
 249 0004 104A     		ldr	r2, .L23
 250 0006 9342     		cmp	r3, r2
 251 0008 04D0     		beq	.L21
 231:Src/tim.c     ****   {
 232:Src/tim.c     ****   /* USER CODE BEGIN TIM1_MspInit 0 */
 233:Src/tim.c     **** 
 234:Src/tim.c     ****   /* USER CODE END TIM1_MspInit 0 */
 235:Src/tim.c     ****     /* TIM1 clock enable */
 236:Src/tim.c     ****     __HAL_RCC_TIM1_CLK_ENABLE();
 237:Src/tim.c     ****   /* USER CODE BEGIN TIM1_MspInit 1 */
 238:Src/tim.c     **** 
 239:Src/tim.c     ****   /* USER CODE END TIM1_MspInit 1 */
 240:Src/tim.c     ****   }
 241:Src/tim.c     ****   else if(tim_pwmHandle->Instance==TIM2)
 252              		.loc 1 241 0
 253 000a B3F1804F 		cmp	r3, #1073741824
 254 000e 0ED0     		beq	.L22
 255              	.L17:
 242:Src/tim.c     ****   {
 243:Src/tim.c     ****   /* USER CODE BEGIN TIM2_MspInit 0 */
 244:Src/tim.c     **** 
 245:Src/tim.c     ****   /* USER CODE END TIM2_MspInit 0 */
 246:Src/tim.c     ****     /* TIM2 clock enable */
 247:Src/tim.c     ****     __HAL_RCC_TIM2_CLK_ENABLE();
 248:Src/tim.c     ****   /* USER CODE BEGIN TIM2_MspInit 1 */
 249:Src/tim.c     **** 
 250:Src/tim.c     ****   /* USER CODE END TIM2_MspInit 1 */
 251:Src/tim.c     ****   }
 252:Src/tim.c     **** }
 256              		.loc 1 252 0
 257 0010 02B0     		add	sp, sp, #8
 258              	.LCFI9:
 259              		.cfi_remember_state
 260              		.cfi_def_cfa_offset 0
 261              		@ sp needed
 262 0012 7047     		bx	lr
ARM GAS  C:\Users\kotaro\AppData\Local\Temp\cc1cKpXQ.s 			page 10


 263              	.L21:
 264              	.LCFI10:
 265              		.cfi_restore_state
 266              	.LBB2:
 236:Src/tim.c     ****   /* USER CODE BEGIN TIM1_MspInit 1 */
 267              		.loc 1 236 0
 268 0014 0023     		movs	r3, #0
 269 0016 0093     		str	r3, [sp]
 270 0018 0C4B     		ldr	r3, .L23+4
 271 001a 5A6C     		ldr	r2, [r3, #68]
 272 001c 42F00102 		orr	r2, r2, #1
 273 0020 5A64     		str	r2, [r3, #68]
 274 0022 5B6C     		ldr	r3, [r3, #68]
 275 0024 03F00103 		and	r3, r3, #1
 276 0028 0093     		str	r3, [sp]
 277 002a 009B     		ldr	r3, [sp]
 278              	.LBE2:
 279 002c F0E7     		b	.L17
 280              	.L22:
 281              	.LBB3:
 247:Src/tim.c     ****   /* USER CODE BEGIN TIM2_MspInit 1 */
 282              		.loc 1 247 0
 283 002e 0023     		movs	r3, #0
 284 0030 0193     		str	r3, [sp, #4]
 285 0032 064B     		ldr	r3, .L23+4
 286 0034 1A6C     		ldr	r2, [r3, #64]
 287 0036 42F00102 		orr	r2, r2, #1
 288 003a 1A64     		str	r2, [r3, #64]
 289 003c 1B6C     		ldr	r3, [r3, #64]
 290 003e 03F00103 		and	r3, r3, #1
 291 0042 0193     		str	r3, [sp, #4]
 292 0044 019B     		ldr	r3, [sp, #4]
 293              	.LBE3:
 294              		.loc 1 252 0
 295 0046 E3E7     		b	.L17
 296              	.L24:
 297              		.align	2
 298              	.L23:
 299 0048 00000140 		.word	1073807360
 300 004c 00380240 		.word	1073887232
 301              		.cfi_endproc
 302              	.LFE163:
 304              		.section	.text.HAL_TIM_Encoder_MspInit,"ax",%progbits
 305              		.align	1
 306              		.global	HAL_TIM_Encoder_MspInit
 307              		.syntax unified
 308              		.thumb
 309              		.thumb_func
 310              		.fpu fpv4-sp-d16
 312              	HAL_TIM_Encoder_MspInit:
 313              	.LFB164:
 253:Src/tim.c     **** 
 254:Src/tim.c     **** void HAL_TIM_Encoder_MspInit(TIM_HandleTypeDef* tim_encoderHandle)
 255:Src/tim.c     **** {
 314              		.loc 1 255 0
 315              		.cfi_startproc
 316              		@ args = 0, pretend = 0, frame = 32
ARM GAS  C:\Users\kotaro\AppData\Local\Temp\cc1cKpXQ.s 			page 11


 317              		@ frame_needed = 0, uses_anonymous_args = 0
 318              	.LVL9:
 319 0000 00B5     		push	{lr}
 320              	.LCFI11:
 321              		.cfi_def_cfa_offset 4
 322              		.cfi_offset 14, -4
 323 0002 89B0     		sub	sp, sp, #36
 324              	.LCFI12:
 325              		.cfi_def_cfa_offset 40
 256:Src/tim.c     **** 
 257:Src/tim.c     ****   GPIO_InitTypeDef GPIO_InitStruct;
 258:Src/tim.c     ****   if(tim_encoderHandle->Instance==TIM3)
 326              		.loc 1 258 0
 327 0004 0368     		ldr	r3, [r0]
 328 0006 1D4A     		ldr	r2, .L31
 329 0008 9342     		cmp	r3, r2
 330 000a 05D0     		beq	.L29
 259:Src/tim.c     ****   {
 260:Src/tim.c     ****   /* USER CODE BEGIN TIM3_MspInit 0 */
 261:Src/tim.c     **** 
 262:Src/tim.c     ****   /* USER CODE END TIM3_MspInit 0 */
 263:Src/tim.c     ****     /* TIM3 clock enable */
 264:Src/tim.c     ****     __HAL_RCC_TIM3_CLK_ENABLE();
 265:Src/tim.c     ****   
 266:Src/tim.c     ****     /**TIM3 GPIO Configuration    
 267:Src/tim.c     ****     PA6     ------> TIM3_CH1
 268:Src/tim.c     ****     PA7     ------> TIM3_CH2 
 269:Src/tim.c     ****     */
 270:Src/tim.c     ****     GPIO_InitStruct.Pin = GPIO_PIN_6|GPIO_PIN_7;
 271:Src/tim.c     ****     GPIO_InitStruct.Mode = GPIO_MODE_AF_PP;
 272:Src/tim.c     ****     GPIO_InitStruct.Pull = GPIO_NOPULL;
 273:Src/tim.c     ****     GPIO_InitStruct.Speed = GPIO_SPEED_FREQ_LOW;
 274:Src/tim.c     ****     GPIO_InitStruct.Alternate = GPIO_AF2_TIM3;
 275:Src/tim.c     ****     HAL_GPIO_Init(GPIOA, &GPIO_InitStruct);
 276:Src/tim.c     **** 
 277:Src/tim.c     ****   /* USER CODE BEGIN TIM3_MspInit 1 */
 278:Src/tim.c     **** 
 279:Src/tim.c     ****   /* USER CODE END TIM3_MspInit 1 */
 280:Src/tim.c     ****   }
 281:Src/tim.c     ****   else if(tim_encoderHandle->Instance==TIM4)
 331              		.loc 1 281 0
 332 000c 1C4A     		ldr	r2, .L31+4
 333 000e 9342     		cmp	r3, r2
 334 0010 1BD0     		beq	.L30
 335              	.LVL10:
 336              	.L25:
 282:Src/tim.c     ****   {
 283:Src/tim.c     ****   /* USER CODE BEGIN TIM4_MspInit 0 */
 284:Src/tim.c     **** 
 285:Src/tim.c     ****   /* USER CODE END TIM4_MspInit 0 */
 286:Src/tim.c     ****     /* TIM4 clock enable */
 287:Src/tim.c     ****     __HAL_RCC_TIM4_CLK_ENABLE();
 288:Src/tim.c     ****   
 289:Src/tim.c     ****     /**TIM4 GPIO Configuration    
 290:Src/tim.c     ****     PB6     ------> TIM4_CH1
 291:Src/tim.c     ****     PB7     ------> TIM4_CH2 
 292:Src/tim.c     ****     */
ARM GAS  C:\Users\kotaro\AppData\Local\Temp\cc1cKpXQ.s 			page 12


 293:Src/tim.c     ****     GPIO_InitStruct.Pin = GPIO_PIN_6|GPIO_PIN_7;
 294:Src/tim.c     ****     GPIO_InitStruct.Mode = GPIO_MODE_AF_PP;
 295:Src/tim.c     ****     GPIO_InitStruct.Pull = GPIO_NOPULL;
 296:Src/tim.c     ****     GPIO_InitStruct.Speed = GPIO_SPEED_FREQ_LOW;
 297:Src/tim.c     ****     GPIO_InitStruct.Alternate = GPIO_AF2_TIM4;
 298:Src/tim.c     ****     HAL_GPIO_Init(GPIOB, &GPIO_InitStruct);
 299:Src/tim.c     **** 
 300:Src/tim.c     ****   /* USER CODE BEGIN TIM4_MspInit 1 */
 301:Src/tim.c     **** 
 302:Src/tim.c     ****   /* USER CODE END TIM4_MspInit 1 */
 303:Src/tim.c     ****   }
 304:Src/tim.c     **** }
 337              		.loc 1 304 0
 338 0012 09B0     		add	sp, sp, #36
 339              	.LCFI13:
 340              		.cfi_remember_state
 341              		.cfi_def_cfa_offset 4
 342              		@ sp needed
 343 0014 5DF804FB 		ldr	pc, [sp], #4
 344              	.LVL11:
 345              	.L29:
 346              	.LCFI14:
 347              		.cfi_restore_state
 348              	.LBB4:
 264:Src/tim.c     ****   
 349              		.loc 1 264 0
 350 0018 0023     		movs	r3, #0
 351 001a 0193     		str	r3, [sp, #4]
 352 001c 02F50D32 		add	r2, r2, #144384
 353 0020 116C     		ldr	r1, [r2, #64]
 354 0022 41F00201 		orr	r1, r1, #2
 355 0026 1164     		str	r1, [r2, #64]
 356 0028 126C     		ldr	r2, [r2, #64]
 357 002a 02F00202 		and	r2, r2, #2
 358 002e 0192     		str	r2, [sp, #4]
 359 0030 019A     		ldr	r2, [sp, #4]
 360              	.LBE4:
 270:Src/tim.c     ****     GPIO_InitStruct.Mode = GPIO_MODE_AF_PP;
 361              		.loc 1 270 0
 362 0032 C022     		movs	r2, #192
 363 0034 0392     		str	r2, [sp, #12]
 271:Src/tim.c     ****     GPIO_InitStruct.Pull = GPIO_NOPULL;
 364              		.loc 1 271 0
 365 0036 0222     		movs	r2, #2
 366 0038 0492     		str	r2, [sp, #16]
 272:Src/tim.c     ****     GPIO_InitStruct.Speed = GPIO_SPEED_FREQ_LOW;
 367              		.loc 1 272 0
 368 003a 0593     		str	r3, [sp, #20]
 273:Src/tim.c     ****     GPIO_InitStruct.Alternate = GPIO_AF2_TIM3;
 369              		.loc 1 273 0
 370 003c 0693     		str	r3, [sp, #24]
 274:Src/tim.c     ****     HAL_GPIO_Init(GPIOA, &GPIO_InitStruct);
 371              		.loc 1 274 0
 372 003e 0792     		str	r2, [sp, #28]
 275:Src/tim.c     **** 
 373              		.loc 1 275 0
 374 0040 03A9     		add	r1, sp, #12
ARM GAS  C:\Users\kotaro\AppData\Local\Temp\cc1cKpXQ.s 			page 13


 375 0042 1048     		ldr	r0, .L31+8
 376              	.LVL12:
 377 0044 FFF7FEFF 		bl	HAL_GPIO_Init
 378              	.LVL13:
 379 0048 E3E7     		b	.L25
 380              	.LVL14:
 381              	.L30:
 382              	.LBB5:
 287:Src/tim.c     ****   
 383              		.loc 1 287 0
 384 004a 0023     		movs	r3, #0
 385 004c 0293     		str	r3, [sp, #8]
 386 004e 02F50C32 		add	r2, r2, #143360
 387 0052 116C     		ldr	r1, [r2, #64]
 388 0054 41F00401 		orr	r1, r1, #4
 389 0058 1164     		str	r1, [r2, #64]
 390 005a 126C     		ldr	r2, [r2, #64]
 391 005c 02F00402 		and	r2, r2, #4
 392 0060 0292     		str	r2, [sp, #8]
 393 0062 029A     		ldr	r2, [sp, #8]
 394              	.LBE5:
 293:Src/tim.c     ****     GPIO_InitStruct.Mode = GPIO_MODE_AF_PP;
 395              		.loc 1 293 0
 396 0064 C022     		movs	r2, #192
 397 0066 0392     		str	r2, [sp, #12]
 294:Src/tim.c     ****     GPIO_InitStruct.Pull = GPIO_NOPULL;
 398              		.loc 1 294 0
 399 0068 0222     		movs	r2, #2
 400 006a 0492     		str	r2, [sp, #16]
 295:Src/tim.c     ****     GPIO_InitStruct.Speed = GPIO_SPEED_FREQ_LOW;
 401              		.loc 1 295 0
 402 006c 0593     		str	r3, [sp, #20]
 296:Src/tim.c     ****     GPIO_InitStruct.Alternate = GPIO_AF2_TIM4;
 403              		.loc 1 296 0
 404 006e 0693     		str	r3, [sp, #24]
 297:Src/tim.c     ****     HAL_GPIO_Init(GPIOB, &GPIO_InitStruct);
 405              		.loc 1 297 0
 406 0070 0792     		str	r2, [sp, #28]
 298:Src/tim.c     **** 
 407              		.loc 1 298 0
 408 0072 03A9     		add	r1, sp, #12
 409 0074 0448     		ldr	r0, .L31+12
 410              	.LVL15:
 411 0076 FFF7FEFF 		bl	HAL_GPIO_Init
 412              	.LVL16:
 413              		.loc 1 304 0
 414 007a CAE7     		b	.L25
 415              	.L32:
 416              		.align	2
 417              	.L31:
 418 007c 00040040 		.word	1073742848
 419 0080 00080040 		.word	1073743872
 420 0084 00000240 		.word	1073872896
 421 0088 00040240 		.word	1073873920
 422              		.cfi_endproc
 423              	.LFE164:
 425              		.section	.text.HAL_TIM_MspPostInit,"ax",%progbits
ARM GAS  C:\Users\kotaro\AppData\Local\Temp\cc1cKpXQ.s 			page 14


 426              		.align	1
 427              		.global	HAL_TIM_MspPostInit
 428              		.syntax unified
 429              		.thumb
 430              		.thumb_func
 431              		.fpu fpv4-sp-d16
 433              	HAL_TIM_MspPostInit:
 434              	.LFB165:
 305:Src/tim.c     **** void HAL_TIM_MspPostInit(TIM_HandleTypeDef* timHandle)
 306:Src/tim.c     **** {
 435              		.loc 1 306 0
 436              		.cfi_startproc
 437              		@ args = 0, pretend = 0, frame = 24
 438              		@ frame_needed = 0, uses_anonymous_args = 0
 439              	.LVL17:
 440 0000 00B5     		push	{lr}
 441              	.LCFI15:
 442              		.cfi_def_cfa_offset 4
 443              		.cfi_offset 14, -4
 444 0002 87B0     		sub	sp, sp, #28
 445              	.LCFI16:
 446              		.cfi_def_cfa_offset 32
 307:Src/tim.c     **** 
 308:Src/tim.c     ****   GPIO_InitTypeDef GPIO_InitStruct;
 309:Src/tim.c     ****   if(timHandle->Instance==TIM1)
 447              		.loc 1 309 0
 448 0004 0368     		ldr	r3, [r0]
 449 0006 134A     		ldr	r2, .L39
 450 0008 9342     		cmp	r3, r2
 451 000a 05D0     		beq	.L37
 310:Src/tim.c     ****   {
 311:Src/tim.c     ****   /* USER CODE BEGIN TIM1_MspPostInit 0 */
 312:Src/tim.c     **** 
 313:Src/tim.c     ****   /* USER CODE END TIM1_MspPostInit 0 */
 314:Src/tim.c     ****     /**TIM1 GPIO Configuration    
 315:Src/tim.c     ****     PA8     ------> TIM1_CH1
 316:Src/tim.c     ****     PA9     ------> TIM1_CH2
 317:Src/tim.c     ****     PA10     ------> TIM1_CH3
 318:Src/tim.c     ****     PA11     ------> TIM1_CH4 
 319:Src/tim.c     ****     */
 320:Src/tim.c     ****     GPIO_InitStruct.Pin = GPIO_PIN_8|GPIO_PIN_9|GPIO_PIN_10|GPIO_PIN_11;
 321:Src/tim.c     ****     GPIO_InitStruct.Mode = GPIO_MODE_AF_PP;
 322:Src/tim.c     ****     GPIO_InitStruct.Pull = GPIO_NOPULL;
 323:Src/tim.c     ****     GPIO_InitStruct.Speed = GPIO_SPEED_FREQ_LOW;
 324:Src/tim.c     ****     GPIO_InitStruct.Alternate = GPIO_AF1_TIM1;
 325:Src/tim.c     ****     HAL_GPIO_Init(GPIOA, &GPIO_InitStruct);
 326:Src/tim.c     **** 
 327:Src/tim.c     ****   /* USER CODE BEGIN TIM1_MspPostInit 1 */
 328:Src/tim.c     **** 
 329:Src/tim.c     ****   /* USER CODE END TIM1_MspPostInit 1 */
 330:Src/tim.c     ****   }
 331:Src/tim.c     ****   else if(timHandle->Instance==TIM2)
 452              		.loc 1 331 0
 453 000c B3F1804F 		cmp	r3, #1073741824
 454 0010 11D0     		beq	.L38
 455              	.LVL18:
 456              	.L33:
ARM GAS  C:\Users\kotaro\AppData\Local\Temp\cc1cKpXQ.s 			page 15


 332:Src/tim.c     ****   {
 333:Src/tim.c     ****   /* USER CODE BEGIN TIM2_MspPostInit 0 */
 334:Src/tim.c     **** 
 335:Src/tim.c     ****   /* USER CODE END TIM2_MspPostInit 0 */
 336:Src/tim.c     ****   
 337:Src/tim.c     ****     /**TIM2 GPIO Configuration    
 338:Src/tim.c     ****     PA5     ------> TIM2_CH1 
 339:Src/tim.c     ****     */
 340:Src/tim.c     ****     GPIO_InitStruct.Pin = GPIO_PIN_5;
 341:Src/tim.c     ****     GPIO_InitStruct.Mode = GPIO_MODE_AF_PP;
 342:Src/tim.c     ****     GPIO_InitStruct.Pull = GPIO_NOPULL;
 343:Src/tim.c     ****     GPIO_InitStruct.Speed = GPIO_SPEED_FREQ_LOW;
 344:Src/tim.c     ****     GPIO_InitStruct.Alternate = GPIO_AF1_TIM2;
 345:Src/tim.c     ****     HAL_GPIO_Init(GPIOA, &GPIO_InitStruct);
 346:Src/tim.c     **** 
 347:Src/tim.c     ****   /* USER CODE BEGIN TIM2_MspPostInit 1 */
 348:Src/tim.c     **** 
 349:Src/tim.c     ****   /* USER CODE END TIM2_MspPostInit 1 */
 350:Src/tim.c     ****   }
 351:Src/tim.c     **** 
 352:Src/tim.c     **** }
 457              		.loc 1 352 0
 458 0012 07B0     		add	sp, sp, #28
 459              	.LCFI17:
 460              		.cfi_remember_state
 461              		.cfi_def_cfa_offset 4
 462              		@ sp needed
 463 0014 5DF804FB 		ldr	pc, [sp], #4
 464              	.LVL19:
 465              	.L37:
 466              	.LCFI18:
 467              		.cfi_restore_state
 320:Src/tim.c     ****     GPIO_InitStruct.Mode = GPIO_MODE_AF_PP;
 468              		.loc 1 320 0
 469 0018 4FF47063 		mov	r3, #3840
 470 001c 0193     		str	r3, [sp, #4]
 321:Src/tim.c     ****     GPIO_InitStruct.Pull = GPIO_NOPULL;
 471              		.loc 1 321 0
 472 001e 0223     		movs	r3, #2
 473 0020 0293     		str	r3, [sp, #8]
 322:Src/tim.c     ****     GPIO_InitStruct.Speed = GPIO_SPEED_FREQ_LOW;
 474              		.loc 1 322 0
 475 0022 0023     		movs	r3, #0
 476 0024 0393     		str	r3, [sp, #12]
 323:Src/tim.c     ****     GPIO_InitStruct.Alternate = GPIO_AF1_TIM1;
 477              		.loc 1 323 0
 478 0026 0493     		str	r3, [sp, #16]
 324:Src/tim.c     ****     HAL_GPIO_Init(GPIOA, &GPIO_InitStruct);
 479              		.loc 1 324 0
 480 0028 0123     		movs	r3, #1
 481 002a 0593     		str	r3, [sp, #20]
 325:Src/tim.c     **** 
 482              		.loc 1 325 0
 483 002c 01A9     		add	r1, sp, #4
 484 002e 0A48     		ldr	r0, .L39+4
 485              	.LVL20:
 486 0030 FFF7FEFF 		bl	HAL_GPIO_Init
ARM GAS  C:\Users\kotaro\AppData\Local\Temp\cc1cKpXQ.s 			page 16


 487              	.LVL21:
 488 0034 EDE7     		b	.L33
 489              	.LVL22:
 490              	.L38:
 340:Src/tim.c     ****     GPIO_InitStruct.Mode = GPIO_MODE_AF_PP;
 491              		.loc 1 340 0
 492 0036 2023     		movs	r3, #32
 493 0038 0193     		str	r3, [sp, #4]
 341:Src/tim.c     ****     GPIO_InitStruct.Pull = GPIO_NOPULL;
 494              		.loc 1 341 0
 495 003a 0223     		movs	r3, #2
 496 003c 0293     		str	r3, [sp, #8]
 342:Src/tim.c     ****     GPIO_InitStruct.Speed = GPIO_SPEED_FREQ_LOW;
 497              		.loc 1 342 0
 498 003e 0023     		movs	r3, #0
 499 0040 0393     		str	r3, [sp, #12]
 343:Src/tim.c     ****     GPIO_InitStruct.Alternate = GPIO_AF1_TIM2;
 500              		.loc 1 343 0
 501 0042 0493     		str	r3, [sp, #16]
 344:Src/tim.c     ****     HAL_GPIO_Init(GPIOA, &GPIO_InitStruct);
 502              		.loc 1 344 0
 503 0044 0123     		movs	r3, #1
 504 0046 0593     		str	r3, [sp, #20]
 345:Src/tim.c     **** 
 505              		.loc 1 345 0
 506 0048 01A9     		add	r1, sp, #4
 507 004a 0348     		ldr	r0, .L39+4
 508              	.LVL23:
 509 004c FFF7FEFF 		bl	HAL_GPIO_Init
 510              	.LVL24:
 511              		.loc 1 352 0
 512 0050 DFE7     		b	.L33
 513              	.L40:
 514 0052 00BF     		.align	2
 515              	.L39:
 516 0054 00000140 		.word	1073807360
 517 0058 00000240 		.word	1073872896
 518              		.cfi_endproc
 519              	.LFE165:
 521              		.section	.text.MX_TIM1_Init,"ax",%progbits
 522              		.align	1
 523              		.global	MX_TIM1_Init
 524              		.syntax unified
 525              		.thumb
 526              		.thumb_func
 527              		.fpu fpv4-sp-d16
 529              	MX_TIM1_Init:
 530              	.LFB159:
  60:Src/tim.c     ****   TIM_MasterConfigTypeDef sMasterConfig;
 531              		.loc 1 60 0
 532              		.cfi_startproc
 533              		@ args = 0, pretend = 0, frame = 64
 534              		@ frame_needed = 0, uses_anonymous_args = 0
 535 0000 00B5     		push	{lr}
 536              	.LCFI19:
 537              		.cfi_def_cfa_offset 4
 538              		.cfi_offset 14, -4
ARM GAS  C:\Users\kotaro\AppData\Local\Temp\cc1cKpXQ.s 			page 17


 539 0002 91B0     		sub	sp, sp, #68
 540              	.LCFI20:
 541              		.cfi_def_cfa_offset 72
  65:Src/tim.c     ****   htim1.Init.Prescaler = 1;
 542              		.loc 1 65 0
 543 0004 3948     		ldr	r0, .L57
 544 0006 3A4B     		ldr	r3, .L57+4
 545 0008 0360     		str	r3, [r0]
  66:Src/tim.c     ****   htim1.Init.CounterMode = TIM_COUNTERMODE_UP;
 546              		.loc 1 66 0
 547 000a 0123     		movs	r3, #1
 548 000c 4360     		str	r3, [r0, #4]
  67:Src/tim.c     ****   htim1.Init.Period = 799;
 549              		.loc 1 67 0
 550 000e 0023     		movs	r3, #0
 551 0010 8360     		str	r3, [r0, #8]
  68:Src/tim.c     ****   htim1.Init.ClockDivision = TIM_CLOCKDIVISION_DIV1;
 552              		.loc 1 68 0
 553 0012 40F21F32 		movw	r2, #799
 554 0016 C260     		str	r2, [r0, #12]
  69:Src/tim.c     ****   htim1.Init.RepetitionCounter = 0;
 555              		.loc 1 69 0
 556 0018 0361     		str	r3, [r0, #16]
  70:Src/tim.c     ****   if (HAL_TIM_PWM_Init(&htim1) != HAL_OK)
 557              		.loc 1 70 0
 558 001a 4361     		str	r3, [r0, #20]
  71:Src/tim.c     ****   {
 559              		.loc 1 71 0
 560 001c FFF7FEFF 		bl	HAL_TIM_PWM_Init
 561              	.LVL25:
 562 0020 0028     		cmp	r0, #0
 563 0022 3FD1     		bne	.L50
 564              	.L42:
  76:Src/tim.c     ****   sMasterConfig.MasterSlaveMode = TIM_MASTERSLAVEMODE_DISABLE;
 565              		.loc 1 76 0
 566 0024 0023     		movs	r3, #0
 567 0026 0E93     		str	r3, [sp, #56]
  77:Src/tim.c     ****   if (HAL_TIMEx_MasterConfigSynchronization(&htim1, &sMasterConfig) != HAL_OK)
 568              		.loc 1 77 0
 569 0028 0F93     		str	r3, [sp, #60]
  78:Src/tim.c     ****   {
 570              		.loc 1 78 0
 571 002a 0EA9     		add	r1, sp, #56
 572 002c 2F48     		ldr	r0, .L57
 573 002e FFF7FEFF 		bl	HAL_TIMEx_MasterConfigSynchronization
 574              	.LVL26:
 575 0032 0028     		cmp	r0, #0
 576 0034 3BD1     		bne	.L51
 577              	.L43:
  83:Src/tim.c     ****   sConfigOC.Pulse = 0;
 578              		.loc 1 83 0
 579 0036 6023     		movs	r3, #96
 580 0038 0793     		str	r3, [sp, #28]
  84:Src/tim.c     ****   sConfigOC.OCPolarity = TIM_OCPOLARITY_HIGH;
 581              		.loc 1 84 0
 582 003a 0022     		movs	r2, #0
 583 003c 0892     		str	r2, [sp, #32]
ARM GAS  C:\Users\kotaro\AppData\Local\Temp\cc1cKpXQ.s 			page 18


  85:Src/tim.c     ****   sConfigOC.OCNPolarity = TIM_OCNPOLARITY_HIGH;
 584              		.loc 1 85 0
 585 003e 0992     		str	r2, [sp, #36]
  86:Src/tim.c     ****   sConfigOC.OCFastMode = TIM_OCFAST_DISABLE;
 586              		.loc 1 86 0
 587 0040 0A92     		str	r2, [sp, #40]
  87:Src/tim.c     ****   sConfigOC.OCIdleState = TIM_OCIDLESTATE_RESET;
 588              		.loc 1 87 0
 589 0042 0B92     		str	r2, [sp, #44]
  88:Src/tim.c     ****   sConfigOC.OCNIdleState = TIM_OCNIDLESTATE_RESET;
 590              		.loc 1 88 0
 591 0044 0C92     		str	r2, [sp, #48]
  89:Src/tim.c     ****   if (HAL_TIM_PWM_ConfigChannel(&htim1, &sConfigOC, TIM_CHANNEL_1) != HAL_OK)
 592              		.loc 1 89 0
 593 0046 0D92     		str	r2, [sp, #52]
  90:Src/tim.c     ****   {
 594              		.loc 1 90 0
 595 0048 07A9     		add	r1, sp, #28
 596 004a 2848     		ldr	r0, .L57
 597 004c FFF7FEFF 		bl	HAL_TIM_PWM_ConfigChannel
 598              	.LVL27:
 599 0050 0028     		cmp	r0, #0
 600 0052 31D1     		bne	.L52
 601              	.L44:
  95:Src/tim.c     ****   {
 602              		.loc 1 95 0
 603 0054 0422     		movs	r2, #4
 604 0056 07A9     		add	r1, sp, #28
 605 0058 2448     		ldr	r0, .L57
 606 005a FFF7FEFF 		bl	HAL_TIM_PWM_ConfigChannel
 607              	.LVL28:
 608 005e 0028     		cmp	r0, #0
 609 0060 2FD1     		bne	.L53
 610              	.L45:
 100:Src/tim.c     ****   {
 611              		.loc 1 100 0
 612 0062 0822     		movs	r2, #8
 613 0064 07A9     		add	r1, sp, #28
 614 0066 2148     		ldr	r0, .L57
 615 0068 FFF7FEFF 		bl	HAL_TIM_PWM_ConfigChannel
 616              	.LVL29:
 617 006c 70BB     		cbnz	r0, .L54
 618              	.L46:
 105:Src/tim.c     ****   {
 619              		.loc 1 105 0
 620 006e 0C22     		movs	r2, #12
 621 0070 07A9     		add	r1, sp, #28
 622 0072 1E48     		ldr	r0, .L57
 623 0074 FFF7FEFF 		bl	HAL_TIM_PWM_ConfigChannel
 624              	.LVL30:
 625 0078 68BB     		cbnz	r0, .L55
 626              	.L47:
 110:Src/tim.c     ****   sBreakDeadTimeConfig.OffStateIDLEMode = TIM_OSSI_DISABLE;
 627              		.loc 1 110 0
 628 007a 0023     		movs	r3, #0
 629 007c 0093     		str	r3, [sp]
 111:Src/tim.c     ****   sBreakDeadTimeConfig.LockLevel = TIM_LOCKLEVEL_OFF;
ARM GAS  C:\Users\kotaro\AppData\Local\Temp\cc1cKpXQ.s 			page 19


 630              		.loc 1 111 0
 631 007e 0193     		str	r3, [sp, #4]
 112:Src/tim.c     ****   sBreakDeadTimeConfig.DeadTime = 0;
 632              		.loc 1 112 0
 633 0080 0293     		str	r3, [sp, #8]
 113:Src/tim.c     ****   sBreakDeadTimeConfig.BreakState = TIM_BREAK_DISABLE;
 634              		.loc 1 113 0
 635 0082 0393     		str	r3, [sp, #12]
 114:Src/tim.c     ****   sBreakDeadTimeConfig.BreakPolarity = TIM_BREAKPOLARITY_HIGH;
 636              		.loc 1 114 0
 637 0084 0493     		str	r3, [sp, #16]
 115:Src/tim.c     ****   sBreakDeadTimeConfig.AutomaticOutput = TIM_AUTOMATICOUTPUT_DISABLE;
 638              		.loc 1 115 0
 639 0086 4FF40052 		mov	r2, #8192
 640 008a 0592     		str	r2, [sp, #20]
 116:Src/tim.c     ****   if (HAL_TIMEx_ConfigBreakDeadTime(&htim1, &sBreakDeadTimeConfig) != HAL_OK)
 641              		.loc 1 116 0
 642 008c 0693     		str	r3, [sp, #24]
 117:Src/tim.c     ****   {
 643              		.loc 1 117 0
 644 008e 6946     		mov	r1, sp
 645 0090 1648     		ldr	r0, .L57
 646 0092 FFF7FEFF 		bl	HAL_TIMEx_ConfigBreakDeadTime
 647              	.LVL31:
 648 0096 18BB     		cbnz	r0, .L56
 649              	.L48:
 122:Src/tim.c     **** 
 650              		.loc 1 122 0
 651 0098 1448     		ldr	r0, .L57
 652 009a FFF7FEFF 		bl	HAL_TIM_MspPostInit
 653              	.LVL32:
 124:Src/tim.c     **** /* TIM2 init function */
 654              		.loc 1 124 0
 655 009e 11B0     		add	sp, sp, #68
 656              	.LCFI21:
 657              		.cfi_remember_state
 658              		.cfi_def_cfa_offset 4
 659              		@ sp needed
 660 00a0 5DF804FB 		ldr	pc, [sp], #4
 661              	.L50:
 662              	.LCFI22:
 663              		.cfi_restore_state
  73:Src/tim.c     ****   }
 664              		.loc 1 73 0
 665 00a4 4921     		movs	r1, #73
 666 00a6 1348     		ldr	r0, .L57+8
 667 00a8 FFF7FEFF 		bl	_Error_Handler
 668              	.LVL33:
 669 00ac BAE7     		b	.L42
 670              	.L51:
  80:Src/tim.c     ****   }
 671              		.loc 1 80 0
 672 00ae 5021     		movs	r1, #80
 673 00b0 1048     		ldr	r0, .L57+8
 674 00b2 FFF7FEFF 		bl	_Error_Handler
 675              	.LVL34:
 676 00b6 BEE7     		b	.L43
ARM GAS  C:\Users\kotaro\AppData\Local\Temp\cc1cKpXQ.s 			page 20


 677              	.L52:
  92:Src/tim.c     ****   }
 678              		.loc 1 92 0
 679 00b8 5C21     		movs	r1, #92
 680 00ba 0E48     		ldr	r0, .L57+8
 681 00bc FFF7FEFF 		bl	_Error_Handler
 682              	.LVL35:
 683 00c0 C8E7     		b	.L44
 684              	.L53:
  97:Src/tim.c     ****   }
 685              		.loc 1 97 0
 686 00c2 6121     		movs	r1, #97
 687 00c4 0B48     		ldr	r0, .L57+8
 688 00c6 FFF7FEFF 		bl	_Error_Handler
 689              	.LVL36:
 690 00ca CAE7     		b	.L45
 691              	.L54:
 102:Src/tim.c     ****   }
 692              		.loc 1 102 0
 693 00cc 6621     		movs	r1, #102
 694 00ce 0948     		ldr	r0, .L57+8
 695 00d0 FFF7FEFF 		bl	_Error_Handler
 696              	.LVL37:
 697 00d4 CBE7     		b	.L46
 698              	.L55:
 107:Src/tim.c     ****   }
 699              		.loc 1 107 0
 700 00d6 6B21     		movs	r1, #107
 701 00d8 0648     		ldr	r0, .L57+8
 702 00da FFF7FEFF 		bl	_Error_Handler
 703              	.LVL38:
 704 00de CCE7     		b	.L47
 705              	.L56:
 119:Src/tim.c     ****   }
 706              		.loc 1 119 0
 707 00e0 7721     		movs	r1, #119
 708 00e2 0448     		ldr	r0, .L57+8
 709 00e4 FFF7FEFF 		bl	_Error_Handler
 710              	.LVL39:
 711 00e8 D6E7     		b	.L48
 712              	.L58:
 713 00ea 00BF     		.align	2
 714              	.L57:
 715 00ec 00000000 		.word	htim1
 716 00f0 00000140 		.word	1073807360
 717 00f4 00000000 		.word	.LC0
 718              		.cfi_endproc
 719              	.LFE159:
 721              		.section	.text.MX_TIM2_Init,"ax",%progbits
 722              		.align	1
 723              		.global	MX_TIM2_Init
 724              		.syntax unified
 725              		.thumb
 726              		.thumb_func
 727              		.fpu fpv4-sp-d16
 729              	MX_TIM2_Init:
 730              	.LFB160:
ARM GAS  C:\Users\kotaro\AppData\Local\Temp\cc1cKpXQ.s 			page 21


 127:Src/tim.c     ****   TIM_MasterConfigTypeDef sMasterConfig;
 731              		.loc 1 127 0
 732              		.cfi_startproc
 733              		@ args = 0, pretend = 0, frame = 40
 734              		@ frame_needed = 0, uses_anonymous_args = 0
 735 0000 00B5     		push	{lr}
 736              	.LCFI23:
 737              		.cfi_def_cfa_offset 4
 738              		.cfi_offset 14, -4
 739 0002 8BB0     		sub	sp, sp, #44
 740              	.LCFI24:
 741              		.cfi_def_cfa_offset 48
 131:Src/tim.c     ****   htim2.Init.Prescaler = 9;
 742              		.loc 1 131 0
 743 0004 1B48     		ldr	r0, .L67
 744 0006 4FF08043 		mov	r3, #1073741824
 745 000a 0360     		str	r3, [r0]
 132:Src/tim.c     ****   htim2.Init.CounterMode = TIM_COUNTERMODE_UP;
 746              		.loc 1 132 0
 747 000c 0923     		movs	r3, #9
 748 000e 4360     		str	r3, [r0, #4]
 133:Src/tim.c     ****   htim2.Init.Period = 999;
 749              		.loc 1 133 0
 750 0010 0023     		movs	r3, #0
 751 0012 8360     		str	r3, [r0, #8]
 134:Src/tim.c     ****   htim2.Init.ClockDivision = TIM_CLOCKDIVISION_DIV1;
 752              		.loc 1 134 0
 753 0014 40F2E732 		movw	r2, #999
 754 0018 C260     		str	r2, [r0, #12]
 135:Src/tim.c     ****   if (HAL_TIM_PWM_Init(&htim2) != HAL_OK)
 755              		.loc 1 135 0
 756 001a 0361     		str	r3, [r0, #16]
 136:Src/tim.c     ****   {
 757              		.loc 1 136 0
 758 001c FFF7FEFF 		bl	HAL_TIM_PWM_Init
 759              	.LVL40:
 760 0020 C0B9     		cbnz	r0, .L64
 761              	.L60:
 141:Src/tim.c     ****   sMasterConfig.MasterSlaveMode = TIM_MASTERSLAVEMODE_DISABLE;
 762              		.loc 1 141 0
 763 0022 0023     		movs	r3, #0
 764 0024 0893     		str	r3, [sp, #32]
 142:Src/tim.c     ****   if (HAL_TIMEx_MasterConfigSynchronization(&htim2, &sMasterConfig) != HAL_OK)
 765              		.loc 1 142 0
 766 0026 0993     		str	r3, [sp, #36]
 143:Src/tim.c     ****   {
 767              		.loc 1 143 0
 768 0028 08A9     		add	r1, sp, #32
 769 002a 1248     		ldr	r0, .L67
 770 002c FFF7FEFF 		bl	HAL_TIMEx_MasterConfigSynchronization
 771              	.LVL41:
 772 0030 A8B9     		cbnz	r0, .L65
 773              	.L61:
 148:Src/tim.c     ****   sConfigOC.Pulse = 0;
 774              		.loc 1 148 0
 775 0032 6023     		movs	r3, #96
 776 0034 0193     		str	r3, [sp, #4]
ARM GAS  C:\Users\kotaro\AppData\Local\Temp\cc1cKpXQ.s 			page 22


 149:Src/tim.c     ****   sConfigOC.OCPolarity = TIM_OCPOLARITY_HIGH;
 777              		.loc 1 149 0
 778 0036 0022     		movs	r2, #0
 779 0038 0292     		str	r2, [sp, #8]
 150:Src/tim.c     ****   sConfigOC.OCFastMode = TIM_OCFAST_DISABLE;
 780              		.loc 1 150 0
 781 003a 0392     		str	r2, [sp, #12]
 151:Src/tim.c     ****   if (HAL_TIM_PWM_ConfigChannel(&htim2, &sConfigOC, TIM_CHANNEL_1) != HAL_OK)
 782              		.loc 1 151 0
 783 003c 0592     		str	r2, [sp, #20]
 152:Src/tim.c     ****   {
 784              		.loc 1 152 0
 785 003e 01A9     		add	r1, sp, #4
 786 0040 0C48     		ldr	r0, .L67
 787 0042 FFF7FEFF 		bl	HAL_TIM_PWM_ConfigChannel
 788              	.LVL42:
 789 0046 78B9     		cbnz	r0, .L66
 790              	.L62:
 157:Src/tim.c     **** 
 791              		.loc 1 157 0
 792 0048 0A48     		ldr	r0, .L67
 793 004a FFF7FEFF 		bl	HAL_TIM_MspPostInit
 794              	.LVL43:
 159:Src/tim.c     **** /* TIM3 init function */
 795              		.loc 1 159 0
 796 004e 0BB0     		add	sp, sp, #44
 797              	.LCFI25:
 798              		.cfi_remember_state
 799              		.cfi_def_cfa_offset 4
 800              		@ sp needed
 801 0050 5DF804FB 		ldr	pc, [sp], #4
 802              	.L64:
 803              	.LCFI26:
 804              		.cfi_restore_state
 138:Src/tim.c     ****   }
 805              		.loc 1 138 0
 806 0054 8A21     		movs	r1, #138
 807 0056 0848     		ldr	r0, .L67+4
 808 0058 FFF7FEFF 		bl	_Error_Handler
 809              	.LVL44:
 810 005c E1E7     		b	.L60
 811              	.L65:
 145:Src/tim.c     ****   }
 812              		.loc 1 145 0
 813 005e 9121     		movs	r1, #145
 814 0060 0548     		ldr	r0, .L67+4
 815 0062 FFF7FEFF 		bl	_Error_Handler
 816              	.LVL45:
 817 0066 E4E7     		b	.L61
 818              	.L66:
 154:Src/tim.c     ****   }
 819              		.loc 1 154 0
 820 0068 9A21     		movs	r1, #154
 821 006a 0348     		ldr	r0, .L67+4
 822 006c FFF7FEFF 		bl	_Error_Handler
 823              	.LVL46:
 824 0070 EAE7     		b	.L62
ARM GAS  C:\Users\kotaro\AppData\Local\Temp\cc1cKpXQ.s 			page 23


 825              	.L68:
 826 0072 00BF     		.align	2
 827              	.L67:
 828 0074 00000000 		.word	htim2
 829 0078 00000000 		.word	.LC0
 830              		.cfi_endproc
 831              	.LFE160:
 833              		.section	.text.HAL_TIM_PWM_MspDeInit,"ax",%progbits
 834              		.align	1
 835              		.global	HAL_TIM_PWM_MspDeInit
 836              		.syntax unified
 837              		.thumb
 838              		.thumb_func
 839              		.fpu fpv4-sp-d16
 841              	HAL_TIM_PWM_MspDeInit:
 842              	.LFB166:
 353:Src/tim.c     **** 
 354:Src/tim.c     **** void HAL_TIM_PWM_MspDeInit(TIM_HandleTypeDef* tim_pwmHandle)
 355:Src/tim.c     **** {
 843              		.loc 1 355 0
 844              		.cfi_startproc
 845              		@ args = 0, pretend = 0, frame = 0
 846              		@ frame_needed = 0, uses_anonymous_args = 0
 847              		@ link register save eliminated.
 848              	.LVL47:
 356:Src/tim.c     **** 
 357:Src/tim.c     ****   if(tim_pwmHandle->Instance==TIM1)
 849              		.loc 1 357 0
 850 0000 0368     		ldr	r3, [r0]
 851 0002 0A4A     		ldr	r2, .L74
 852 0004 9342     		cmp	r3, r2
 853 0006 03D0     		beq	.L72
 358:Src/tim.c     ****   {
 359:Src/tim.c     ****   /* USER CODE BEGIN TIM1_MspDeInit 0 */
 360:Src/tim.c     **** 
 361:Src/tim.c     ****   /* USER CODE END TIM1_MspDeInit 0 */
 362:Src/tim.c     ****     /* Peripheral clock disable */
 363:Src/tim.c     ****     __HAL_RCC_TIM1_CLK_DISABLE();
 364:Src/tim.c     ****   /* USER CODE BEGIN TIM1_MspDeInit 1 */
 365:Src/tim.c     **** 
 366:Src/tim.c     ****   /* USER CODE END TIM1_MspDeInit 1 */
 367:Src/tim.c     ****   }
 368:Src/tim.c     ****   else if(tim_pwmHandle->Instance==TIM2)
 854              		.loc 1 368 0
 855 0008 B3F1804F 		cmp	r3, #1073741824
 856 000c 07D0     		beq	.L73
 857              	.L69:
 369:Src/tim.c     ****   {
 370:Src/tim.c     ****   /* USER CODE BEGIN TIM2_MspDeInit 0 */
 371:Src/tim.c     **** 
 372:Src/tim.c     ****   /* USER CODE END TIM2_MspDeInit 0 */
 373:Src/tim.c     ****     /* Peripheral clock disable */
 374:Src/tim.c     ****     __HAL_RCC_TIM2_CLK_DISABLE();
 375:Src/tim.c     ****   /* USER CODE BEGIN TIM2_MspDeInit 1 */
 376:Src/tim.c     **** 
 377:Src/tim.c     ****   /* USER CODE END TIM2_MspDeInit 1 */
 378:Src/tim.c     ****   }
ARM GAS  C:\Users\kotaro\AppData\Local\Temp\cc1cKpXQ.s 			page 24


 379:Src/tim.c     **** }
 858              		.loc 1 379 0
 859 000e 7047     		bx	lr
 860              	.L72:
 363:Src/tim.c     ****   /* USER CODE BEGIN TIM1_MspDeInit 1 */
 861              		.loc 1 363 0
 862 0010 02F59C32 		add	r2, r2, #79872
 863 0014 536C     		ldr	r3, [r2, #68]
 864 0016 23F00103 		bic	r3, r3, #1
 865 001a 5364     		str	r3, [r2, #68]
 866 001c 7047     		bx	lr
 867              	.L73:
 374:Src/tim.c     ****   /* USER CODE BEGIN TIM2_MspDeInit 1 */
 868              		.loc 1 374 0
 869 001e 044A     		ldr	r2, .L74+4
 870 0020 136C     		ldr	r3, [r2, #64]
 871 0022 23F00103 		bic	r3, r3, #1
 872 0026 1364     		str	r3, [r2, #64]
 873              		.loc 1 379 0
 874 0028 F1E7     		b	.L69
 875              	.L75:
 876 002a 00BF     		.align	2
 877              	.L74:
 878 002c 00000140 		.word	1073807360
 879 0030 00380240 		.word	1073887232
 880              		.cfi_endproc
 881              	.LFE166:
 883              		.section	.text.HAL_TIM_Encoder_MspDeInit,"ax",%progbits
 884              		.align	1
 885              		.global	HAL_TIM_Encoder_MspDeInit
 886              		.syntax unified
 887              		.thumb
 888              		.thumb_func
 889              		.fpu fpv4-sp-d16
 891              	HAL_TIM_Encoder_MspDeInit:
 892              	.LFB167:
 380:Src/tim.c     **** 
 381:Src/tim.c     **** void HAL_TIM_Encoder_MspDeInit(TIM_HandleTypeDef* tim_encoderHandle)
 382:Src/tim.c     **** {
 893              		.loc 1 382 0
 894              		.cfi_startproc
 895              		@ args = 0, pretend = 0, frame = 0
 896              		@ frame_needed = 0, uses_anonymous_args = 0
 897              	.LVL48:
 898 0000 08B5     		push	{r3, lr}
 899              	.LCFI27:
 900              		.cfi_def_cfa_offset 8
 901              		.cfi_offset 3, -8
 902              		.cfi_offset 14, -4
 383:Src/tim.c     **** 
 384:Src/tim.c     ****   if(tim_encoderHandle->Instance==TIM3)
 903              		.loc 1 384 0
 904 0002 0368     		ldr	r3, [r0]
 905 0004 0E4A     		ldr	r2, .L82
 906 0006 9342     		cmp	r3, r2
 907 0008 03D0     		beq	.L80
 385:Src/tim.c     ****   {
ARM GAS  C:\Users\kotaro\AppData\Local\Temp\cc1cKpXQ.s 			page 25


 386:Src/tim.c     ****   /* USER CODE BEGIN TIM3_MspDeInit 0 */
 387:Src/tim.c     **** 
 388:Src/tim.c     ****   /* USER CODE END TIM3_MspDeInit 0 */
 389:Src/tim.c     ****     /* Peripheral clock disable */
 390:Src/tim.c     ****     __HAL_RCC_TIM3_CLK_DISABLE();
 391:Src/tim.c     ****   
 392:Src/tim.c     ****     /**TIM3 GPIO Configuration    
 393:Src/tim.c     ****     PA6     ------> TIM3_CH1
 394:Src/tim.c     ****     PA7     ------> TIM3_CH2 
 395:Src/tim.c     ****     */
 396:Src/tim.c     ****     HAL_GPIO_DeInit(GPIOA, GPIO_PIN_6|GPIO_PIN_7);
 397:Src/tim.c     **** 
 398:Src/tim.c     ****   /* USER CODE BEGIN TIM3_MspDeInit 1 */
 399:Src/tim.c     **** 
 400:Src/tim.c     ****   /* USER CODE END TIM3_MspDeInit 1 */
 401:Src/tim.c     ****   }
 402:Src/tim.c     ****   else if(tim_encoderHandle->Instance==TIM4)
 908              		.loc 1 402 0
 909 000a 0E4A     		ldr	r2, .L82+4
 910 000c 9342     		cmp	r3, r2
 911 000e 0BD0     		beq	.L81
 912              	.LVL49:
 913              	.L76:
 403:Src/tim.c     ****   {
 404:Src/tim.c     ****   /* USER CODE BEGIN TIM4_MspDeInit 0 */
 405:Src/tim.c     **** 
 406:Src/tim.c     ****   /* USER CODE END TIM4_MspDeInit 0 */
 407:Src/tim.c     ****     /* Peripheral clock disable */
 408:Src/tim.c     ****     __HAL_RCC_TIM4_CLK_DISABLE();
 409:Src/tim.c     ****   
 410:Src/tim.c     ****     /**TIM4 GPIO Configuration    
 411:Src/tim.c     ****     PB6     ------> TIM4_CH1
 412:Src/tim.c     ****     PB7     ------> TIM4_CH2 
 413:Src/tim.c     ****     */
 414:Src/tim.c     ****     HAL_GPIO_DeInit(GPIOB, GPIO_PIN_6|GPIO_PIN_7);
 415:Src/tim.c     **** 
 416:Src/tim.c     ****   /* USER CODE BEGIN TIM4_MspDeInit 1 */
 417:Src/tim.c     **** 
 418:Src/tim.c     ****   /* USER CODE END TIM4_MspDeInit 1 */
 419:Src/tim.c     ****   }
 420:Src/tim.c     **** } 
 914              		.loc 1 420 0
 915 0010 08BD     		pop	{r3, pc}
 916              	.LVL50:
 917              	.L80:
 390:Src/tim.c     ****   
 918              		.loc 1 390 0
 919 0012 02F50D32 		add	r2, r2, #144384
 920 0016 136C     		ldr	r3, [r2, #64]
 921 0018 23F00203 		bic	r3, r3, #2
 922 001c 1364     		str	r3, [r2, #64]
 396:Src/tim.c     **** 
 923              		.loc 1 396 0
 924 001e C021     		movs	r1, #192
 925 0020 0948     		ldr	r0, .L82+8
 926              	.LVL51:
 927 0022 FFF7FEFF 		bl	HAL_GPIO_DeInit
ARM GAS  C:\Users\kotaro\AppData\Local\Temp\cc1cKpXQ.s 			page 26


 928              	.LVL52:
 929 0026 F3E7     		b	.L76
 930              	.LVL53:
 931              	.L81:
 408:Src/tim.c     ****   
 932              		.loc 1 408 0
 933 0028 02F50C32 		add	r2, r2, #143360
 934 002c 136C     		ldr	r3, [r2, #64]
 935 002e 23F00403 		bic	r3, r3, #4
 936 0032 1364     		str	r3, [r2, #64]
 414:Src/tim.c     **** 
 937              		.loc 1 414 0
 938 0034 C021     		movs	r1, #192
 939 0036 0548     		ldr	r0, .L82+12
 940              	.LVL54:
 941 0038 FFF7FEFF 		bl	HAL_GPIO_DeInit
 942              	.LVL55:
 943              		.loc 1 420 0
 944 003c E8E7     		b	.L76
 945              	.L83:
 946 003e 00BF     		.align	2
 947              	.L82:
 948 0040 00040040 		.word	1073742848
 949 0044 00080040 		.word	1073743872
 950 0048 00000240 		.word	1073872896
 951 004c 00040240 		.word	1073873920
 952              		.cfi_endproc
 953              	.LFE167:
 955              		.section	.text.Buzzer_pwm,"ax",%progbits
 956              		.align	1
 957              		.global	Buzzer_pwm
 958              		.syntax unified
 959              		.thumb
 960              		.thumb_func
 961              		.fpu fpv4-sp-d16
 963              	Buzzer_pwm:
 964              	.LFB168:
 421:Src/tim.c     **** 
 422:Src/tim.c     **** /* USER CODE BEGIN 1 */
 423:Src/tim.c     **** 
 424:Src/tim.c     **** /****************************************************************************************
 425:Src/tim.c     ****  * outline  : out put pwm of buzzer
 426:Src/tim.c     ****  * argument : hz(frequency),vol(volume 0~Period)
 427:Src/tim.c     ****  * return   : void
 428:Src/tim.c     **** ********************************************************************************************/
 429:Src/tim.c     **** void Buzzer_pwm(int hz,int vol)
 430:Src/tim.c     **** {
 965              		.loc 1 430 0
 966              		.cfi_startproc
 967              		@ args = 0, pretend = 0, frame = 0
 968              		@ frame_needed = 0, uses_anonymous_args = 0
 969              	.LVL56:
 970 0000 10B5     		push	{r4, lr}
 971              	.LCFI28:
 972              		.cfi_def_cfa_offset 8
 973              		.cfi_offset 4, -8
 974              		.cfi_offset 14, -4
ARM GAS  C:\Users\kotaro\AppData\Local\Temp\cc1cKpXQ.s 			page 27


 975 0002 0C46     		mov	r4, r1
 431:Src/tim.c     ****   htim2.Instance = TIM2;
 976              		.loc 1 431 0
 977 0004 1A4B     		ldr	r3, .L92
 978 0006 4FF08042 		mov	r2, #1073741824
 979 000a 1A60     		str	r2, [r3]
 432:Src/tim.c     ****   htim2.Init.Prescaler = hz;
 980              		.loc 1 432 0
 981 000c 5860     		str	r0, [r3, #4]
 433:Src/tim.c     ****   htim2.Init.CounterMode = TIM_COUNTERMODE_UP;
 982              		.loc 1 433 0
 983 000e 0022     		movs	r2, #0
 984 0010 9A60     		str	r2, [r3, #8]
 434:Src/tim.c     ****   htim2.Init.Period = 1999;
 985              		.loc 1 434 0
 986 0012 40F2CF71 		movw	r1, #1999
 987              	.LVL57:
 988 0016 D960     		str	r1, [r3, #12]
 435:Src/tim.c     ****   htim2.Init.ClockDivision = TIM_CLOCKDIVISION_DIV1;
 989              		.loc 1 435 0
 990 0018 1A61     		str	r2, [r3, #16]
 436:Src/tim.c     ****   htim2.Init.RepetitionCounter = 0;
 991              		.loc 1 436 0
 992 001a 5A61     		str	r2, [r3, #20]
 437:Src/tim.c     ****   if (HAL_TIM_PWM_Init(&htim2) != HAL_OK)
 993              		.loc 1 437 0
 994 001c 1846     		mov	r0, r3
 995              	.LVL58:
 996 001e FFF7FEFF 		bl	HAL_TIM_PWM_Init
 997              	.LVL59:
 998 0022 98B9     		cbnz	r0, .L89
 999              	.L85:
 438:Src/tim.c     ****   {
 439:Src/tim.c     ****     _Error_Handler(__FILE__, __LINE__);
 440:Src/tim.c     ****   }
 441:Src/tim.c     **** 
 442:Src/tim.c     ****   sConfigOC.OCMode = TIM_OCMODE_PWM1;
 1000              		.loc 1 442 0
 1001 0024 1349     		ldr	r1, .L92+4
 1002 0026 6023     		movs	r3, #96
 1003 0028 0B60     		str	r3, [r1]
 443:Src/tim.c     ****   sConfigOC.Pulse = vol;
 1004              		.loc 1 443 0
 1005 002a 4C60     		str	r4, [r1, #4]
 444:Src/tim.c     ****   sConfigOC.OCPolarity = TIM_OCPOLARITY_HIGH;
 1006              		.loc 1 444 0
 1007 002c 0022     		movs	r2, #0
 1008 002e 8A60     		str	r2, [r1, #8]
 445:Src/tim.c     ****   sConfigOC.OCNPolarity = TIM_OCNPOLARITY_HIGH;
 1009              		.loc 1 445 0
 1010 0030 CA60     		str	r2, [r1, #12]
 446:Src/tim.c     ****   sConfigOC.OCFastMode = TIM_OCFAST_DISABLE;
 1011              		.loc 1 446 0
 1012 0032 0A61     		str	r2, [r1, #16]
 447:Src/tim.c     ****   sConfigOC.OCIdleState = TIM_OCIDLESTATE_RESET;
 1013              		.loc 1 447 0
 1014 0034 4A61     		str	r2, [r1, #20]
ARM GAS  C:\Users\kotaro\AppData\Local\Temp\cc1cKpXQ.s 			page 28


 448:Src/tim.c     ****   sConfigOC.OCNIdleState = TIM_OCNIDLESTATE_RESET;
 1015              		.loc 1 448 0
 1016 0036 8A61     		str	r2, [r1, #24]
 449:Src/tim.c     ****   if (HAL_TIM_PWM_ConfigChannel(&htim2, &sConfigOC, TIM_CHANNEL_1) != HAL_OK)
 1017              		.loc 1 449 0
 1018 0038 0D48     		ldr	r0, .L92
 1019 003a FFF7FEFF 		bl	HAL_TIM_PWM_ConfigChannel
 1020              	.LVL60:
 1021 003e 58B9     		cbnz	r0, .L90
 1022              	.L86:
 450:Src/tim.c     ****   {
 451:Src/tim.c     ****     _Error_Handler(__FILE__, __LINE__);
 452:Src/tim.c     ****   }
 453:Src/tim.c     **** 
 454:Src/tim.c     ****   if(HAL_TIM_PWM_Start(&htim2,TIM_CHANNEL_1)!=HAL_OK){
 1023              		.loc 1 454 0
 1024 0040 0021     		movs	r1, #0
 1025 0042 0B48     		ldr	r0, .L92
 1026 0044 FFF7FEFF 		bl	HAL_TIM_PWM_Start
 1027              	.LVL61:
 1028 0048 60B9     		cbnz	r0, .L91
 1029              	.L84:
 455:Src/tim.c     ****     Error_Handler();
 456:Src/tim.c     ****   }
 457:Src/tim.c     **** }
 1030              		.loc 1 457 0
 1031 004a 10BD     		pop	{r4, pc}
 1032              	.LVL62:
 1033              	.L89:
 439:Src/tim.c     ****   }
 1034              		.loc 1 439 0
 1035 004c 40F2B711 		movw	r1, #439
 1036 0050 0948     		ldr	r0, .L92+8
 1037 0052 FFF7FEFF 		bl	_Error_Handler
 1038              	.LVL63:
 1039 0056 E5E7     		b	.L85
 1040              	.L90:
 451:Src/tim.c     ****   }
 1041              		.loc 1 451 0
 1042 0058 40F2C311 		movw	r1, #451
 1043 005c 0648     		ldr	r0, .L92+8
 1044 005e FFF7FEFF 		bl	_Error_Handler
 1045              	.LVL64:
 1046 0062 EDE7     		b	.L86
 1047              	.L91:
 455:Src/tim.c     ****     Error_Handler();
 1048              		.loc 1 455 0
 1049 0064 40F2C711 		movw	r1, #455
 1050 0068 0348     		ldr	r0, .L92+8
 1051 006a FFF7FEFF 		bl	_Error_Handler
 1052              	.LVL65:
 1053              		.loc 1 457 0
 1054 006e ECE7     		b	.L84
 1055              	.L93:
 1056              		.align	2
 1057              	.L92:
 1058 0070 00000000 		.word	htim2
ARM GAS  C:\Users\kotaro\AppData\Local\Temp\cc1cKpXQ.s 			page 29


 1059 0074 00000000 		.word	sConfigOC
 1060 0078 00000000 		.word	.LC0
 1061              		.cfi_endproc
 1062              	.LFE168:
 1064              		.section	.text.Motor_pwm,"ax",%progbits
 1065              		.align	1
 1066              		.global	Motor_pwm
 1067              		.syntax unified
 1068              		.thumb
 1069              		.thumb_func
 1070              		.fpu fpv4-sp-d16
 1072              	Motor_pwm:
 1073              	.LFB169:
 458:Src/tim.c     **** 
 459:Src/tim.c     **** /****************************************************************************************
 460:Src/tim.c     ****  * outline  : out put pwm of motor
 461:Src/tim.c     ****  * argument : left pwm , reft pwm (-Period~Period,max 800)
 462:Src/tim.c     ****  * return   : void
 463:Src/tim.c     **** ********************************************************************************************/
 464:Src/tim.c     **** void Motor_pwm(int16_t left_pwm,int16_t right_pwm){
 1074              		.loc 1 464 0
 1075              		.cfi_startproc
 1076              		@ args = 0, pretend = 0, frame = 0
 1077              		@ frame_needed = 0, uses_anonymous_args = 0
 1078              	.LVL66:
 1079 0000 38B5     		push	{r3, r4, r5, lr}
 1080              	.LCFI29:
 1081              		.cfi_def_cfa_offset 16
 1082              		.cfi_offset 3, -16
 1083              		.cfi_offset 4, -12
 1084              		.cfi_offset 5, -8
 1085              		.cfi_offset 14, -4
 1086 0002 0C46     		mov	r4, r1
 465:Src/tim.c     ****   sConfigOC.OCMode = TIM_OCMODE_PWM1;
 1087              		.loc 1 465 0
 1088 0004 624B     		ldr	r3, .L126
 1089 0006 6022     		movs	r2, #96
 1090 0008 1A60     		str	r2, [r3]
 466:Src/tim.c     ****   sConfigOC.OCPolarity = TIM_OCPOLARITY_HIGH;
 1091              		.loc 1 466 0
 1092 000a 0022     		movs	r2, #0
 1093 000c 9A60     		str	r2, [r3, #8]
 467:Src/tim.c     ****   sConfigOC.OCNPolarity = TIM_OCNPOLARITY_HIGH;
 1094              		.loc 1 467 0
 1095 000e DA60     		str	r2, [r3, #12]
 468:Src/tim.c     ****   sConfigOC.OCFastMode = TIM_OCFAST_DISABLE;
 1096              		.loc 1 468 0
 1097 0010 1A61     		str	r2, [r3, #16]
 469:Src/tim.c     ****   sConfigOC.OCIdleState = TIM_OCIDLESTATE_RESET;
 1098              		.loc 1 469 0
 1099 0012 5A61     		str	r2, [r3, #20]
 470:Src/tim.c     ****   sConfigOC.OCNIdleState = TIM_OCNIDLESTATE_RESET;
 1100              		.loc 1 470 0
 1101 0014 9A61     		str	r2, [r3, #24]
 471:Src/tim.c     **** 
 472:Src/tim.c     ****   //max and min
 473:Src/tim.c     ****   if(left_pwm > 799){
ARM GAS  C:\Users\kotaro\AppData\Local\Temp\cc1cKpXQ.s 			page 30


 1102              		.loc 1 473 0
 1103 0016 B0F5487F 		cmp	r0, #800
 1104 001a 05DA     		bge	.L109
 1105 001c 0546     		mov	r5, r0
 474:Src/tim.c     ****     left_pwm = 799;
 475:Src/tim.c     ****   }
 476:Src/tim.c     ****   if(left_pwm < -799){
 1106              		.loc 1 476 0
 1107 001e 10F5487F 		cmn	r0, #800
 1108 0022 03DC     		bgt	.L95
 477:Src/tim.c     ****     left_pwm = -799;
 1109              		.loc 1 477 0
 1110 0024 5B4D     		ldr	r5, .L126+4
 1111 0026 01E0     		b	.L95
 1112              	.L109:
 474:Src/tim.c     ****     left_pwm = 799;
 1113              		.loc 1 474 0
 1114 0028 40F21F35 		movw	r5, #799
 1115              	.L95:
 1116              	.LVL67:
 478:Src/tim.c     ****   }
 479:Src/tim.c     **** 
 480:Src/tim.c     ****   if(right_pwm > 799){
 1117              		.loc 1 480 0
 1118 002c B4F5487F 		cmp	r4, #800
 1119 0030 04DA     		bge	.L111
 1120              	.LVL68:
 481:Src/tim.c     ****     right_pwm = 799;
 482:Src/tim.c     ****   }
 483:Src/tim.c     ****   if(right_pwm < -799){
 1121              		.loc 1 483 0
 1122 0032 14F5487F 		cmn	r4, #800
 1123 0036 03DC     		bgt	.L96
 484:Src/tim.c     ****     right_pwm = -799;
 1124              		.loc 1 484 0
 1125 0038 564C     		ldr	r4, .L126+4
 1126              	.LVL69:
 1127 003a 01E0     		b	.L96
 1128              	.LVL70:
 1129              	.L111:
 481:Src/tim.c     ****     right_pwm = 799;
 1130              		.loc 1 481 0
 1131 003c 40F21F34 		movw	r4, #799
 1132              	.LVL71:
 1133              	.L96:
 485:Src/tim.c     ****   }
 486:Src/tim.c     **** 
 487:Src/tim.c     ****   //set left_pwm
 488:Src/tim.c     ****   if(left_pwm < 0){
 1134              		.loc 1 488 0
 1135 0040 002D     		cmp	r5, #0
 1136 0042 3BDB     		blt	.L114
 489:Src/tim.c     ****     sConfigOC.Pulse = -1 * left_pwm;
 490:Src/tim.c     ****     if (HAL_TIM_PWM_ConfigChannel(&htim1, &sConfigOC, TIM_CHANNEL_1) != HAL_OK)
 491:Src/tim.c     ****     {
 492:Src/tim.c     ****       _Error_Handler(__FILE__, __LINE__);
 493:Src/tim.c     ****     }
ARM GAS  C:\Users\kotaro\AppData\Local\Temp\cc1cKpXQ.s 			page 31


 494:Src/tim.c     ****     sConfigOC.Pulse = 0;
 495:Src/tim.c     ****     if (HAL_TIM_PWM_ConfigChannel(&htim1, &sConfigOC, TIM_CHANNEL_2) != HAL_OK)
 496:Src/tim.c     ****     {
 497:Src/tim.c     ****       _Error_Handler(__FILE__, __LINE__);
 498:Src/tim.c     ****     }
 499:Src/tim.c     ****   }
 500:Src/tim.c     ****   else  if(left_pwm >= 0){
 501:Src/tim.c     ****     sConfigOC.Pulse = 0;
 1137              		.loc 1 501 0
 1138 0044 5249     		ldr	r1, .L126
 1139 0046 0022     		movs	r2, #0
 1140 0048 4A60     		str	r2, [r1, #4]
 502:Src/tim.c     ****     if (HAL_TIM_PWM_ConfigChannel(&htim1, &sConfigOC, TIM_CHANNEL_1) != HAL_OK)
 1141              		.loc 1 502 0
 1142 004a 5348     		ldr	r0, .L126+8
 1143 004c FFF7FEFF 		bl	HAL_TIM_PWM_ConfigChannel
 1144              	.LVL72:
 1145 0050 0028     		cmp	r0, #0
 1146 0052 50D1     		bne	.L115
 1147              	.L100:
 503:Src/tim.c     ****     {
 504:Src/tim.c     ****       _Error_Handler(__FILE__, __LINE__);
 505:Src/tim.c     ****     }
 506:Src/tim.c     ****     sConfigOC.Pulse = left_pwm;
 1148              		.loc 1 506 0
 1149 0054 4E49     		ldr	r1, .L126
 1150 0056 4D60     		str	r5, [r1, #4]
 507:Src/tim.c     ****     if (HAL_TIM_PWM_ConfigChannel(&htim1, &sConfigOC, TIM_CHANNEL_2) != HAL_OK)
 1151              		.loc 1 507 0
 1152 0058 0422     		movs	r2, #4
 1153 005a 4F48     		ldr	r0, .L126+8
 1154 005c FFF7FEFF 		bl	HAL_TIM_PWM_ConfigChannel
 1155              	.LVL73:
 1156 0060 0028     		cmp	r0, #0
 1157 0062 4ED1     		bne	.L116
 1158              	.LVL74:
 1159              	.L99:
 508:Src/tim.c     ****     {
 509:Src/tim.c     ****       _Error_Handler(__FILE__, __LINE__);
 510:Src/tim.c     ****     }
 511:Src/tim.c     ****   }
 512:Src/tim.c     **** 
 513:Src/tim.c     ****   //set right_pwm
 514:Src/tim.c     ****   if(right_pwm < 0){
 1160              		.loc 1 514 0
 1161 0064 002C     		cmp	r4, #0
 1162 0066 52DB     		blt	.L117
 515:Src/tim.c     ****     sConfigOC.Pulse = -1 * right_pwm;
 516:Src/tim.c     ****     if (HAL_TIM_PWM_ConfigChannel(&htim1, &sConfigOC, TIM_CHANNEL_4) != HAL_OK)
 517:Src/tim.c     ****     {
 518:Src/tim.c     ****       _Error_Handler(__FILE__, __LINE__);
 519:Src/tim.c     ****     }
 520:Src/tim.c     ****     sConfigOC.Pulse = 0;
 521:Src/tim.c     ****     if (HAL_TIM_PWM_ConfigChannel(&htim1, &sConfigOC, TIM_CHANNEL_3) != HAL_OK)
 522:Src/tim.c     ****     {
 523:Src/tim.c     ****       _Error_Handler(__FILE__, __LINE__);
 524:Src/tim.c     ****     }
ARM GAS  C:\Users\kotaro\AppData\Local\Temp\cc1cKpXQ.s 			page 32


 525:Src/tim.c     ****   }
 526:Src/tim.c     ****   else if(right_pwm >= 0){
 527:Src/tim.c     ****     sConfigOC.Pulse = 0;
 1163              		.loc 1 527 0
 1164 0068 4949     		ldr	r1, .L126
 1165 006a 0023     		movs	r3, #0
 1166 006c 4B60     		str	r3, [r1, #4]
 528:Src/tim.c     ****     if (HAL_TIM_PWM_ConfigChannel(&htim1, &sConfigOC, TIM_CHANNEL_4) != HAL_OK)
 1167              		.loc 1 528 0
 1168 006e 0C22     		movs	r2, #12
 1169 0070 4948     		ldr	r0, .L126+8
 1170 0072 FFF7FEFF 		bl	HAL_TIM_PWM_ConfigChannel
 1171              	.LVL75:
 1172 0076 0028     		cmp	r0, #0
 1173 0078 66D1     		bne	.L118
 1174              	.L104:
 529:Src/tim.c     ****     {
 530:Src/tim.c     ****       _Error_Handler(__FILE__, __LINE__);
 531:Src/tim.c     ****     }
 532:Src/tim.c     ****     sConfigOC.Pulse = right_pwm;
 1175              		.loc 1 532 0
 1176 007a 4549     		ldr	r1, .L126
 1177 007c 4C60     		str	r4, [r1, #4]
 533:Src/tim.c     ****     if (HAL_TIM_PWM_ConfigChannel(&htim1, &sConfigOC, TIM_CHANNEL_3) != HAL_OK)
 1178              		.loc 1 533 0
 1179 007e 0822     		movs	r2, #8
 1180 0080 4548     		ldr	r0, .L126+8
 1181 0082 FFF7FEFF 		bl	HAL_TIM_PWM_ConfigChannel
 1182              	.LVL76:
 1183 0086 0028     		cmp	r0, #0
 1184 0088 64D1     		bne	.L119
 1185              	.LVL77:
 1186              	.L103:
 534:Src/tim.c     ****     {
 535:Src/tim.c     ****       _Error_Handler(__FILE__, __LINE__);
 536:Src/tim.c     ****     }
 537:Src/tim.c     ****   }
 538:Src/tim.c     **** 
 539:Src/tim.c     ****   //start
 540:Src/tim.c     ****   if (HAL_TIM_PWM_Start(&htim1, TIM_CHANNEL_1) != HAL_OK){
 1187              		.loc 1 540 0
 1188 008a 0021     		movs	r1, #0
 1189 008c 4248     		ldr	r0, .L126+8
 1190 008e FFF7FEFF 		bl	HAL_TIM_PWM_Start
 1191              	.LVL78:
 1192 0092 0028     		cmp	r0, #0
 1193 0094 64D1     		bne	.L120
 1194              	.L105:
 541:Src/tim.c     **** 		Error_Handler();
 542:Src/tim.c     **** 	}
 543:Src/tim.c     ****   if (HAL_TIM_PWM_Start(&htim1, TIM_CHANNEL_2) != HAL_OK){
 1195              		.loc 1 543 0
 1196 0096 0421     		movs	r1, #4
 1197 0098 3F48     		ldr	r0, .L126+8
 1198 009a FFF7FEFF 		bl	HAL_TIM_PWM_Start
 1199              	.LVL79:
 1200 009e 0028     		cmp	r0, #0
ARM GAS  C:\Users\kotaro\AppData\Local\Temp\cc1cKpXQ.s 			page 33


 1201 00a0 64D1     		bne	.L121
 1202              	.L106:
 544:Src/tim.c     **** 		Error_Handler();
 545:Src/tim.c     **** 	}
 546:Src/tim.c     ****   if (HAL_TIM_PWM_Start(&htim1, TIM_CHANNEL_3) != HAL_OK){
 1203              		.loc 1 546 0
 1204 00a2 0821     		movs	r1, #8
 1205 00a4 3C48     		ldr	r0, .L126+8
 1206 00a6 FFF7FEFF 		bl	HAL_TIM_PWM_Start
 1207              	.LVL80:
 1208 00aa 0028     		cmp	r0, #0
 1209 00ac 64D1     		bne	.L122
 1210              	.L107:
 547:Src/tim.c     **** 		Error_Handler();
 548:Src/tim.c     **** 	}
 549:Src/tim.c     ****   if (HAL_TIM_PWM_Start(&htim1, TIM_CHANNEL_4) != HAL_OK){
 1211              		.loc 1 549 0
 1212 00ae 0C21     		movs	r1, #12
 1213 00b0 3948     		ldr	r0, .L126+8
 1214 00b2 FFF7FEFF 		bl	HAL_TIM_PWM_Start
 1215              	.LVL81:
 1216 00b6 0028     		cmp	r0, #0
 1217 00b8 64D1     		bne	.L123
 1218              	.L94:
 550:Src/tim.c     **** 		Error_Handler();
 551:Src/tim.c     **** 	}
 552:Src/tim.c     **** }
 1219              		.loc 1 552 0
 1220 00ba 38BD     		pop	{r3, r4, r5, pc}
 1221              	.LVL82:
 1222              	.L114:
 489:Src/tim.c     ****     if (HAL_TIM_PWM_ConfigChannel(&htim1, &sConfigOC, TIM_CHANNEL_1) != HAL_OK)
 1223              		.loc 1 489 0
 1224 00bc 6D42     		negs	r5, r5
 1225              	.LVL83:
 1226 00be 3449     		ldr	r1, .L126
 1227 00c0 4D60     		str	r5, [r1, #4]
 490:Src/tim.c     ****     {
 1228              		.loc 1 490 0
 1229 00c2 0022     		movs	r2, #0
 1230 00c4 3448     		ldr	r0, .L126+8
 1231 00c6 FFF7FEFF 		bl	HAL_TIM_PWM_ConfigChannel
 1232              	.LVL84:
 1233 00ca 70B9     		cbnz	r0, .L124
 1234              	.L98:
 494:Src/tim.c     ****     if (HAL_TIM_PWM_ConfigChannel(&htim1, &sConfigOC, TIM_CHANNEL_2) != HAL_OK)
 1235              		.loc 1 494 0
 1236 00cc 3049     		ldr	r1, .L126
 1237 00ce 0023     		movs	r3, #0
 1238 00d0 4B60     		str	r3, [r1, #4]
 495:Src/tim.c     ****     {
 1239              		.loc 1 495 0
 1240 00d2 0422     		movs	r2, #4
 1241 00d4 3048     		ldr	r0, .L126+8
 1242 00d6 FFF7FEFF 		bl	HAL_TIM_PWM_ConfigChannel
 1243              	.LVL85:
 1244 00da 0028     		cmp	r0, #0
ARM GAS  C:\Users\kotaro\AppData\Local\Temp\cc1cKpXQ.s 			page 34


 1245 00dc C2D0     		beq	.L99
 497:Src/tim.c     ****     }
 1246              		.loc 1 497 0
 1247 00de 40F2F111 		movw	r1, #497
 1248 00e2 2E48     		ldr	r0, .L126+12
 1249 00e4 FFF7FEFF 		bl	_Error_Handler
 1250              	.LVL86:
 1251 00e8 BCE7     		b	.L99
 1252              	.L124:
 492:Src/tim.c     ****     }
 1253              		.loc 1 492 0
 1254 00ea 4FF4F671 		mov	r1, #492
 1255 00ee 2B48     		ldr	r0, .L126+12
 1256 00f0 FFF7FEFF 		bl	_Error_Handler
 1257              	.LVL87:
 1258 00f4 EAE7     		b	.L98
 1259              	.LVL88:
 1260              	.L115:
 504:Src/tim.c     ****     }
 1261              		.loc 1 504 0
 1262 00f6 4FF4FC71 		mov	r1, #504
 1263 00fa 2848     		ldr	r0, .L126+12
 1264 00fc FFF7FEFF 		bl	_Error_Handler
 1265              	.LVL89:
 1266 0100 A8E7     		b	.L100
 1267              	.L116:
 509:Src/tim.c     ****     }
 1268              		.loc 1 509 0
 1269 0102 40F2FD11 		movw	r1, #509
 1270 0106 2548     		ldr	r0, .L126+12
 1271 0108 FFF7FEFF 		bl	_Error_Handler
 1272              	.LVL90:
 1273 010c AAE7     		b	.L99
 1274              	.LVL91:
 1275              	.L117:
 515:Src/tim.c     ****     if (HAL_TIM_PWM_ConfigChannel(&htim1, &sConfigOC, TIM_CHANNEL_4) != HAL_OK)
 1276              		.loc 1 515 0
 1277 010e 6442     		negs	r4, r4
 1278              	.LVL92:
 1279 0110 1F49     		ldr	r1, .L126
 1280 0112 4C60     		str	r4, [r1, #4]
 516:Src/tim.c     ****     {
 1281              		.loc 1 516 0
 1282 0114 0C22     		movs	r2, #12
 1283 0116 2048     		ldr	r0, .L126+8
 1284 0118 FFF7FEFF 		bl	HAL_TIM_PWM_ConfigChannel
 1285              	.LVL93:
 1286 011c 70B9     		cbnz	r0, .L125
 1287              	.L102:
 520:Src/tim.c     ****     if (HAL_TIM_PWM_ConfigChannel(&htim1, &sConfigOC, TIM_CHANNEL_3) != HAL_OK)
 1288              		.loc 1 520 0
 1289 011e 1C49     		ldr	r1, .L126
 1290 0120 0023     		movs	r3, #0
 1291 0122 4B60     		str	r3, [r1, #4]
 521:Src/tim.c     ****     {
 1292              		.loc 1 521 0
 1293 0124 0822     		movs	r2, #8
ARM GAS  C:\Users\kotaro\AppData\Local\Temp\cc1cKpXQ.s 			page 35


 1294 0126 1C48     		ldr	r0, .L126+8
 1295 0128 FFF7FEFF 		bl	HAL_TIM_PWM_ConfigChannel
 1296              	.LVL94:
 1297 012c 0028     		cmp	r0, #0
 1298 012e ACD0     		beq	.L103
 523:Src/tim.c     ****     }
 1299              		.loc 1 523 0
 1300 0130 40F20B21 		movw	r1, #523
 1301 0134 1948     		ldr	r0, .L126+12
 1302 0136 FFF7FEFF 		bl	_Error_Handler
 1303              	.LVL95:
 1304 013a A6E7     		b	.L103
 1305              	.L125:
 518:Src/tim.c     ****     }
 1306              		.loc 1 518 0
 1307 013c 40F20621 		movw	r1, #518
 1308 0140 1648     		ldr	r0, .L126+12
 1309 0142 FFF7FEFF 		bl	_Error_Handler
 1310              	.LVL96:
 1311 0146 EAE7     		b	.L102
 1312              	.LVL97:
 1313              	.L118:
 530:Src/tim.c     ****     }
 1314              		.loc 1 530 0
 1315 0148 40F21221 		movw	r1, #530
 1316 014c 1348     		ldr	r0, .L126+12
 1317 014e FFF7FEFF 		bl	_Error_Handler
 1318              	.LVL98:
 1319 0152 92E7     		b	.L104
 1320              	.L119:
 535:Src/tim.c     ****     }
 1321              		.loc 1 535 0
 1322 0154 40F21721 		movw	r1, #535
 1323 0158 1048     		ldr	r0, .L126+12
 1324 015a FFF7FEFF 		bl	_Error_Handler
 1325              	.LVL99:
 1326 015e 94E7     		b	.L103
 1327              	.LVL100:
 1328              	.L120:
 541:Src/tim.c     **** 	}
 1329              		.loc 1 541 0
 1330 0160 40F21D21 		movw	r1, #541
 1331 0164 0D48     		ldr	r0, .L126+12
 1332 0166 FFF7FEFF 		bl	_Error_Handler
 1333              	.LVL101:
 1334 016a 94E7     		b	.L105
 1335              	.L121:
 544:Src/tim.c     **** 	}
 1336              		.loc 1 544 0
 1337 016c 4FF40871 		mov	r1, #544
 1338 0170 0A48     		ldr	r0, .L126+12
 1339 0172 FFF7FEFF 		bl	_Error_Handler
 1340              	.LVL102:
 1341 0176 94E7     		b	.L106
 1342              	.L122:
 547:Src/tim.c     **** 	}
 1343              		.loc 1 547 0
ARM GAS  C:\Users\kotaro\AppData\Local\Temp\cc1cKpXQ.s 			page 36


 1344 0178 40F22321 		movw	r1, #547
 1345 017c 0748     		ldr	r0, .L126+12
 1346 017e FFF7FEFF 		bl	_Error_Handler
 1347              	.LVL103:
 1348 0182 94E7     		b	.L107
 1349              	.L123:
 550:Src/tim.c     **** 	}
 1350              		.loc 1 550 0
 1351 0184 40F22621 		movw	r1, #550
 1352 0188 0448     		ldr	r0, .L126+12
 1353 018a FFF7FEFF 		bl	_Error_Handler
 1354              	.LVL104:
 1355              		.loc 1 552 0
 1356 018e 94E7     		b	.L94
 1357              	.L127:
 1358              		.align	2
 1359              	.L126:
 1360 0190 00000000 		.word	sConfigOC
 1361 0194 E1FCFFFF 		.word	-799
 1362 0198 00000000 		.word	htim1
 1363 019c 00000000 		.word	.LC0
 1364              		.cfi_endproc
 1365              	.LFE169:
 1367              		.section	.text.update_encoder,"ax",%progbits
 1368              		.align	1
 1369              		.global	update_encoder
 1370              		.syntax unified
 1371              		.thumb
 1372              		.thumb_func
 1373              		.fpu fpv4-sp-d16
 1375              	update_encoder:
 1376              	.LFB170:
 553:Src/tim.c     **** 
 554:Src/tim.c     **** 
 555:Src/tim.c     **** /****************************************************************************************
 556:Src/tim.c     ****  * outline  : update encoder value
 557:Src/tim.c     ****  * argument : void
 558:Src/tim.c     ****  * return   : void
 559:Src/tim.c     **** ********************************************************************************************/
 560:Src/tim.c     **** void update_encoder(void){
 1377              		.loc 1 560 0
 1378              		.cfi_startproc
 1379              		@ args = 0, pretend = 0, frame = 0
 1380              		@ frame_needed = 0, uses_anonymous_args = 0
 1381              		@ link register save eliminated.
 1382 0000 10B4     		push	{r4}
 1383              	.LCFI30:
 1384              		.cfi_def_cfa_offset 4
 1385              		.cfi_offset 4, -4
 561:Src/tim.c     ****   int16_t l_buff = TIM3->CNT;
 1386              		.loc 1 561 0
 1387 0002 354C     		ldr	r4, .L130
 1388 0004 626A     		ldr	r2, [r4, #36]
 1389 0006 12B2     		sxth	r2, r2
 1390              	.LVL105:
 562:Src/tim.c     ****   int16_t r_buff = TIM4->CNT;
 1391              		.loc 1 562 0
ARM GAS  C:\Users\kotaro\AppData\Local\Temp\cc1cKpXQ.s 			page 37


 1392 0008 344B     		ldr	r3, .L130+4
 1393 000a 596A     		ldr	r1, [r3, #36]
 1394 000c 09B2     		sxth	r1, r1
 1395              	.LVL106:
 563:Src/tim.c     ****   //float enc_left_omega = 0.0f;
 564:Src/tim.c     ****   //float enc_right_omega = 0.0f;
 565:Src/tim.c     ****   TIM3->CNT = 0;
 1396              		.loc 1 565 0
 1397 000e 0020     		movs	r0, #0
 1398 0010 6062     		str	r0, [r4, #36]
 566:Src/tim.c     ****   TIM4->CNT = 0;
 1399              		.loc 1 566 0
 1400 0012 5862     		str	r0, [r3, #36]
 567:Src/tim.c     **** 
 568:Src/tim.c     ****   if ( l_buff > 32767 ){
 569:Src/tim.c     ****     enc.left = (int16_t)l_buff;
 570:Src/tim.c     ****   } else {
 571:Src/tim.c     ****     enc.left = l_buff;
 1401              		.loc 1 571 0
 1402 0014 324B     		ldr	r3, .L130+8
 1403 0016 1A60     		str	r2, [r3]
 572:Src/tim.c     ****   }
 573:Src/tim.c     **** 
 574:Src/tim.c     ****   if ( r_buff > 32767 ){
 575:Src/tim.c     ****     enc.right = -1 * (int16_t)r_buff;
 576:Src/tim.c     ****   } else {
 577:Src/tim.c     ****     enc.right = -1 * r_buff;
 1404              		.loc 1 577 0
 1405 0018 4942     		negs	r1, r1
 1406              	.LVL107:
 1407 001a 5960     		str	r1, [r3, #4]
 578:Src/tim.c     ****   }
 579:Src/tim.c     ****   
 580:Src/tim.c     ****   enc.velocity_l = (float)enc.left / ENC_CUL_ROT /GEAR_RATE* 2 * PI * TIRE_RADIUS / dt;
 1408              		.loc 1 580 0
 1409 001c 07EE902A 		vmov	s15, r2	@ int
 1410 0020 F8EEE75A 		vcvt.f32.s32	s11, s15
 1411 0024 9FED2F5A 		vldr.32	s10, .L130+12
 1412 0028 65EE855A 		vmul.f32	s11, s11, s10
 1413 002c B1EE053A 		vmov.f32	s6, #5.25e+0
 1414 0030 C5EE836A 		vdiv.f32	s13, s11, s6
 1415 0034 76EEA66A 		vadd.f32	s13, s13, s13
 1416 0038 DFED2B3A 		vldr.32	s7, .L130+16
 1417 003c 66EEA36A 		vmul.f32	s13, s13, s7
 1418 0040 9FED2A4A 		vldr.32	s8, .L130+20
 1419 0044 66EE846A 		vmul.f32	s13, s13, s8
 1420 0048 DFED294A 		vldr.32	s9, .L130+24
 1421 004c C6EEA47A 		vdiv.f32	s15, s13, s9
 1422 0050 C3ED047A 		vstr.32	s15, [r3, #16]
 581:Src/tim.c     ****   enc.velocity_r = (float)enc.right / ENC_CUL_ROT /GEAR_RATE * 2 * PI * TIRE_RADIUS / dt;
 1423              		.loc 1 581 0
 1424 0054 07EE901A 		vmov	s15, r1	@ int
 1425 0058 B8EEE76A 		vcvt.f32.s32	s12, s15
 1426 005c 26EE056A 		vmul.f32	s12, s12, s10
 1427 0060 86EE037A 		vdiv.f32	s14, s12, s6
 1428 0064 37EE077A 		vadd.f32	s14, s14, s14
 1429 0068 27EE237A 		vmul.f32	s14, s14, s7
ARM GAS  C:\Users\kotaro\AppData\Local\Temp\cc1cKpXQ.s 			page 38


 1430 006c 27EE047A 		vmul.f32	s14, s14, s8
 1431 0070 C7EE247A 		vdiv.f32	s15, s14, s9
 1432 0074 C3ED057A 		vstr.32	s15, [r3, #20]
 582:Src/tim.c     ****   enc.velocity_c = (float)(enc.left + enc.right) / ENC_CUL_ROT / GEAR_RATE * PI * TIRE_RADIUS / dt;
 1433              		.loc 1 582 0
 1434 0078 0A44     		add	r2, r2, r1
 1435              	.LVL108:
 1436 007a 07EE902A 		vmov	s15, r2	@ int
 1437 007e F8EEE77A 		vcvt.f32.s32	s15, s15
 1438 0082 67EE857A 		vmul.f32	s15, s15, s10
 1439 0086 87EE835A 		vdiv.f32	s10, s15, s6
 1440 008a 65EE237A 		vmul.f32	s15, s10, s7
 1441 008e 67EE847A 		vmul.f32	s15, s15, s8
 1442 0092 87EEA45A 		vdiv.f32	s10, s15, s9
 1443 0096 83ED065A 		vstr.32	s10, [r3, #24]
 583:Src/tim.c     ****   enc.distance_l += (float)enc.left / ENC_CUL_ROT /GEAR_RATE * 2 * PI * TIRE_RADIUS;
 1444              		.loc 1 583 0
 1445 009a D3ED077A 		vldr.32	s15, [r3, #28]
 1446 009e 77EEA66A 		vadd.f32	s13, s15, s13
 1447 00a2 C3ED076A 		vstr.32	s13, [r3, #28]
 584:Src/tim.c     ****   enc.distance_r += (float)enc.right / ENC_CUL_ROT /GEAR_RATE * 2 * PI * TIRE_RADIUS;
 1448              		.loc 1 584 0
 1449 00a6 D3ED087A 		vldr.32	s15, [r3, #32]
 1450 00aa 37EE877A 		vadd.f32	s14, s15, s14
 1451 00ae 83ED087A 		vstr.32	s14, [r3, #32]
 585:Src/tim.c     ****   enc.rpm_l = (float)enc.left / ENC_CUL_ROT * 1000.0f * 60.0f; 
 1452              		.loc 1 585 0
 1453 00b2 9FED107A 		vldr.32	s14, .L130+28
 1454 00b6 65EE875A 		vmul.f32	s11, s11, s14
 1455 00ba DFED0F7A 		vldr.32	s15, .L130+32
 1456 00be 65EEA75A 		vmul.f32	s11, s11, s15
 1457 00c2 C3ED025A 		vstr.32	s11, [r3, #8]
 586:Src/tim.c     ****   enc.rpm_r = (float)enc.right / ENC_CUL_ROT * 1000.0f * 60.0f; 
 1458              		.loc 1 586 0
 1459 00c6 26EE076A 		vmul.f32	s12, s12, s14
 1460 00ca 26EE276A 		vmul.f32	s12, s12, s15
 1461 00ce 83ED036A 		vstr.32	s12, [r3, #12]
 587:Src/tim.c     ****   
 588:Src/tim.c     **** }
 1462              		.loc 1 588 0
 1463 00d2 5DF8044B 		ldr	r4, [sp], #4
 1464              	.LCFI31:
 1465              		.cfi_restore 4
 1466              		.cfi_def_cfa_offset 0
 1467 00d6 7047     		bx	lr
 1468              	.L131:
 1469              		.align	2
 1470              	.L130:
 1471 00d8 00040040 		.word	1073742848
 1472 00dc 00080040 		.word	1073743872
 1473 00e0 00000000 		.word	enc
 1474 00e4 0000803A 		.word	981467136
 1475 00e8 DB0F4940 		.word	1078530011
 1476 00ec CDCC4441 		.word	1095027917
 1477 00f0 6F12833A 		.word	981668463
 1478 00f4 00007A44 		.word	1148846080
 1479 00f8 00007042 		.word	1114636288
ARM GAS  C:\Users\kotaro\AppData\Local\Temp\cc1cKpXQ.s 			page 39


 1480              		.cfi_endproc
 1481              	.LFE170:
 1483              		.comm	htim4,60,4
 1484              		.comm	htim3,60,4
 1485              		.comm	htim2,60,4
 1486              		.comm	htim1,60,4
 1487              		.comm	sConfigOC,28,4
 1488              		.comm	sMasterConfig,8,4
 1489              		.section	.rodata.MX_TIM3_Init.str1.4,"aMS",%progbits,1
 1490              		.align	2
 1491              	.LC0:
 1492 0000 5372632F 		.ascii	"Src/tim.c\000"
 1492      74696D2E 
 1492      6300
 1493              		.text
 1494              	.Letext0:
 1495              		.file 2 "c:\\program files (x86)\\gnu tools arm embedded\\7 2017-q4-major\\arm-none-eabi\\include\
 1496              		.file 3 "c:\\program files (x86)\\gnu tools arm embedded\\7 2017-q4-major\\arm-none-eabi\\include\
 1497              		.file 4 "Drivers/CMSIS/Include/core_cm4.h"
 1498              		.file 5 "Drivers/CMSIS/Device/ST/STM32F4xx/Include/system_stm32f4xx.h"
 1499              		.file 6 "Drivers/CMSIS/Device/ST/STM32F4xx/Include/stm32f405xx.h"
 1500              		.file 7 "c:\\program files (x86)\\gnu tools arm embedded\\7 2017-q4-major\\arm-none-eabi\\include\
 1501              		.file 8 "c:\\program files (x86)\\gnu tools arm embedded\\7 2017-q4-major\\arm-none-eabi\\include\
 1502              		.file 9 "c:\\program files (x86)\\gnu tools arm embedded\\7 2017-q4-major\\lib\\gcc\\arm-none-eabi
 1503              		.file 10 "c:\\program files (x86)\\gnu tools arm embedded\\7 2017-q4-major\\arm-none-eabi\\include
 1504              		.file 11 "Drivers/STM32F4xx_HAL_Driver/Inc/stm32f4xx_hal_def.h"
 1505              		.file 12 "Drivers/STM32F4xx_HAL_Driver/Inc/stm32f4xx_hal_gpio.h"
 1506              		.file 13 "Drivers/STM32F4xx_HAL_Driver/Inc/stm32f4xx_hal_dma.h"
 1507              		.file 14 "Drivers/STM32F4xx_HAL_Driver/Inc/stm32f4xx_hal_tim.h"
 1508              		.file 15 "Drivers/STM32F4xx_HAL_Driver/Inc/stm32f4xx_hal_tim_ex.h"
 1509              		.file 16 "Inc/tim.h"
 1510              		.file 17 "Inc/global.h"
 1511              		.file 18 "c:\\program files (x86)\\gnu tools arm embedded\\7 2017-q4-major\\arm-none-eabi\\include
ARM GAS  C:\Users\kotaro\AppData\Local\Temp\cc1cKpXQ.s 			page 40


DEFINED SYMBOLS
                            *ABS*:00000000 tim.c
C:\Users\kotaro\AppData\Local\Temp\cc1cKpXQ.s:18     .text.MX_TIM3_Init:00000000 $t
C:\Users\kotaro\AppData\Local\Temp\cc1cKpXQ.s:25     .text.MX_TIM3_Init:00000000 MX_TIM3_Init
C:\Users\kotaro\AppData\Local\Temp\cc1cKpXQ.s:117    .text.MX_TIM3_Init:00000060 $d
                            *COM*:0000003c htim3
C:\Users\kotaro\AppData\Local\Temp\cc1cKpXQ.s:124    .text.MX_TIM4_Init:00000000 $t
C:\Users\kotaro\AppData\Local\Temp\cc1cKpXQ.s:131    .text.MX_TIM4_Init:00000000 MX_TIM4_Init
C:\Users\kotaro\AppData\Local\Temp\cc1cKpXQ.s:222    .text.MX_TIM4_Init:00000060 $d
                            *COM*:0000003c htim4
C:\Users\kotaro\AppData\Local\Temp\cc1cKpXQ.s:229    .text.HAL_TIM_PWM_MspInit:00000000 $t
C:\Users\kotaro\AppData\Local\Temp\cc1cKpXQ.s:236    .text.HAL_TIM_PWM_MspInit:00000000 HAL_TIM_PWM_MspInit
C:\Users\kotaro\AppData\Local\Temp\cc1cKpXQ.s:299    .text.HAL_TIM_PWM_MspInit:00000048 $d
C:\Users\kotaro\AppData\Local\Temp\cc1cKpXQ.s:305    .text.HAL_TIM_Encoder_MspInit:00000000 $t
C:\Users\kotaro\AppData\Local\Temp\cc1cKpXQ.s:312    .text.HAL_TIM_Encoder_MspInit:00000000 HAL_TIM_Encoder_MspInit
C:\Users\kotaro\AppData\Local\Temp\cc1cKpXQ.s:418    .text.HAL_TIM_Encoder_MspInit:0000007c $d
C:\Users\kotaro\AppData\Local\Temp\cc1cKpXQ.s:426    .text.HAL_TIM_MspPostInit:00000000 $t
C:\Users\kotaro\AppData\Local\Temp\cc1cKpXQ.s:433    .text.HAL_TIM_MspPostInit:00000000 HAL_TIM_MspPostInit
C:\Users\kotaro\AppData\Local\Temp\cc1cKpXQ.s:516    .text.HAL_TIM_MspPostInit:00000054 $d
C:\Users\kotaro\AppData\Local\Temp\cc1cKpXQ.s:522    .text.MX_TIM1_Init:00000000 $t
C:\Users\kotaro\AppData\Local\Temp\cc1cKpXQ.s:529    .text.MX_TIM1_Init:00000000 MX_TIM1_Init
C:\Users\kotaro\AppData\Local\Temp\cc1cKpXQ.s:715    .text.MX_TIM1_Init:000000ec $d
                            *COM*:0000003c htim1
C:\Users\kotaro\AppData\Local\Temp\cc1cKpXQ.s:722    .text.MX_TIM2_Init:00000000 $t
C:\Users\kotaro\AppData\Local\Temp\cc1cKpXQ.s:729    .text.MX_TIM2_Init:00000000 MX_TIM2_Init
C:\Users\kotaro\AppData\Local\Temp\cc1cKpXQ.s:828    .text.MX_TIM2_Init:00000074 $d
                            *COM*:0000003c htim2
C:\Users\kotaro\AppData\Local\Temp\cc1cKpXQ.s:834    .text.HAL_TIM_PWM_MspDeInit:00000000 $t
C:\Users\kotaro\AppData\Local\Temp\cc1cKpXQ.s:841    .text.HAL_TIM_PWM_MspDeInit:00000000 HAL_TIM_PWM_MspDeInit
C:\Users\kotaro\AppData\Local\Temp\cc1cKpXQ.s:878    .text.HAL_TIM_PWM_MspDeInit:0000002c $d
C:\Users\kotaro\AppData\Local\Temp\cc1cKpXQ.s:884    .text.HAL_TIM_Encoder_MspDeInit:00000000 $t
C:\Users\kotaro\AppData\Local\Temp\cc1cKpXQ.s:891    .text.HAL_TIM_Encoder_MspDeInit:00000000 HAL_TIM_Encoder_MspDeInit
C:\Users\kotaro\AppData\Local\Temp\cc1cKpXQ.s:948    .text.HAL_TIM_Encoder_MspDeInit:00000040 $d
C:\Users\kotaro\AppData\Local\Temp\cc1cKpXQ.s:956    .text.Buzzer_pwm:00000000 $t
C:\Users\kotaro\AppData\Local\Temp\cc1cKpXQ.s:963    .text.Buzzer_pwm:00000000 Buzzer_pwm
C:\Users\kotaro\AppData\Local\Temp\cc1cKpXQ.s:1058   .text.Buzzer_pwm:00000070 $d
                            *COM*:0000001c sConfigOC
C:\Users\kotaro\AppData\Local\Temp\cc1cKpXQ.s:1065   .text.Motor_pwm:00000000 $t
C:\Users\kotaro\AppData\Local\Temp\cc1cKpXQ.s:1072   .text.Motor_pwm:00000000 Motor_pwm
C:\Users\kotaro\AppData\Local\Temp\cc1cKpXQ.s:1360   .text.Motor_pwm:00000190 $d
C:\Users\kotaro\AppData\Local\Temp\cc1cKpXQ.s:1368   .text.update_encoder:00000000 $t
C:\Users\kotaro\AppData\Local\Temp\cc1cKpXQ.s:1375   .text.update_encoder:00000000 update_encoder
C:\Users\kotaro\AppData\Local\Temp\cc1cKpXQ.s:1471   .text.update_encoder:000000d8 $d
                            *COM*:00000008 sMasterConfig
C:\Users\kotaro\AppData\Local\Temp\cc1cKpXQ.s:1490   .rodata.MX_TIM3_Init.str1.4:00000000 $d

UNDEFINED SYMBOLS
HAL_TIM_Encoder_Init
HAL_TIMEx_MasterConfigSynchronization
_Error_Handler
HAL_GPIO_Init
HAL_TIM_PWM_Init
HAL_TIM_PWM_ConfigChannel
HAL_TIMEx_ConfigBreakDeadTime
HAL_GPIO_DeInit
HAL_TIM_PWM_Start
enc
ARM GAS  C:\Users\kotaro\AppData\Local\Temp\cc1cKpXQ.s 			page 41


